>>>>>>>>>>>>>>>>>>>>>>>>>>>>>>>>>>>>>>>>>>>>>>>>>>>>>>>>>>>>>>>>>>>>>>>>>>>>>>
>>>> Toolkit for HEP Event Generation - ThePEG 02e817c0868e (default) <<<<<<<<
>>>> Tue Feb 16 14:41:13 2021                                             <<<<
<<<<<<<<<<<<<<<<<<<<<<<<<<<<<<<<<<<<<<<<<<<<<<<<<<<<<<<<<<<<<<<<<<<<<<<<<<<<<<

>> Herwig d97e658e076a (default) / ThePEG 02e817c0868e (default)

/Herwig/Cuts/Cuts:
MHat  = 22.36 .. 1000 GeV
Scale = 0 .. 1e+12 GeV2
YHat  = -100 .. 100
X1    = 0 .. 1
X2    = 0 .. 1

******************************************************************************
Event number 1 (id: EE) performed by EventHandler
Weight: 1
==============================================================================

--- Colliding particles:
  1        e-      11  (3)   
                                 0.000     0.000   500.000   500.000     0.001
  2        e+     -11  (3)   
                                 0.000     0.000  -500.000   500.000     0.001
------------------------------------------------------------------------------
Primary sub-process performed by MEee2gZ2qq
--- incoming:
  1        e-      11  (3)   
                                 0.000     0.000   500.000   500.000     0.001
  2        e+     -11  (3)   
                                 0.000     0.000  -500.000   500.000     0.001
--- intermediates:
  3     gamma      22 [1,2] (4,5)   
                                 0.000     0.000     0.000  1000.000  1000.000
--- outgoing:
  4         b       5 [3] (7)  >5 {+1}
                              -326.435   -70.435   372.104   500.000     4.200
  5      bbar      -5 [3] (6)  4> {-1}
                               326.435    70.435  -372.104   500.000     4.200
------------------------------------------------------------------------------
Step 1
--- intermediates:
  1        e-      11  (3)   
                                 0.000     0.000   500.000   500.000     0.001
  2        e+     -11  (3)   
                                 0.000     0.000  -500.000   500.000     0.001
  3     gamma      22 [1,2] (4,5)   
                                 0.000     0.000     0.000  1000.000  1000.000
--- final:
  4         b       5 [3] (7)  >5 {+1}
                              -326.435   -70.435   372.104   500.000     4.200
  5      bbar      -5 [3] (6)  4> {-1}
                               326.435    70.435  -372.104   500.000     4.200
------------------------------------------------------------------------------
     Sum of momenta:                 0         0         0     1e+03     1e+03
------------------------------------------------------------------------------
Step 2 performed by ShowerHandler
--- final:
  6      bbar      -5 [5]   7> {-1}
                               326.430    70.434  -372.098   500.000     5.000
  7         b       5 [4]   >6 {+1}
                              -326.430   -70.434   372.098   500.000     5.000
------------------------------------------------------------------------------
     Sum of momenta:                 0         0         0     1e+03     1e+03
******************************************************************************
Event number 2 (id: EE) performed by EventHandler
Weight: 1
==============================================================================

--- Colliding particles:
  1        e-      11  (3)   
                                 0.000     0.000   500.000   500.000     0.001
  2        e+     -11  (3)   
                                 0.000     0.000  -500.000   500.000     0.001
------------------------------------------------------------------------------
Primary sub-process performed by MEee2gZ2qq
--- incoming:
  1        e-      11  (3)   
                                 0.000     0.000   500.000   500.000     0.001
  2        e+     -11  (3)   
                                 0.000     0.000  -500.000   500.000     0.001
--- intermediates:
  3        Z0      23 [1,2] (4,5)   
                                 0.000     0.000     0.000  1000.000  1000.000
--- outgoing:
  4         b       5 [3] (7)  >5 {+1}
                              -389.963   -37.468   310.657   500.000     4.200
  5      bbar      -5 [3] (6)  4> {-1}
                               389.963    37.468  -310.657   500.000     4.200
------------------------------------------------------------------------------
Step 1
--- intermediates:
  1        e-      11  (3)   
                                 0.000     0.000   500.000   500.000     0.001
  2        e+     -11  (3)   
                                 0.000     0.000  -500.000   500.000     0.001
  3        Z0      23 [1,2] (4,5)   
                                 0.000     0.000     0.000  1000.000  1000.000
--- final:
  4         b       5 [3] (7)  >5 {+1}
                              -389.963   -37.468   310.657   500.000     4.200
  5      bbar      -5 [3] (6)  4> {-1}
                               389.963    37.468  -310.657   500.000     4.200
------------------------------------------------------------------------------
     Sum of momenta:                 0         0         0     1e+03     1e+03
------------------------------------------------------------------------------
Step 2 performed by ShowerHandler
--- final:
  6      bbar      -5 [5]   7> {-1}
                               389.957    37.468  -310.652   500.000     5.000
  7         b       5 [4]   >6 {+1}
                              -389.957   -37.468   310.652   500.000     5.000
------------------------------------------------------------------------------
     Sum of momenta:                 0         0         0     1e+03     1e+03
******************************************************************************
Event number 3 (id: EE) performed by EventHandler
Weight: 1
==============================================================================

--- Colliding particles:
  1        e-      11  (3)   
                                 0.000     0.000   500.000   500.000     0.001
  2        e+     -11  (3)   
                                 0.000     0.000  -500.000   500.000     0.001
------------------------------------------------------------------------------
Primary sub-process performed by MEee2gZ2qq
--- incoming:
  1        e-      11  (3)   
                                 0.000     0.000   500.000   500.000     0.001
  2        e+     -11  (3)   
                                 0.000     0.000  -500.000   500.000     0.001
--- intermediates:
  3     gamma      22 [1,2] (4,5)   
                                 0.000     0.000     0.000  1000.000  1000.000
--- outgoing:
  4         b       5 [3] (7)  >5 {+1}
                               430.591   213.515   137.785   500.000     4.200
  5      bbar      -5 [3] (6)  4> {-1}
                              -430.591  -213.515  -137.785   500.000     4.200
------------------------------------------------------------------------------
Step 1
--- intermediates:
  1        e-      11  (3)   
                                 0.000     0.000   500.000   500.000     0.001
  2        e+     -11  (3)   
                                 0.000     0.000  -500.000   500.000     0.001
  3     gamma      22 [1,2] (4,5)   
                                 0.000     0.000     0.000  1000.000  1000.000
--- final:
  4         b       5 [3] (7)  >5 {+1}
                               430.591   213.515   137.785   500.000     4.200
  5      bbar      -5 [3] (6)  4> {-1}
                              -430.591  -213.515  -137.785   500.000     4.200
------------------------------------------------------------------------------
     Sum of momenta:                 0         0         0     1e+03     1e+03
------------------------------------------------------------------------------
Step 2 performed by ShowerHandler
--- final:
  6      bbar      -5 [5]   7> {-1}
                              -430.585  -213.512  -137.783   500.000     5.000
  7         b       5 [4]   >6 {+1}
                               430.585   213.512   137.783   500.000     5.000
------------------------------------------------------------------------------
     Sum of momenta:                 0         0         0     1e+03     1e+03
******************************************************************************
Event number 4 (id: EE) performed by EventHandler
Weight: 1
==============================================================================

--- Colliding particles:
  1        e-      11  (3)   
                                 0.000     0.000   500.000   500.000     0.001
  2        e+     -11  (3)   
                                 0.000     0.000  -500.000   500.000     0.001
------------------------------------------------------------------------------
Primary sub-process performed by MEee2gZ2qq
--- incoming:
  1        e-      11  (3)   
                                 0.000     0.000   500.000   500.000     0.001
  2        e+     -11  (3)   
                                 0.000     0.000  -500.000   500.000     0.001
--- intermediates:
  3        Z0      23 [1,2] (4,5)   
                                 0.000     0.000     0.000  1000.000  1000.000
--- outgoing:
  4         b       5 [3] (7)  >5 {+1}
                              -132.362  -474.537    85.309   500.000     4.200
  5      bbar      -5 [3] (6)  4> {-1}
                               132.362   474.537   -85.309   500.000     4.200
------------------------------------------------------------------------------
Step 1
--- intermediates:
  1        e-      11  (3)   
                                 0.000     0.000   500.000   500.000     0.001
  2        e+     -11  (3)   
                                 0.000     0.000  -500.000   500.000     0.001
  3        Z0      23 [1,2] (4,5)   
                                 0.000     0.000     0.000  1000.000  1000.000
--- final:
  4         b       5 [3] (7)  >5 {+1}
                              -132.362  -474.537    85.309   500.000     4.200
  5      bbar      -5 [3] (6)  4> {-1}
                               132.362   474.537   -85.309   500.000     4.200
------------------------------------------------------------------------------
     Sum of momenta:                 0         0         0     1e+03     1e+03
------------------------------------------------------------------------------
Step 2 performed by ShowerHandler
--- final:
  6      bbar      -5 [5]   7> {-1}
                               132.360   474.530   -85.308   500.000     5.000
  7         b       5 [4]   >6 {+1}
                              -132.360  -474.530    85.308   500.000     5.000
------------------------------------------------------------------------------
     Sum of momenta:                 0         0         0     1e+03     1e+03
******************************************************************************
Event number 5 (id: EE) performed by EventHandler
Weight: 1
==============================================================================

--- Colliding particles:
  1        e-      11  (3)   
                                 0.000     0.000   500.000   500.000     0.001
  2        e+     -11  (3)   
                                 0.000     0.000  -500.000   500.000     0.001
------------------------------------------------------------------------------
Primary sub-process performed by MEee2gZ2qq
--- incoming:
  1        e-      11  (3)   
                                 0.000     0.000   500.000   500.000     0.001
  2        e+     -11  (3)   
                                 0.000     0.000  -500.000   500.000     0.001
--- intermediates:
  3        Z0      23 [1,2] (4,5)   
                                 0.000     0.000     0.000  1000.000  1000.000
--- outgoing:
  4         b       5 [3] (7)  >5 {+1}
                                59.568  -327.384   373.167   500.000     4.200
  5      bbar      -5 [3] (6)  4> {-1}
                               -59.568   327.384  -373.167   500.000     4.200
------------------------------------------------------------------------------
Step 1
--- intermediates:
  1        e-      11  (3)   
                                 0.000     0.000   500.000   500.000     0.001
  2        e+     -11  (3)   
                                 0.000     0.000  -500.000   500.000     0.001
  3        Z0      23 [1,2] (4,5)   
                                 0.000     0.000     0.000  1000.000  1000.000
--- final:
  4         b       5 [3] (7)  >5 {+1}
                                59.568  -327.384   373.167   500.000     4.200
  5      bbar      -5 [3] (6)  4> {-1}
                               -59.568   327.384  -373.167   500.000     4.200
------------------------------------------------------------------------------
     Sum of momenta:                 0         0         0     1e+03     1e+03
------------------------------------------------------------------------------
Step 2 performed by ShowerHandler
--- final:
  6      bbar      -5 [5]   7> {-1}
                               -59.568   327.379  -373.162   500.000     5.000
  7         b       5 [4]   >6 {+1}
                                59.568  -327.379   373.162   500.000     5.000
------------------------------------------------------------------------------
     Sum of momenta:                 0         0         0     1e+03     1e+03
******************************************************************************
Event number 6 (id: EE) performed by EventHandler
Weight: 1
==============================================================================

--- Colliding particles:
  1        e-      11  (3)   
                                 0.000     0.000   500.000   500.000     0.001
  2        e+     -11  (3)   
                                 0.000     0.000  -500.000   500.000     0.001
------------------------------------------------------------------------------
Primary sub-process performed by MEee2gZ2qq
--- incoming:
  1        e-      11  (3)   
                                 0.000     0.000   500.000   500.000     0.001
  2        e+     -11  (3)   
                                 0.000     0.000  -500.000   500.000     0.001
--- intermediates:
  3        Z0      23 [1,2] (4,5)   
                                 0.000     0.000     0.000  1000.000  1000.000
--- outgoing:
  4         b       5 [3] (7)  >5 {+1}
                              -288.280  -233.137   335.446   500.000     4.200
  5      bbar      -5 [3] (6)  4> {-1}
                               288.280   233.137  -335.446   500.000     4.200
------------------------------------------------------------------------------
Step 1
--- intermediates:
  1        e-      11  (3)   
                                 0.000     0.000   500.000   500.000     0.001
  2        e+     -11  (3)   
                                 0.000     0.000  -500.000   500.000     0.001
  3        Z0      23 [1,2] (4,5)   
                                 0.000     0.000     0.000  1000.000  1000.000
--- final:
  4         b       5 [3] (7)  >5 {+1}
                              -288.280  -233.137   335.446   500.000     4.200
  5      bbar      -5 [3] (6)  4> {-1}
                               288.280   233.137  -335.446   500.000     4.200
------------------------------------------------------------------------------
     Sum of momenta:                 0         0         0     1e+03     1e+03
------------------------------------------------------------------------------
Step 2 performed by ShowerHandler
--- final:
  6      bbar      -5 [5]   7> {-1}
                               288.276   233.134  -335.441   500.000     5.000
  7         b       5 [4]   >6 {+1}
                              -288.276  -233.134   335.441   500.000     5.000
------------------------------------------------------------------------------
     Sum of momenta:                 0         0         0     1e+03     1e+03
******************************************************************************
Event number 7 (id: EE) performed by EventHandler
Weight: 1
==============================================================================

--- Colliding particles:
  1        e-      11  (3)   
                                 0.000     0.000   500.000   500.000     0.001
  2        e+     -11  (3)   
                                 0.000     0.000  -500.000   500.000     0.001
------------------------------------------------------------------------------
Primary sub-process performed by MEee2gZ2qq
--- incoming:
  1        e-      11  (3)   
                                 0.000     0.000   500.000   500.000     0.001
  2        e+     -11  (3)   
                                 0.000     0.000  -500.000   500.000     0.001
--- intermediates:
  3        Z0      23 [1,2] (4,5)   
                                 0.000     0.000     0.000  1000.000  1000.000
--- outgoing:
  4         b       5 [3] (7)  >5 {+1}
                               389.295   -11.110   313.542   500.000     4.200
  5      bbar      -5 [3] (6)  4> {-1}
                              -389.295    11.110  -313.542   500.000     4.200
------------------------------------------------------------------------------
Step 1
--- intermediates:
  1        e-      11  (3)   
                                 0.000     0.000   500.000   500.000     0.001
  2        e+     -11  (3)   
                                 0.000     0.000  -500.000   500.000     0.001
  3        Z0      23 [1,2] (4,5)   
                                 0.000     0.000     0.000  1000.000  1000.000
--- final:
  4         b       5 [3] (7)  >5 {+1}
                               389.295   -11.110   313.542   500.000     4.200
  5      bbar      -5 [3] (6)  4> {-1}
                              -389.295    11.110  -313.542   500.000     4.200
------------------------------------------------------------------------------
     Sum of momenta:                 0         0         0     1e+03     1e+03
------------------------------------------------------------------------------
Step 2 performed by ShowerHandler
--- final:
  6      bbar      -5 [5]   7> {-1}
                              -389.289    11.110  -313.537   500.000     5.000
  7         b       5 [4]   >6 {+1}
                               389.289   -11.110   313.537   500.000     5.000
------------------------------------------------------------------------------
     Sum of momenta:                 0         0         0     1e+03     1e+03
******************************************************************************
Event number 8 (id: EE) performed by EventHandler
Weight: 1
==============================================================================

--- Colliding particles:
  1        e-      11  (3)   
                                 0.000     0.000   500.000   500.000     0.001
  2        e+     -11  (3)   
                                 0.000     0.000  -500.000   500.000     0.001
------------------------------------------------------------------------------
Primary sub-process performed by MEee2gZ2qq
--- incoming:
  1        e-      11  (3)   
                                 0.000     0.000   500.000   500.000     0.001
  2        e+     -11  (3)   
                                 0.000     0.000  -500.000   500.000     0.001
--- intermediates:
  3        Z0      23 [1,2] (4,5)   
                                 0.000     0.000     0.000  1000.000  1000.000
--- outgoing:
  4         b       5 [3] (7)  >5 {+1}
                                66.842  -480.697   120.187   500.000     4.200
  5      bbar      -5 [3] (6)  4> {-1}
                               -66.842   480.697  -120.187   500.000     4.200
------------------------------------------------------------------------------
Step 1
--- intermediates:
  1        e-      11  (3)   
                                 0.000     0.000   500.000   500.000     0.001
  2        e+     -11  (3)   
                                 0.000     0.000  -500.000   500.000     0.001
  3        Z0      23 [1,2] (4,5)   
                                 0.000     0.000     0.000  1000.000  1000.000
--- final:
  4         b       5 [3] (7)  >5 {+1}
                                66.842  -480.697   120.187   500.000     4.200
  5      bbar      -5 [3] (6)  4> {-1}
                               -66.842   480.697  -120.187   500.000     4.200
------------------------------------------------------------------------------
     Sum of momenta:                 0         0         0     1e+03     1e+03
------------------------------------------------------------------------------
Step 2 performed by ShowerHandler
--- final:
  6      bbar      -5 [5]   7> {-1}
                               -66.841   480.690  -120.186   500.000     5.000
  7         b       5 [4]   >6 {+1}
                                66.841  -480.690   120.186   500.000     5.000
------------------------------------------------------------------------------
     Sum of momenta:                 0         0         0     1e+03     1e+03
******************************************************************************
Event number 9 (id: EE) performed by EventHandler
Weight: 1
==============================================================================

--- Colliding particles:
  1        e-      11  (3)   
                                 0.000     0.000   500.000   500.000     0.001
  2        e+     -11  (3)   
                                 0.000     0.000  -500.000   500.000     0.001
------------------------------------------------------------------------------
Primary sub-process performed by MEee2gZ2qq
--- incoming:
  1        e-      11  (3)   
                                 0.000     0.000   500.000   500.000     0.001
  2        e+     -11  (3)   
                                 0.000     0.000  -500.000   500.000     0.001
--- intermediates:
  3        Z0      23 [1,2] (4,5)   
                                 0.000     0.000     0.000  1000.000  1000.000
--- outgoing:
  4         b       5 [3] (7)  >5 {+1}
                               182.285  -219.854   410.389   500.000     4.200
  5      bbar      -5 [3] (6)  4> {-1}
                              -182.285   219.854  -410.389   500.000     4.200
------------------------------------------------------------------------------
Step 1
--- intermediates:
  1        e-      11  (3)   
                                 0.000     0.000   500.000   500.000     0.001
  2        e+     -11  (3)   
                                 0.000     0.000  -500.000   500.000     0.001
  3        Z0      23 [1,2] (4,5)   
                                 0.000     0.000     0.000  1000.000  1000.000
--- final:
  4         b       5 [3] (7)  >5 {+1}
                               182.285  -219.854   410.389   500.000     4.200
  5      bbar      -5 [3] (6)  4> {-1}
                              -182.285   219.854  -410.389   500.000     4.200
------------------------------------------------------------------------------
     Sum of momenta:                 0         0         0     1e+03     1e+03
------------------------------------------------------------------------------
Step 2 performed by ShowerHandler
--- final:
  6      bbar      -5 [5]   7> {-1}
                              -182.282   219.851  -410.383   500.000     5.000
  7         b       5 [4]   >6 {+1}
                               182.282  -219.851   410.383   500.000     5.000
------------------------------------------------------------------------------
     Sum of momenta:                 0         0         0     1e+03     1e+03
Statistics for the ACDC sampler 'ACDCSampler':
Number of samplers:                 1
Number of bins:                     2
Depth of bins:                      2
efficiency:                  0.526833
Total integrated xsec:    9.22928e-05
        error in xsec:    8.25554e-09
No exceptions reported in this run.
