>>>>>>>>>>>>>>>>>>>>>>>>>>>>>>>>>>>>>>>>>>>>>>>>>>>>>>>>>>>>>>>>>>>>>>>>>>>>>>
>>>> Toolkit for HEP Event Generation - ThePEG 02e817c0868e (default) <<<<<<<<
>>>> Sat Jan 23 17:53:02 2021                                             <<<<
<<<<<<<<<<<<<<<<<<<<<<<<<<<<<<<<<<<<<<<<<<<<<<<<<<<<<<<<<<<<<<<<<<<<<<<<<<<<<<

>> Herwig d97e658e076a (default) / ThePEG 02e817c0868e (default)

/Herwig/Cuts/Cuts:
MHat  = 20 .. 13000 GeV
Scale = 2 .. 1e+12 GeV2
YHat  = -100 .. 100
X1    = 1e-05 .. 1
X2    = 1e-05 .. 1

/Herwig/Cuts/JetKtCut:
KT  = 10 .. 1e+06 GeV
Eta = -100 .. 100

/Herwig/Cuts/PhotonKtCut:
KT  = 20 .. 1e+06 GeV
Eta = -3 .. 3

/Herwig/Cuts/LeptonKtCut:
KT  = 0 .. 1e+06 GeV
Eta = -100 .. 100

/Herwig/Cuts/TopKtCut:
KT       = 0 .. 1e+06 GeV
Rapidity = -100 .. 100

/Herwig/Cuts/WBosonKtCut:
KT       = 0 .. 1e+06 GeV
Rapidity = -100 .. 100

/Herwig/Cuts/ZBosonKtCut:
KT       = 0 .. 1e+06 GeV
Rapidity = -100 .. 100

/Herwig/Cuts/HiggsBosonKtCut:
KT       = 0 .. 1e+06 GeV
Rapidity = -100 .. 100

/Herwig/Cuts/ChargedLeptonKtCut:
KT  = 0 .. 1e+06 GeV
Eta = -100 .. 100

/Herwig/Cuts/MassCut:
M = 20 .. 14000 GeV

******************************************************************************
Event number 1 (id: LHC) performed by EventHandler
Weight: 1
==============================================================================

--- Colliding particles:
  1        p+    2212  (8,10)   
                                 0.000     0.000  6500.000  6500.000     0.938
  2        p+    2212  (9,13)   
                                 0.000     0.000 -6500.000  6500.000     0.938
------------------------------------------------------------------------------
Primary sub-process performed by MEHeavyQuark
--- incoming:
  3         c       4 [11] (5,6)   {+1}
                                 0.000    -0.000     4.266     4.266     0.000
  4         g      21 [16] (7)   {+2,-3}
                                 0.000    -0.000  -112.922   112.922     0.000
--- intermediates:
  5         g      21 [3] (7)   {+2,-1}
                                 6.887     8.978     8.486    -7.875   -11.749
--- outgoing:
  6         c       4 [3] (19)  >9 {+2}
                                -6.887    -8.978    -4.220    12.141     1.250
  7         g      21 [4,5] (18)  9>>8 {+1,-3}
                                 6.887     8.978  -104.436   105.047     0.000
------------------------------------------------------------------------------
Step 1
--- intermediates:
  3         c       4 [11] (5,6)   {+1}
                                 0.000    -0.000     4.266     4.266     0.000
  4         g      21 [16] (7)   {+2,-3}
                                 0.000    -0.000  -112.922   112.922     0.000
  5         g      21 [3] (7)   {+2,-1}
                                 6.887     8.978     8.486    -7.875   -11.749
--- final:
  6         c       4 [3] (19)  >9 {+2}
                                -6.887    -8.978    -4.220    12.141     1.250
  7         g      21 [4,5] (18)  9>>8 {+1,-3}
                                 6.887     8.978  -104.436   105.047     0.000
  8    Rem:p+      82 [1] (22)  7> {-1}
                                 0.000     0.000  6495.734  6495.734     0.938
  9    Rem:p+      82 [2] (23)  6>>7 {+3,-2}
                                -0.000     0.000 -6387.078  6387.078     0.930
------------------------------------------------------------------------------
     Sum of momenta:                 0         0         0   1.3e+04   1.3e+04
------------------------------------------------------------------------------
Step 2 performed by ShowerHandler
--- intermediates:
 10         c       4 [1] (11,12)   {+4}
                                -0.742     1.447     4.665     4.941    -0.000
 11         c       4 [10] (3)   {+1}
                                -0.015     2.987     8.868     0.308    -9.352
 13         g      21 [2] (14,15)   {+5,-6}
                                -0.590     1.654 -1616.922  1616.923    -0.000
 14         g      21 [13] (16,17)   {+2,-6}
                                -0.763     2.661 -1353.377  1353.374    -3.884
 16         g      21 [14] (4)   {+2,-3}
                                -2.110    -6.874   -34.729    34.691    -7.373
 19         c       4 [6] (20,21)   {+2}
                                -6.889    -8.979    -6.068    13.992     5.556
 22    Rem:p+      82 [8] (24,25,27)   
                                 0.742    -1.447  6495.194  6495.198     7.107
 23    Rem:p+      82 [9] (26,28)   
                                 0.590    -1.654 -4882.938  4882.939     1.539
--- final:
 12         g      21 [10]   18>>27 {+4,-1}
                                -0.727    -1.540    -4.203     4.633     0.950
 15         g      21 [13]   21>>28 {+5,-2}
                                 0.173    -1.008  -263.544   263.548     0.950
 17         g      21 [14]   26>>18 {+3,-6}
                                 1.347     9.535 -1318.648  1318.683     0.950
 18         g      21 [7]   17>>12 {+1,-3}
                                 4.763     5.092   -19.793    21.007     0.950
 20         c       4 [19]   >21 {+7}
                                 0.198    -1.016    -0.916     2.115     1.600
 21         g      21 [19]   20>>15 {+2,-7}
                                -7.087    -7.963    -5.151    11.877     0.950
 24      cbar      -4 [22]   25> {-8}
                                 0.003    -0.003  4349.303  4349.304     1.600
 25         u       2 [22]   >24 {+8}
                                 0.052    -0.087  1782.728  1782.728     0.325
 26         u       2 [23]   >17 {+6}
                                 0.140    -1.172 -1786.061  1786.062     0.325
 27      ud_0    2101 [22]   12> {-4}
                                 0.686    -1.357   363.163   363.167     0.650
 28      ud_0    2101 [23]   15> {-5}
                                 0.451    -0.481 -3096.877  3096.877     0.650
------------------------------------------------------------------------------
     Sum of momenta:                 0         0         0   1.3e+04   1.3e+04
******************************************************************************
Event number 2 (id: LHC) performed by EventHandler
Weight: 1
==============================================================================

--- Colliding particles:
  1        p+    2212  (8,10)   
                                 0.000     0.000  6500.000  6500.000     0.938
  2        p+    2212  (9,19)   
                                 0.000     0.000 -6500.000  6500.000     0.938
------------------------------------------------------------------------------
Primary sub-process performed by MEHeavyQuark
--- incoming:
  3         g      21 [17] (6)   {+1,-2}
                                -0.000     0.000    15.683    15.683     0.000
  4      cbar      -4 [24] (5,7)   {-3}
                                 0.000    -0.000    -8.546     8.546     0.000
--- intermediates:
  5         g      21 [4] (6)   {+3,-2}
                                -9.378     5.065    -7.486    -2.237   -12.831
--- outgoing:
  6         g      21 [3,5] (26)  9>>8 {+1,-3}
                                -9.378     5.065     8.197    13.445     0.000
  7      cbar      -4 [4] (31)  8> {-2}
                                 9.378    -5.065    -1.060    10.783     1.250
------------------------------------------------------------------------------
Step 1
--- intermediates:
  3         g      21 [17] (6)   {+1,-2}
                                -0.000     0.000    15.683    15.683     0.000
  4      cbar      -4 [24] (5,7)   {-3}
                                 0.000    -0.000    -8.546     8.546     0.000
  5         g      21 [4] (6)   {+3,-2}
                                -9.378     5.065    -7.486    -2.237   -12.831
--- final:
  6         g      21 [3,5] (26)  9>>8 {+1,-3}
                                -9.378     5.065     8.197    13.445     0.000
  7      cbar      -4 [4] (31)  8> {-2}
                                 9.378    -5.065    -1.060    10.783     1.250
  8    Rem:p+      82 [1] (32)  6>>7 {+2,-1}
                                 0.000     0.000  6484.317  6484.317     0.937
  9    Rem:p+      82 [2] (33)  >6 {+3}
                                -0.000     0.000 -6491.454  6491.454     0.938
------------------------------------------------------------------------------
     Sum of momenta:                 0         0         0   1.3e+04   1.3e+04
------------------------------------------------------------------------------
Step 2 performed by ShowerHandler
--- intermediates:
 10         d       1 [1] (11,12)   {+1}
                                -1.194    -0.702  1247.536  1247.536     0.000
 11         g      21 [10] (13,14)   {+1,-4}
                                 0.372    -2.597   413.983   413.981    -3.050
 13         g      21 [11] (15,16)   {+1,-5}
                                 0.019     2.585    38.872    38.831    -3.130
 15         g      21 [13] (17,18)   {+1,-6}
                                 1.908    -0.790    20.469    20.003    -4.809
 17         g      21 [15] (3)   {+1,-2}
                                 4.294     0.502    12.371    11.410    -6.446
 19         g      21 [2] (20,21)   {+7,-8}
                                -0.179    -0.535  -292.347   292.348     0.000
 20         g      21 [19] (22,23)   {+7,-3}
                                -3.770    -0.667   -41.546    41.519    -4.111
 22         g      21 [20] (24,25)   {+9,-3}
                                -1.830    -8.060   -12.614    11.579    -9.662
 24      cbar      -4 [22] (4)   {-3}
                                -1.967    -8.819   -11.577     9.522   -11.180
 26         g      21 [6] (27,28)   {+1,-3}
                                -7.052    -3.250     1.814    10.104     6.205
 28         g      21 [26] (29,30)   {+1,-10}
                                -6.647    -3.293     0.438     8.383     3.880
 32    Rem:p+      82 [8] (35)   
                                 1.194     0.702  5252.464  5252.464     0.650
 33    Rem:p+      82 [9] (34,36)   
                                 0.179     0.535 -6207.652  6207.652     1.149
--- final:
 12         d       1 [10]   >14 {+4}
                                -1.566     1.895   833.552   833.556     0.325
 14         g      21 [11]   12>>16 {+5,-4}
                                 0.353    -5.183   375.112   375.149     0.950
 16         g      21 [13]   14>>18 {+6,-5}
                                -1.889     3.375    18.403    18.829     0.950
 18         g      21 [15]   16>>31 {+2,-6}
                                -2.386    -1.292     8.098     8.593     0.950
 21         g      21 [19]   34>>27 {+3,-8}
                                 3.590     0.132  -250.801   250.829     0.950
 23         g      21 [20]   25>>36 {+7,-9}
                                -1.940     7.394   -28.932    29.940     0.950
 25         c       4 [22]   >23 {+9}
                                 0.137     0.759    -1.037     2.057     1.600
 27         g      21 [26]   21>>29 {+10,-3}
                                -0.405     0.043     1.376     1.721     0.950
 29         g      21 [28]   27>>30 {+11,-10}
                                -2.059    -2.341     1.329     3.519     0.950
 30         g      21 [28]   29>>35 {+1,-11}
                                -4.588    -0.953    -0.891     4.864     0.950
 31      cbar      -4 [7]   18> {-2}
                                 9.379    -5.067    -1.020    10.828     1.600
 34         d       1 [33]   >21 {+8}
                                -0.178     0.059 -1352.698  1352.698     0.325
 35      uu_1    2203 [32]   30> {-1}
                                 1.194     0.702  5252.464  5252.464     0.650
 36      uu_1    2203 [33]   23> {-7}
                                 0.357     0.476 -4854.953  4854.953     0.650
------------------------------------------------------------------------------
     Sum of momenta:                 0         0         0   1.3e+04   1.3e+04
******************************************************************************
Event number 3 (id: LHC) performed by EventHandler
Weight: 1
==============================================================================

--- Colliding particles:
  1        p+    2212  (8,10)   
                                 0.000     0.000  6500.000  6500.000     0.938
  2        p+    2212  (9,13)   
                                 0.000     0.000 -6500.000  6500.000     0.938
------------------------------------------------------------------------------
Primary sub-process performed by MEHeavyQuark
--- incoming:
  3         g      21 [11] (6)   {+1,-2}
                                 0.000    -0.000   126.799   126.799     0.000
  4      cbar      -4 [20] (5,7)   {-3}
                                 0.000    -0.000    -3.420     3.420     0.000
--- intermediates:
  5         g      21 [4] (6)   {+3,-2}
                                 9.670    10.147   -17.093   -16.201   -15.039
--- outgoing:
  6         g      21 [3,5] (22)  9>>8 {+1,-3}
                                 9.670    10.147   109.706   110.597     0.000
  7      cbar      -4 [4] (23)  8> {-2}
                                -9.670   -10.147    13.673    19.621     1.250
------------------------------------------------------------------------------
Step 1
--- intermediates:
  3         g      21 [11] (6)   {+1,-2}
                                 0.000    -0.000   126.799   126.799     0.000
  4      cbar      -4 [20] (5,7)   {-3}
                                 0.000    -0.000    -3.420     3.420     0.000
  5         g      21 [4] (6)   {+3,-2}
                                 9.670    10.147   -17.093   -16.201   -15.039
--- final:
  6         g      21 [3,5] (22)  9>>8 {+1,-3}
                                 9.670    10.147   109.706   110.597     0.000
  7      cbar      -4 [4] (23)  8> {-2}
                                -9.670   -10.147    13.673    19.621     1.250
  8    Rem:p+      82 [1] (28)  6>>7 {+2,-1}
                                 0.000     0.000  6373.201  6373.201     0.929
  9    Rem:p+      82 [2] (29)  >6 {+3}
                                -0.000     0.000 -6496.580  6496.580     0.938
------------------------------------------------------------------------------
     Sum of momenta:                 0         0         0   1.3e+04   1.3e+04
------------------------------------------------------------------------------
Step 2 performed by ShowerHandler
--- intermediates:
 10         g      21 [1] (11,12)   {+1,-4}
                                 1.543     0.167   747.415   747.416     0.000
 11         g      21 [10] (3)   {+1,-2}
                                 1.021     2.168   126.563   126.561    -2.529
 13         g      21 [2] (14,15)   {+5,-6}
                                 0.503     4.543   -46.285    46.510    -0.000
 14      cbar      -4 [13] (16,17)   {-6}
                                -3.140     6.115    -5.846     5.845    -6.875
 16      cbar      -4 [14] (18,19)   {-7}
                                -2.148     7.301    -5.148     3.901    -8.319
 18      cbar      -4 [16] (20,21)   {-8}
                                -2.693     7.889    -5.709     2.537    -9.780
 20      cbar      -4 [18] (4)   {-3}
                                -3.096     8.421    -6.858     0.904   -11.257
 23      cbar      -4 [7] (24,27)   {-2}
                                -8.649    -7.978    13.438    19.383     7.528
 24      cbar      -4 [23] (25,26)   {-9}
                                -7.549    -4.535     6.666    11.648     3.700
 28    Rem:p+      82 [8] (30,32)   
                                -1.543    -0.167  5752.471  5752.471     1.851
 29    Rem:p+      82 [9] (31,33)   
                                -0.503    -4.543 -6453.600  6453.602     2.573
--- final:
 12         g      21 [10]   30>>27 {+2,-4}
                                 0.522    -2.002   620.851   620.856     0.950
 15         c       4 [13]   >33 {+5}
                                 3.643    -1.573   -40.439    40.665     1.600
 17         g      21 [14]   31>>19 {+7,-6}
                                -0.991    -1.186    -0.698     1.944     0.950
 19         g      21 [16]   17>>21 {+8,-7}
                                 0.545    -0.588     0.561     1.364     0.950
 21         g      21 [18]   19>>22 {+3,-8}
                                 0.403    -0.532     1.149     1.633     0.950
 22         g      21 [6]   21>>32 {+1,-3}
                                 6.574    18.568   106.268   108.082     0.950
 25      cbar      -4 [24]   26> {-10}
                                -6.823    -3.215     5.904     9.712     1.600
 26         g      21 [24]   27>>25 {+10,-9}
                                -0.726    -1.319     0.761     1.936     0.950
 27         g      21 [23]   12>>26 {+9,-2}
                                -1.100    -3.444     6.772     7.735     0.950
 30         d       1 [28]   >12 {+4}
                                -0.225    -0.235   344.852   344.852     0.325
 31         u       2 [29]   >17 {+6}
                                 0.066    -0.007 -1354.843  1354.843     0.325
 32      uu_1    2203 [28]   22> {-1}
                                -1.318     0.069  5407.619  5407.619     0.650
 33      ud_0    2101 [29]   15> {-5}
                                -0.569    -4.536 -5098.757  5098.760     0.650
------------------------------------------------------------------------------
     Sum of momenta:                 0         0         0   1.3e+04   1.3e+04
******************************************************************************
Event number 4 (id: LHC) performed by EventHandler
Weight: 1
==============================================================================

--- Colliding particles:
  1        p+    2212  (8,10)   
                                 0.000     0.000  6500.000  6500.000     0.938
  2        p+    2212  (9,13)   
                                 0.000     0.000 -6500.000  6500.000     0.938
------------------------------------------------------------------------------
Primary sub-process performed by MEHeavyQuark
--- incoming:
  3         g      21 [11] (7)   {+1,-2}
                                -0.000     0.000   172.210   172.210     0.000
  4      cbar      -4 [18] (5,6)   {-3}
                                 0.000     0.000    -2.606     2.606     0.000
--- intermediates:
  5      cbar      -4 [4] (7)   {-1}
                                -4.648   -16.691  -137.508  -133.403   -37.580
--- outgoing:
  6         g      21 [4] (20)  9>>8 {+1,-3}
                                 4.648    16.691   134.902   136.010     0.000
  7      cbar      -4 [3,5] (25)  8> {-2}
                                -4.648   -16.691    34.702    38.807     1.250
------------------------------------------------------------------------------
Step 1
--- intermediates:
  3         g      21 [11] (7)   {+1,-2}
                                -0.000     0.000   172.210   172.210     0.000
  4      cbar      -4 [18] (5,6)   {-3}
                                 0.000     0.000    -2.606     2.606     0.000
  5      cbar      -4 [4] (7)   {-1}
                                -4.648   -16.691  -137.508  -133.403   -37.580
--- final:
  6         g      21 [4] (20)  9>>8 {+1,-3}
                                 4.648    16.691   134.902   136.010     0.000
  7      cbar      -4 [3,5] (25)  8> {-2}
                                -4.648   -16.691    34.702    38.807     1.250
  8    Rem:p+      82 [1] (26)  6>>7 {+2,-1}
                                 0.000     0.000  6327.790  6327.790     0.926
  9    Rem:p+      82 [2] (27)  >6 {+3}
                                -0.000     0.000 -6497.393  6497.394     0.938
------------------------------------------------------------------------------
     Sum of momenta:                 0         0         0   1.3e+04   1.3e+04
------------------------------------------------------------------------------
Step 2 performed by ShowerHandler
--- intermediates:
 10         g      21 [1] (11,12)   {+4,-2}
                                 0.699    -0.243   248.081   248.082     0.000
 11         g      21 [10] (3)   {+1,-2}
                                -1.157    -0.339   172.508   172.481    -3.318
 13         g      21 [2] (14,15)   {+5,-3}
                                 0.159    -1.463   -63.822    63.839    -0.000
 14         g      21 [13] (16,17)   {+6,-3}
                                -1.535    -2.307   -29.767    29.718    -3.254
 16         g      21 [14] (18,19)   {+7,-3}
                                -3.196     1.389    -8.467     8.015    -4.426
 18      cbar      -4 [16] (4)   {-3}
                                -5.550    -1.055    -3.535     1.818    -6.411
 20         g      21 [6] (21,22)   {+1,-3}
                                -2.059    15.296   134.150   135.371     9.532
 22         g      21 [20] (23,24)   {+1,-8}
                                 0.171    12.670   119.589   120.377     5.360
 26    Rem:p+      82 [8] (28,30)   
                                -0.699     0.243  6251.909  6251.910     2.504
 27    Rem:p+      82 [9] (29,31)   
                                -0.159     1.463 -6436.169  6436.169     1.686
--- final:
 12         g      21 [10]   24>>30 {+4,-1}
                                 1.856     0.096    75.573    75.602     0.950
 15         g      21 [13]   17>>31 {+5,-6}
                                 1.694     0.844   -34.055    34.121     0.950
 17         g      21 [14]   19>>15 {+6,-7}
                                 1.660    -3.697   -21.300    21.703     0.950
 19         c       4 [16]   >17 {+7}
                                 2.354     2.445    -4.931     6.196     1.600
 21         g      21 [20]   29>>23 {+8,-3}
                                -2.229     2.627    14.561    14.993     0.950
 23         g      21 [22]   21>>24 {+9,-8}
                                -0.931     0.683     8.107     8.244     0.950
 24         g      21 [22]   23>>12 {+1,-9}
                                 1.102    11.986   111.482   112.134     0.950
 25      cbar      -4 [7]   28> {-2}
                                -4.648   -16.691    34.823    38.928     1.600
 28         u       2 [26]   >25 {+2}
                                -0.304    -0.984  3496.642  3496.642     0.325
 29         u       2 [27]   >21 {+3}
                                 0.173    -0.062 -2476.481  2476.481     0.325
 30      ud_0    2101 [26]   12> {-4}
                                -0.395     1.227  2755.268  2755.268     0.650
 31      ud_0    2101 [27]   15> {-5}
                                -0.332     1.525 -3959.688  3959.688     0.650
------------------------------------------------------------------------------
     Sum of momenta:                 0         0         0   1.3e+04   1.3e+04
******************************************************************************
Event number 5 (id: LHC) performed by EventHandler
Weight: 1
==============================================================================

--- Colliding particles:
  1        p+    2212  (8,10)   
                                 0.000     0.000  6500.000  6500.000     0.938
  2        p+    2212  (9,15)   
                                 0.000     0.000 -6500.000  6500.000     0.938
------------------------------------------------------------------------------
Primary sub-process performed by MEHeavyQuark
--- incoming:
  3      cbar      -4 [13] (5,6)   {-1}
                                 0.000     0.000     0.979     0.979     0.000
  4      ubar      -2 [18] (7)   {-2}
                                 0.000    -0.000  -228.166   228.166     0.000
--- intermediates:
  5         g      21 [3] (7)   {+2,-1}
                               -10.090     7.305    51.834   -51.395   -14.161
--- outgoing:
  6      cbar      -4 [3] (25)  9> {-2}
                                10.090    -7.305   -50.855    52.374     1.250
  7      ubar      -2 [4,5] (20)  8> {-1}
                               -10.090     7.305  -176.332   176.771     0.002
------------------------------------------------------------------------------
Step 1
--- intermediates:
  3      cbar      -4 [13] (5,6)   {-1}
                                 0.000     0.000     0.979     0.979     0.000
  4      ubar      -2 [18] (7)   {-2}
                                 0.000    -0.000  -228.166   228.166     0.000
  5         g      21 [3] (7)   {+2,-1}
                               -10.090     7.305    51.834   -51.395   -14.161
--- final:
  6      cbar      -4 [3] (25)  9> {-2}
                                10.090    -7.305   -50.855    52.374     1.250
  7      ubar      -2 [4,5] (20)  8> {-1}
                               -10.090     7.305  -176.332   176.771     0.002
  8    Rem:p+      82 [1] (30)  >7 {+1}
                                 0.000     0.000  6499.021  6499.021     0.938
  9    Rem:p+      82 [2] (31)  >6 {+2}
                                -0.000     0.000 -6271.834  6271.834     0.922
------------------------------------------------------------------------------
     Sum of momenta:                 0         0         0   1.3e+04   1.3e+04
------------------------------------------------------------------------------
Step 2 performed by ShowerHandler
--- intermediates:
 10         u       2 [1] (11,12)   {+3}
                                 0.634    -1.576    63.305    63.328     0.000
 11         g      21 [10] (13,14)   {+3,-1}
                                 3.891     1.817     1.421     1.264    -4.343
 13      cbar      -4 [11] (3)   {-1}
                                 2.678     2.253     4.626    -2.543    -5.213
 15      ubar      -2 [2] (16,17)   {-4}
                                -2.078     2.681  -632.607   632.616    -0.000
 16      ubar      -2 [15] (18,19)   {-5}
                                -2.448     4.090  -258.955   258.961    -4.485
 18      ubar      -2 [16] (4)   {-2}
                                -0.179     2.700  -233.687   233.534    -8.864
 20      ubar      -2 [7] (21,24)   {-1}
                                -7.412     9.558  -172.685   173.249     7.003
 21      ubar      -2 [20] (22,23)   {-6}
                                -6.923     9.847  -155.633   156.162     4.467
 25      cbar      -4 [6] (26,29)   {-2}
                                 9.911    -4.605   -56.376    57.742     6.036
 26      cbar      -4 [25] (27,28)   {-7}
                                 7.720    -4.572   -39.766    40.961     3.996
 30    Rem:p+      82 [8] (34)   
                                -0.634     1.576  6436.673  6436.673     0.650
 31    Rem:p+      82 [9] (32,33,35)   
                                 2.078    -2.681 -5867.372  5867.383    10.718
--- final:
 12         u       2 [10]   >24 {+1}
                                -3.256    -3.393    61.885    62.064     0.325
 14         c       4 [11]   >34 {+3}
                                 1.212    -0.436    -3.205     3.807     1.600
 17         g      21 [15]   33>>19 {+5,-4}
                                 0.371    -1.409  -373.651   373.655     0.950
 19         g      21 [16]   17>>29 {+2,-5}
                                -2.269     1.391   -25.269    25.426     0.950
 22      ubar      -2 [21]   23> {-8}
                                -7.182     8.482  -130.800   131.272     0.325
 23         g      21 [21]   24>>22 {+8,-6}
                                 0.259     1.365   -24.833    24.890     0.950
 24         g      21 [20]   12>>23 {+6,-1}
                                -0.489    -0.290   -17.052    17.088     0.950
 27      cbar      -4 [26]   28> {-9}
                                 3.876    -1.435   -13.355    14.071     1.600
 28         g      21 [26]   29>>27 {+9,-7}
                                 3.844    -3.137   -26.411    26.890     0.950
 29         g      21 [25]   19>>28 {+7,-2}
                                 2.191    -0.033   -16.610    16.781     0.950
 32         u       2 [31]   >35 {+10}
                                 0.081    -0.101 -1598.130  1598.130     0.325
 33         u       2 [31]   >17 {+4}
                                -0.022     0.042 -3738.816  3738.816     0.325
 34      ud_0    2101 [30]   14> {-3}
                                -0.634     1.576  6436.673  6436.674     0.650
 35      ud_0    2101 [31]   32> {-10}
                                 2.019    -2.622  -530.426   530.437     0.650
------------------------------------------------------------------------------
     Sum of momenta:                 0         0         0   1.3e+04   1.3e+04
******************************************************************************
Event number 6 (id: LHC) performed by EventHandler
Weight: 1
==============================================================================

--- Colliding particles:
  1        p+    2212  (8,10)   
                                 0.000     0.000  6500.000  6500.000     0.938
  2        p+    2212  (9,15)   
                                 0.000     0.000 -6500.000  6500.000     0.938
------------------------------------------------------------------------------
Primary sub-process performed by MEHeavyQuark
--- incoming:
  3         c       4 [13] (5,6)   {+1}
                                 0.000    -0.000    67.233    67.233     0.000
  4         g      21 [20] (7)   {+2,-3}
                                 0.000    -0.000    -3.748     3.748     0.000
--- intermediates:
  5         g      21 [3] (7)   {+2,-1}
                                12.259    10.022    33.895    30.305   -21.937
--- outgoing:
  6         c       4 [3] (23)  >9 {+2}
                               -12.259   -10.022    33.337    36.928     1.250
  7         g      21 [4,5] (22)  9>>8 {+1,-3}
                                12.259    10.022    30.147    34.053     0.000
------------------------------------------------------------------------------
Step 1
--- intermediates:
  3         c       4 [13] (5,6)   {+1}
                                 0.000    -0.000    67.233    67.233     0.000
  4         g      21 [20] (7)   {+2,-3}
                                 0.000    -0.000    -3.748     3.748     0.000
  5         g      21 [3] (7)   {+2,-1}
                                12.259    10.022    33.895    30.305   -21.937
--- final:
  6         c       4 [3] (23)  >9 {+2}
                               -12.259   -10.022    33.337    36.928     1.250
  7         g      21 [4,5] (22)  9>>8 {+1,-3}
                                12.259    10.022    30.147    34.053     0.000
  8    Rem:p+      82 [1] (26)  7> {-1}
                                 0.000     0.000  6432.767  6432.767     0.933
  9    Rem:p+      82 [2] (27)  6>>7 {+3,-2}
                                -0.000     0.000 -6496.252  6496.252     0.938
------------------------------------------------------------------------------
     Sum of momenta:                 0         0         0   1.3e+04   1.3e+04
------------------------------------------------------------------------------
Step 2 performed by ShowerHandler
--- intermediates:
 10         g      21 [1] (11,12)   {+1,-4}
                                 0.120     0.940  1717.857  1717.857    -0.000
 11         g      21 [10] (13,14)   {+1,-5}
                                 0.122    -0.156   750.256   750.255    -1.130
 13         c       4 [11] (3)   {+1}
                                 2.629     1.966    82.163    82.152    -3.543
 15      dbar      -1 [2] (16,17)   {-6}
                                 1.073    -0.280   -44.741    44.755     0.000
 16         g      21 [15] (18,19)   {+7,-6}
                                 0.522    -2.422   -10.126    10.068    -2.705
 18         g      21 [16] (20,21)   {+7,-3}
                                 2.728     0.052    -5.496     4.295    -4.382
 20         g      21 [18] (4)   {+2,-3}
                                 3.654    -0.447    -6.748     2.403    -7.302
 23         c       4 [6] (24,25)   {+2}
                               -12.278   -10.033    33.277    37.075     3.973
 26    Rem:p+      82 [8] (28,31)   
                                -0.120    -0.940  4782.134  4782.137     5.583
 27    Rem:p+      82 [9] (29,30,32)   
                                -1.073     0.280 -6455.250  6455.251     4.078
--- final:
 12         g      21 [10]   28>>14 {+5,-4}
                                -0.001     1.096   967.601   967.602     0.950
 14      cbar      -4 [11]   12> {-5}
                                -2.508    -2.122   668.093   668.103     1.600
 17      dbar      -1 [15]   21> {-7}
                                 0.550     2.142   -34.614    34.686     0.325
 19         g      21 [16]   30>>22 {+3,-6}
                                -2.206    -2.473    -4.631     5.773     0.950
 21         g      21 [18]   25>>17 {+7,-2}
                                -0.925     0.499     1.253     1.891     0.950
 22         g      21 [7]   19>>31 {+1,-3}
                                18.561    11.552    42.137    47.481     0.950
 24         c       4 [23]   >25 {+8}
                                -8.828    -8.491    23.472    26.524     1.600
 25         g      21 [23]   24>>21 {+2,-8}
                                -3.450    -1.542     9.805    10.551     0.950
 28         u       2 [26]   >12 {+4}
                                 0.802     0.022  4445.992  4445.992     0.325
 29         d       1 [27]   >32 {+9}
                                 0.447    -0.460  -308.448   308.449     0.325
 30         u       2 [27]   >19 {+6}
                                 0.036     0.041 -2982.541  2982.541     0.325
 31      ud_0    2101 [26]   22> {-1}
                                -0.922    -0.961   336.141   336.145     0.650
 32      ud_0    2101 [27]   29> {-9}
                                -1.556     0.698 -3164.261  3164.261     0.650
------------------------------------------------------------------------------
     Sum of momenta:                 0         0         0   1.3e+04   1.3e+04
******************************************************************************
Event number 7 (id: LHC) performed by EventHandler
Weight: 1
==============================================================================

--- Colliding particles:
  1        p+    2212  (8,10)   
                                 0.000     0.000  6500.000  6500.000     0.938
  2        p+    2212  (9,13)   
                                 0.000     0.000 -6500.000  6500.000     0.938
------------------------------------------------------------------------------
Primary sub-process performed by MEHeavyQuark
--- incoming:
  3         c       4 [11] (5,6)   {+1}
                                 0.000    -0.000     2.582     2.582     0.000
  4         g      21 [14] (7)   {+2,-1}
                                 0.000    -0.000  -619.533   619.533     0.000
--- intermediates:
  5         g      21 [3] (7)   {+1,-3}
                                -9.976     2.538    10.632   -10.545   -10.383
--- outgoing:
  6         c       4 [3] (29)  >7 {+3}
                                 9.976    -2.538    -8.050    13.128     1.250
  7         g      21 [4,5] (16)  6>>9 {+2,-3}
                                -9.976     2.538  -608.900   608.987     0.000
------------------------------------------------------------------------------
Step 1
--- intermediates:
  3         c       4 [11] (5,6)   {+1}
                                 0.000    -0.000     2.582     2.582     0.000
  4         g      21 [14] (7)   {+2,-1}
                                 0.000    -0.000  -619.533   619.533     0.000
  5         g      21 [3] (7)   {+1,-3}
                                -9.976     2.538    10.632   -10.545   -10.383
--- final:
  6         c       4 [3] (29)  >7 {+3}
                                 9.976    -2.538    -8.050    13.128     1.250
  7         g      21 [4,5] (16)  6>>9 {+2,-3}
                                -9.976     2.538  -608.900   608.987     0.000
  8    Rem:p+      82 [1] (30)  9> {-1}
                                 0.000     0.000  6497.418  6497.418     0.938
  9    Rem:p+      82 [2] (31)  7>>8 {+1,-2}
                                -0.000     0.000 -5880.467  5880.467     0.892
------------------------------------------------------------------------------
     Sum of momenta:                 0         0         0   1.3e+04   1.3e+04
------------------------------------------------------------------------------
Step 2 performed by ShowerHandler
--- intermediates:
 10         g      21 [1] (11,12)   {+1,-4}
                                 0.150    -0.185    31.569    31.569     0.000
 11         c       4 [10] (3)   {+1}
                                -0.346    -2.040     2.749     2.642    -2.204
 13         g      21 [2] (14,15)   {+2,-5}
                                -0.734    -0.660  -748.739   748.739     0.000
 14         g      21 [13] (4)   {+2,-1}
                                 0.130     0.122  -594.587   594.580    -2.825
 16         g      21 [7] (17,26)   {+2,-3}
                                -9.011     0.357  -585.068   585.781    27.452
 17         g      21 [16] (18,19)   {+2,-6}
                               -11.582    -4.725  -515.859   516.280    16.691
 19         g      21 [17] (20,25)   {+7,-6}
                                -6.796    -4.934  -455.647   455.870    11.552
 20         g      21 [19] (21,24)   {+7,-8}
                                -6.158    -5.536  -434.292   434.477     9.583
 21         s       3 [20] (22,23)   {+7}
                                -0.953    -6.105  -279.239   279.335     3.904
 26         g      21 [16] (27,28)   {+6,-3}
                                 2.571     5.082   -69.209    69.501     2.829
 30    Rem:p+      82 [8] (32,34)   
                                -0.150     0.185  6468.430  6468.431     4.060
 31    Rem:p+      82 [9] (33,35)   
                                 0.734     0.660 -5751.260  5751.260     1.706
--- final:
 12      cbar      -4 [10]   32> {-4}
                                 0.496     1.855    28.819    28.927     1.600
 15         g      21 [13]   33>>34 {+1,-5}
                                -0.864    -0.782  -154.152   154.159     0.950
 18         g      21 [17]   23>>35 {+2,-7}
                                -4.786     0.208   -60.212    60.410     0.950
 22         s       3 [21]   >23 {+9}
                                 1.022    -4.372  -175.642   175.700     0.450
 23         g      21 [21]   22>>18 {+7,-9}
                                -1.975    -1.733  -103.597   103.635     0.950
 24      sbar      -3 [20]   25> {-8}
                                -5.205     0.568  -155.053   155.142     0.450
 25         g      21 [19]   27>>24 {+8,-6}
                                -0.638     0.603   -21.355    21.394     0.950
 27         u       2 [26]   >25 {+6}
                                -0.527     1.435   -16.752    16.825     0.325
 28      ubar      -2 [26]   29> {-3}
                                 3.098     3.648   -52.457    52.676     0.325
 29         c       4 [6]   >28 {+3}
                                 8.794    -2.275    -6.770    11.441     1.600
 32         d       1 [30]   >12 {+4}
                                -0.219     0.016    61.904    61.905     0.325
 33         d       1 [31]   >15 {+5}
                                -0.169    -0.320 -1322.657  1322.658     0.325
 34      uu_1    2203 [30]   15> {-1}
                                 0.069     0.169  6406.526  6406.526     0.650
 35      uu_1    2203 [31]   18> {-2}
                                 0.904     0.981 -4428.602  4428.602     0.650
------------------------------------------------------------------------------
     Sum of momenta:                 0         0         0   1.3e+04   1.3e+04
******************************************************************************
Event number 8 (id: LHC) performed by EventHandler
Weight: 1
==============================================================================

--- Colliding particles:
  1        p+    2212  (8,10)   
                                 0.000     0.000  6500.000  6500.000     0.938
  2        p+    2212  (9,19)   
                                 0.000     0.000 -6500.000  6500.000     0.938
------------------------------------------------------------------------------
Primary sub-process performed by MEHeavyQuark
--- incoming:
  3         g      21 [17] (7)   {+1,-2}
                                 0.000     0.000    11.495    11.495     0.000
  4      cbar      -4 [19] (5,6)   {-3}
                                 0.000    -0.000   -20.837    20.837     0.000
--- intermediates:
  5      cbar      -4 [4] (7)   {-1}
                                 5.837    -9.746    -5.233     1.536   -12.413
--- outgoing:
  6         g      21 [4] (20)  9>>8 {+1,-3}
                                -5.837     9.746   -15.604    19.301     0.000
  7      cbar      -4 [3,5] (21)  8> {-2}
                                 5.837    -9.746     6.262    13.031     1.250
------------------------------------------------------------------------------
Step 1
--- intermediates:
  3         g      21 [17] (7)   {+1,-2}
                                 0.000     0.000    11.495    11.495     0.000
  4      cbar      -4 [19] (5,6)   {-3}
                                 0.000    -0.000   -20.837    20.837     0.000
  5      cbar      -4 [4] (7)   {-1}
                                 5.837    -9.746    -5.233     1.536   -12.413
--- final:
  6         g      21 [4] (20)  9>>8 {+1,-3}
                                -5.837     9.746   -15.604    19.301     0.000
  7      cbar      -4 [3,5] (21)  8> {-2}
                                 5.837    -9.746     6.262    13.031     1.250
  8    Rem:p+      82 [1] (24)  6>>7 {+2,-1}
                                 0.000     0.000  6488.505  6488.505     0.937
  9    Rem:p+      82 [2] (25)  >6 {+3}
                                -0.000     0.000 -6479.163  6479.163     0.937
------------------------------------------------------------------------------
     Sum of momenta:                 0         0         0   1.3e+04   1.3e+04
------------------------------------------------------------------------------
Step 2 performed by ShowerHandler
--- intermediates:
 10         g      21 [1] (11,12)   {+4,-5}
                                 0.213    -2.455   902.078   902.081    -0.000
 11         g      21 [10] (13,14)   {+6,-5}
                                 0.766    -4.802   423.687   423.683    -5.172
 13         g      21 [11] (15,16)   {+6,-2}
                                -6.381    -0.512    19.345    19.254    -6.669
 15         g      21 [13] (17,18)   {+7,-2}
                                -5.919    -3.543    16.252    14.797    -9.632
 17         g      21 [15] (3)   {+1,-2}
                                -5.725    -5.899    15.111    12.005   -12.321
 19      cbar      -4 [2] (4)   {-3}
                                -0.734     2.950   -24.872    25.089     1.250
 21      cbar      -4 [7] (22,23)   {-2}
                                 6.145    -9.848     7.547    14.579     4.568
 24    Rem:p+      82 [8] (26,29)   
                                -0.213     2.454  5597.807  5597.808     2.265
 25    Rem:p+      82 [9] (27,28,30)   
                                 0.734    -2.950 -6475.012  6475.022    11.068
--- final:
 12         g      21 [10]   16>>29 {+4,-6}
                                -0.553     2.347   478.391   478.398     0.950
 14         g      21 [11]   26>>23 {+2,-5}
                                 7.147    -4.290   404.342   404.429     0.950
 16         g      21 [13]   18>>12 {+6,-7}
                                -0.462     3.031     3.092     4.457     0.950
 18         g      21 [15]   20>>16 {+7,-1}
                                -0.195     2.356     1.141     2.792     0.950
 20         g      21 [6]   28>>18 {+1,-3}
                               -12.604     6.899   -17.308    22.515     0.950
 22      cbar      -4 [21]   23> {-8}
                                 3.759    -3.125     4.209     6.646     1.600
 23         g      21 [21]   14>>22 {+8,-2}
                                 2.386    -6.723     3.338     7.933     0.950
 26         u       2 [24]   >14 {+5}
                                -0.117     0.011  2312.621  2312.622     0.325
 27         c       4 [25]   >30 {+9}
                                 0.012     0.003  -785.765   785.767     1.600
 28         u       2 [25]   >20 {+3}
                                 0.027    -0.076 -5151.154  5151.154     0.325
 29      ud_0    2101 [24]   12> {-4}
                                -0.096     2.444  3285.185  3285.186     0.650
 30      ud_0    2101 [25]   27> {-9}
                                 0.695    -2.877  -538.093   538.101     0.650
------------------------------------------------------------------------------
     Sum of momenta:                 0         0         0   1.3e+04   1.3e+04
******************************************************************************
Event number 9 (id: LHC) performed by EventHandler
Weight: 1
==============================================================================

--- Colliding particles:
  1        p+    2212  (8,10)   
                                 0.000     0.000  6500.000  6500.000     0.938
  2        p+    2212  (9,17)   
                                 0.000     0.000 -6500.000  6500.000     0.938
------------------------------------------------------------------------------
Primary sub-process performed by MEHeavyQuark
--- incoming:
  3         g      21 [15] (6)   {+1,-2}
                                 0.000     0.000    31.085    31.085     0.000
  4      cbar      -4 [20] (5,7)   {-1}
                                 0.000    -0.000   -14.745    14.745     0.000
--- intermediates:
  5         g      21 [4] (6)   {+3,-1}
                                 8.133    10.346    -4.872    -1.754   -13.923
--- outgoing:
  6         g      21 [3,5] (22)  8>>7 {+3,-2}
                                 8.133    10.346    26.213    29.331     0.000
  7      cbar      -4 [4] (25)  6> {-3}
                                -8.133   -10.346    -9.872    16.499     1.250
------------------------------------------------------------------------------
Step 1
--- intermediates:
  3         g      21 [15] (6)   {+1,-2}
                                 0.000     0.000    31.085    31.085     0.000
  4      cbar      -4 [20] (5,7)   {-1}
                                 0.000    -0.000   -14.745    14.745     0.000
  5         g      21 [4] (6)   {+3,-1}
                                 8.133    10.346    -4.872    -1.754   -13.923
--- final:
  6         g      21 [3,5] (22)  8>>7 {+3,-2}
                                 8.133    10.346    26.213    29.331     0.000
  7      cbar      -4 [4] (25)  6> {-3}
                                -8.133   -10.346    -9.872    16.499     1.250
  8    Rem:p+      82 [1] (32)  9>>6 {+2,-1}
                                 0.000     0.000  6468.915  6468.915     0.936
  9    Rem:p+      82 [2] (33)  >8 {+1}
                                -0.000     0.000 -6485.255  6485.255     0.937
------------------------------------------------------------------------------
     Sum of momenta:                 0         0         0   1.3e+04   1.3e+04
------------------------------------------------------------------------------
Step 2 performed by ShowerHandler
--- intermediates:
 10      cbar      -4 [1] (11,12)   {-2}
                                 0.494    -0.492   957.361   957.361    -0.000
 11         g      21 [10] (13,14)   {+4,-2}
                                -0.582     2.818    38.546    38.538    -2.980
 13         g      21 [11] (15,16)   {+5,-2}
                                 0.024     1.414    35.305    34.831    -5.939
 15         g      21 [13] (3)   {+1,-2}
                                 2.123     0.365    31.725    30.446    -9.174
 17         g      21 [2] (18,19)   {+6,-7}
                                -3.837     1.916   -88.678    88.782     0.000
 18      cbar      -4 [17] (20,21)   {-7}
                                -0.773    -0.573   -16.884    16.862    -1.299
 20      cbar      -4 [18] (4)   {-1}
                                 0.629     0.135   -16.704    15.017    -7.343
 22         g      21 [6] (23,24)   {+3,-2}
                                 9.009     9.693    23.213    27.057     4.256
 25      cbar      -4 [7] (26,31)   {-3}
                                -6.257    -9.193    -8.192    18.406    12.166
 26      cbar      -4 [25] (27,28)   {-8}
                                -6.834    -6.816    -8.973    15.668     8.475
 28         g      21 [26] (29,30)   {+9,-8}
                                -6.275    -3.400    -3.242     8.785     3.965
 32    Rem:p+      82 [8] (34,35,37)   
                                -0.494     0.492  5542.582  5542.584     4.915
 33    Rem:p+      82 [9] (36,38)   
                                 3.837    -1.916 -6411.265  6411.272     8.591
--- final:
 12      cbar      -4 [10]   14> {-4}
                                 1.076    -3.310   918.815   918.823     1.600
 14         g      21 [11]   16>>12 {+4,-5}
                                -0.606     1.404     3.241     3.707     0.950
 16         g      21 [13]   21>>14 {+5,-1}
                                -2.099     1.049     3.580     4.385     0.950
 19         c       4 [17]   >38 {+6}
                                -3.063     2.488   -71.794    71.920     1.600
 21         g      21 [18]   36>>16 {+1,-7}
                                -1.403    -0.708    -0.181     1.845     0.950
 23         g      21 [22]   35>>24 {+10,-2}
                                 2.820     5.700     9.700    11.637     0.950
 24         g      21 [22]   23>>31 {+3,-10}
                                 6.190     3.993    13.513    15.420     0.950
 27      cbar      -4 [26]   30> {-9}
                                -0.558    -3.416    -5.730     6.883     1.600
 29         g      21 [28]   31>>30 {+11,-8}
                                -1.618    -2.791    -1.547     3.702     0.950
 30         g      21 [28]   29>>27 {+9,-11}
                                -4.658    -0.609    -1.695     5.083     0.950
 31         g      21 [25]   24>>29 {+8,-3}
                                 0.576    -2.377     0.781     2.738     0.950
 34         c       4 [32]   >37 {+12}
                                -0.246    -0.486   960.710   960.711     1.600
 35         u       2 [32]   >23 {+2}
                                 0.318    -0.438  2490.277  2490.277     0.325
 36         u       2 [33]   >21 {+7}
                                 0.061    -0.040 -5143.929  5143.929     0.325
 37      ud_0    2101 [32]   34> {-12}
                                -0.566     1.415  2091.595  2091.596     0.650
 38      ud_0    2101 [33]   19> {-6}
                                 3.776    -1.876 -1267.336  1267.343     0.650
------------------------------------------------------------------------------
     Sum of momenta:                 0         0         0   1.3e+04   1.3e+04
Statistics for the ACDC sampler 'ACDCSampler':
Number of samplers:                49
Number of bins:                   284
Depth of bins:                     12
efficiency:                  0.175531
Total integrated xsec:         232919
        error in xsec:         4050.6
No exceptions reported in this run.
