>>>>>>>>>>>>>>>>>>>>>>>>>>>>>>>>>>>>>>>>>>>>>>>>>>>>>>>>>>>>>>>>>>>>>>>>>>>>>>
>>>> Toolkit for HEP Event Generation - ThePEG 02e817c0868e (default) <<<<<<<<
>>>> Tue Feb 23 10:34:12 2021                                             <<<<
<<<<<<<<<<<<<<<<<<<<<<<<<<<<<<<<<<<<<<<<<<<<<<<<<<<<<<<<<<<<<<<<<<<<<<<<<<<<<<

>> Herwig d97e658e076a (default) / ThePEG 02e817c0868e (default)

==============================================================================
Statistics for event handler 'EventHandler':
                                       generated    number of    Cross-section
                                          events     attempts             (nb)
==============================================================================
Total (from attempted events): including vetoed events           0.346(2)e+06
==============================================================================
Total (from generated events):            10000        10001     0.346(2)e+06
Events carry unit weights.
==============================================================================
Per matrix element breakdown:
MEHeavyQuark                                6705         6706     0.232(2)e+06
MEHeavyQuark2                               3295         3295     0.114(2)e+06
==============================================================================
>>>>>>>>>>>>>>>>>>>>>>>>>>>>>>>>>>>>>>>>>>>>>>>>>>>>>>>>>>>>>>>>>>>>>>>>>>>>>>
>>>> Toolkit for HEP Event Generation - ThePEG 02e817c0868e (default) <<<<<<<<
>>>> Tue Feb 23 10:34:12 2021                                             <<<<
<<<<<<<<<<<<<<<<<<<<<<<<<<<<<<<<<<<<<<<<<<<<<<<<<<<<<<<<<<<<<<<<<<<<<<<<<<<<<<

>> Herwig d97e658e076a (default) / ThePEG 02e817c0868e (default)

==============================================================================
Statistics for event handler 'EventHandler':
                                       generated    number of    Cross-section
                                          events     attempts             (nb)
==============================================================================
Total (from attempted events): including vetoed events           0.346(2)e+06
==============================================================================
Total (from generated events):            10000        10001     0.346(2)e+06
Events carry unit weights.
==============================================================================
Per matrix element breakdown:
MEHeavyQuark                                6705         6706     0.232(2)e+06
MEHeavyQuark2                               3295         3295     0.114(2)e+06
==============================================================================
>>>>>>>>>>>>>>>>>>>>>>>>>>>>>>>>>>>>>>>>>>>>>>>>>>>>>>>>>>>>>>>>>>>>>>>>>>>>>>
>>>> Toolkit for HEP Event Generation - ThePEG 02e817c0868e (default) <<<<<<<<
>>>> Tue Feb 23 10:34:12 2021                                             <<<<
<<<<<<<<<<<<<<<<<<<<<<<<<<<<<<<<<<<<<<<<<<<<<<<<<<<<<<<<<<<<<<<<<<<<<<<<<<<<<<

>> Herwig d97e658e076a (default) / ThePEG 02e817c0868e (default)

==============================================================================
Statistics for event handler 'EventHandler':
                                       generated    number of    Cross-section
                                          events     attempts             (nb)
==============================================================================
Total (from attempted events): including vetoed events           0.346(2)e+06
==============================================================================
Total (from generated events):            10000        10001     0.346(2)e+06
Events carry unit weights.
==============================================================================
Per matrix element breakdown:
MEHeavyQuark                                6705         6706     0.232(2)e+06
MEHeavyQuark2                               3295         3295     0.114(2)e+06
==============================================================================
>>>>>>>>>>>>>>>>>>>>>>>>>>>>>>>>>>>>>>>>>>>>>>>>>>>>>>>>>>>>>>>>>>>>>>>>>>>>>>
>>>> Toolkit for HEP Event Generation - ThePEG 02e817c0868e (default) <<<<<<<<
>>>> Tue Feb 23 10:34:12 2021                                             <<<<
<<<<<<<<<<<<<<<<<<<<<<<<<<<<<<<<<<<<<<<<<<<<<<<<<<<<<<<<<<<<<<<<<<<<<<<<<<<<<<

>> Herwig d97e658e076a (default) / ThePEG 02e817c0868e (default)

==============================================================================
Statistics for event handler 'EventHandler':
                                       generated    number of    Cross-section
                                          events     attempts             (nb)
==============================================================================
Total (from attempted events): including vetoed events           0.346(2)e+06
==============================================================================
Total (from generated events):            10000        10001     0.346(2)e+06
Events carry unit weights.
==============================================================================
Per matrix element breakdown:
MEHeavyQuark                                6705         6706     0.232(2)e+06
MEHeavyQuark2                               3295         3295     0.114(2)e+06
==============================================================================
>>>>>>>>>>>>>>>>>>>>>>>>>>>>>>>>>>>>>>>>>>>>>>>>>>>>>>>>>>>>>>>>>>>>>>>>>>>>>>
>>>> Toolkit for HEP Event Generation - ThePEG 02e817c0868e (default) <<<<<<<<
>>>> Tue Feb 23 10:34:12 2021                                             <<<<
<<<<<<<<<<<<<<<<<<<<<<<<<<<<<<<<<<<<<<<<<<<<<<<<<<<<<<<<<<<<<<<<<<<<<<<<<<<<<<

>> Herwig d97e658e076a (default) / ThePEG 02e817c0868e (default)

==============================================================================
Statistics for event handler 'EventHandler':
                                       generated    number of    Cross-section
                                          events     attempts             (nb)
==============================================================================
Total (from attempted events): including vetoed events           0.346(2)e+06
==============================================================================
Total (from generated events):            10000        10001     0.346(2)e+06
Events carry unit weights.
==============================================================================
Per matrix element breakdown:
MEHeavyQuark                                6705         6706     0.232(2)e+06
MEHeavyQuark2                               3295         3295     0.114(2)e+06
==============================================================================
>>>>>>>>>>>>>>>>>>>>>>>>>>>>>>>>>>>>>>>>>>>>>>>>>>>>>>>>>>>>>>>>>>>>>>>>>>>>>>
>>>> Toolkit for HEP Event Generation - ThePEG 02e817c0868e (default) <<<<<<<<
>>>> Tue Feb 23 10:34:12 2021                                             <<<<
<<<<<<<<<<<<<<<<<<<<<<<<<<<<<<<<<<<<<<<<<<<<<<<<<<<<<<<<<<<<<<<<<<<<<<<<<<<<<<

>> Herwig d97e658e076a (default) / ThePEG 02e817c0868e (default)

==============================================================================
Statistics for event handler 'EventHandler':
                                       generated    number of    Cross-section
                                          events     attempts             (nb)
==============================================================================
Total (from attempted events): including vetoed events           0.346(2)e+06
==============================================================================
Total (from generated events):            10000        10001     0.346(2)e+06
Events carry unit weights.
==============================================================================
Per matrix element breakdown:
MEHeavyQuark                                6705         6706     0.232(2)e+06
MEHeavyQuark2                               3295         3295     0.114(2)e+06
==============================================================================
>>>>>>>>>>>>>>>>>>>>>>>>>>>>>>>>>>>>>>>>>>>>>>>>>>>>>>>>>>>>>>>>>>>>>>>>>>>>>>
>>>> Toolkit for HEP Event Generation - ThePEG 02e817c0868e (default) <<<<<<<<
>>>> Tue Feb 23 10:34:12 2021                                             <<<<
<<<<<<<<<<<<<<<<<<<<<<<<<<<<<<<<<<<<<<<<<<<<<<<<<<<<<<<<<<<<<<<<<<<<<<<<<<<<<<

>> Herwig d97e658e076a (default) / ThePEG 02e817c0868e (default)

==============================================================================
Statistics for event handler 'EventHandler':
                                       generated    number of    Cross-section
                                          events     attempts             (nb)
==============================================================================
Total (from attempted events): including vetoed events           0.346(2)e+06
==============================================================================
Total (from generated events):            10000        10001     0.346(2)e+06
Events carry unit weights.
==============================================================================
Per matrix element breakdown:
MEHeavyQuark                                6705         6706     0.232(2)e+06
MEHeavyQuark2                               3295         3295     0.114(2)e+06
==============================================================================
>>>>>>>>>>>>>>>>>>>>>>>>>>>>>>>>>>>>>>>>>>>>>>>>>>>>>>>>>>>>>>>>>>>>>>>>>>>>>>
>>>> Toolkit for HEP Event Generation - ThePEG 02e817c0868e (default) <<<<<<<<
>>>> Tue Feb 23 10:34:12 2021                                             <<<<
<<<<<<<<<<<<<<<<<<<<<<<<<<<<<<<<<<<<<<<<<<<<<<<<<<<<<<<<<<<<<<<<<<<<<<<<<<<<<<

>> Herwig d97e658e076a (default) / ThePEG 02e817c0868e (default)

==============================================================================
Statistics for event handler 'EventHandler':
                                       generated    number of    Cross-section
                                          events     attempts             (nb)
==============================================================================
Total (from attempted events): including vetoed events           0.346(2)e+06
==============================================================================
Total (from generated events):            10000        10001     0.346(2)e+06
Events carry unit weights.
==============================================================================
Per matrix element breakdown:
MEHeavyQuark                                6705         6706     0.232(2)e+06
MEHeavyQuark2                               3295         3295     0.114(2)e+06
==============================================================================
>>>>>>>>>>>>>>>>>>>>>>>>>>>>>>>>>>>>>>>>>>>>>>>>>>>>>>>>>>>>>>>>>>>>>>>>>>>>>>
>>>> Toolkit for HEP Event Generation - ThePEG 02e817c0868e (default) <<<<<<<<
>>>> Tue Feb 23 10:34:15 2021                                             <<<<
<<<<<<<<<<<<<<<<<<<<<<<<<<<<<<<<<<<<<<<<<<<<<<<<<<<<<<<<<<<<<<<<<<<<<<<<<<<<<<

>> Herwig d97e658e076a (default) / ThePEG 02e817c0868e (default)

==============================================================================
Statistics for event handler 'EventHandler':
                                       generated    number of    Cross-section
                                          events     attempts             (nb)
==============================================================================
Total (from attempted events): including vetoed events           0.346(2)e+06
==============================================================================
Total (from generated events):            10000        10001     0.346(2)e+06
Events carry unit weights.
==============================================================================
Per matrix element breakdown:
MEHeavyQuark                                6705         6706     0.232(2)e+06
MEHeavyQuark2                               3295         3295     0.114(2)e+06
==============================================================================
>>>>>>>>>>>>>>>>>>>>>>>>>>>>>>>>>>>>>>>>>>>>>>>>>>>>>>>>>>>>>>>>>>>>>>>>>>>>>>
>>>> Toolkit for HEP Event Generation - ThePEG 02e817c0868e (default) <<<<<<<<
>>>> Tue Feb 23 10:34:15 2021                                             <<<<
<<<<<<<<<<<<<<<<<<<<<<<<<<<<<<<<<<<<<<<<<<<<<<<<<<<<<<<<<<<<<<<<<<<<<<<<<<<<<<

>> Herwig d97e658e076a (default) / ThePEG 02e817c0868e (default)

==============================================================================
Statistics for event handler 'EventHandler':
                                       generated    number of    Cross-section
                                          events     attempts             (nb)
==============================================================================
Total (from attempted events): including vetoed events           0.346(2)e+06
==============================================================================
Total (from generated events):            10000        10001     0.346(2)e+06
Events carry unit weights.
==============================================================================
Per matrix element breakdown:
MEHeavyQuark                                6705         6706     0.232(2)e+06
MEHeavyQuark2                               3295         3295     0.114(2)e+06
==============================================================================
>>>>>>>>>>>>>>>>>>>>>>>>>>>>>>>>>>>>>>>>>>>>>>>>>>>>>>>>>>>>>>>>>>>>>>>>>>>>>>
>>>> Toolkit for HEP Event Generation - ThePEG 02e817c0868e (default) <<<<<<<<
>>>> Tue Feb 23 10:34:15 2021                                             <<<<
<<<<<<<<<<<<<<<<<<<<<<<<<<<<<<<<<<<<<<<<<<<<<<<<<<<<<<<<<<<<<<<<<<<<<<<<<<<<<<

>> Herwig d97e658e076a (default) / ThePEG 02e817c0868e (default)

==============================================================================
Statistics for event handler 'EventHandler':
                                       generated    number of    Cross-section
                                          events     attempts             (nb)
==============================================================================
Total (from attempted events): including vetoed events           0.346(2)e+06
==============================================================================
Total (from generated events):            10000        10001     0.346(2)e+06
Events carry unit weights.
==============================================================================
Per matrix element breakdown:
MEHeavyQuark                                6705         6706     0.232(2)e+06
MEHeavyQuark2                               3295         3295     0.114(2)e+06
==============================================================================
>>>>>>>>>>>>>>>>>>>>>>>>>>>>>>>>>>>>>>>>>>>>>>>>>>>>>>>>>>>>>>>>>>>>>>>>>>>>>>
>>>> Toolkit for HEP Event Generation - ThePEG 02e817c0868e (default) <<<<<<<<
>>>> Tue Feb 23 10:34:15 2021                                             <<<<
<<<<<<<<<<<<<<<<<<<<<<<<<<<<<<<<<<<<<<<<<<<<<<<<<<<<<<<<<<<<<<<<<<<<<<<<<<<<<<

>> Herwig d97e658e076a (default) / ThePEG 02e817c0868e (default)

==============================================================================
Statistics for event handler 'EventHandler':
                                       generated    number of    Cross-section
                                          events     attempts             (nb)
==============================================================================
Total (from attempted events): including vetoed events           0.346(2)e+06
==============================================================================
Total (from generated events):            10000        10001     0.346(2)e+06
Events carry unit weights.
==============================================================================
Per matrix element breakdown:
MEHeavyQuark                                6705         6706     0.232(2)e+06
MEHeavyQuark2                               3295         3295     0.114(2)e+06
==============================================================================
>>>>>>>>>>>>>>>>>>>>>>>>>>>>>>>>>>>>>>>>>>>>>>>>>>>>>>>>>>>>>>>>>>>>>>>>>>>>>>
>>>> Toolkit for HEP Event Generation - ThePEG 02e817c0868e (default) <<<<<<<<
>>>> Tue Feb 23 10:34:15 2021                                             <<<<
<<<<<<<<<<<<<<<<<<<<<<<<<<<<<<<<<<<<<<<<<<<<<<<<<<<<<<<<<<<<<<<<<<<<<<<<<<<<<<

>> Herwig d97e658e076a (default) / ThePEG 02e817c0868e (default)

==============================================================================
Statistics for event handler 'EventHandler':
                                       generated    number of    Cross-section
                                          events     attempts             (nb)
==============================================================================
Total (from attempted events): including vetoed events           0.346(2)e+06
==============================================================================
Total (from generated events):            10000        10001     0.346(2)e+06
Events carry unit weights.
==============================================================================
Per matrix element breakdown:
MEHeavyQuark                                6705         6706     0.232(2)e+06
MEHeavyQuark2                               3295         3295     0.114(2)e+06
==============================================================================
>>>>>>>>>>>>>>>>>>>>>>>>>>>>>>>>>>>>>>>>>>>>>>>>>>>>>>>>>>>>>>>>>>>>>>>>>>>>>>
>>>> Toolkit for HEP Event Generation - ThePEG 02e817c0868e (default) <<<<<<<<
>>>> Tue Feb 23 10:34:15 2021                                             <<<<
<<<<<<<<<<<<<<<<<<<<<<<<<<<<<<<<<<<<<<<<<<<<<<<<<<<<<<<<<<<<<<<<<<<<<<<<<<<<<<

>> Herwig d97e658e076a (default) / ThePEG 02e817c0868e (default)

==============================================================================
Statistics for event handler 'EventHandler':
                                       generated    number of    Cross-section
                                          events     attempts             (nb)
==============================================================================
Total (from attempted events): including vetoed events           0.346(2)e+06
==============================================================================
Total (from generated events):            10000        10001     0.346(2)e+06
Events carry unit weights.
==============================================================================
Per matrix element breakdown:
MEHeavyQuark                                6705         6706     0.232(2)e+06
MEHeavyQuark2                               3295         3295     0.114(2)e+06
==============================================================================
>>>>>>>>>>>>>>>>>>>>>>>>>>>>>>>>>>>>>>>>>>>>>>>>>>>>>>>>>>>>>>>>>>>>>>>>>>>>>>
>>>> Toolkit for HEP Event Generation - ThePEG 02e817c0868e (default) <<<<<<<<
>>>> Tue Feb 23 10:34:15 2021                                             <<<<
<<<<<<<<<<<<<<<<<<<<<<<<<<<<<<<<<<<<<<<<<<<<<<<<<<<<<<<<<<<<<<<<<<<<<<<<<<<<<<

>> Herwig d97e658e076a (default) / ThePEG 02e817c0868e (default)

==============================================================================
Statistics for event handler 'EventHandler':
                                       generated    number of    Cross-section
                                          events     attempts             (nb)
==============================================================================
Total (from attempted events): including vetoed events           0.346(2)e+06
==============================================================================
Total (from generated events):            10000        10001     0.346(2)e+06
Events carry unit weights.
==============================================================================
Per matrix element breakdown:
MEHeavyQuark                                6705         6706     0.232(2)e+06
MEHeavyQuark2                               3295         3295     0.114(2)e+06
==============================================================================
>>>>>>>>>>>>>>>>>>>>>>>>>>>>>>>>>>>>>>>>>>>>>>>>>>>>>>>>>>>>>>>>>>>>>>>>>>>>>>
>>>> Toolkit for HEP Event Generation - ThePEG 02e817c0868e (default) <<<<<<<<
>>>> Tue Feb 23 10:34:14 2021                                             <<<<
<<<<<<<<<<<<<<<<<<<<<<<<<<<<<<<<<<<<<<<<<<<<<<<<<<<<<<<<<<<<<<<<<<<<<<<<<<<<<<

>> Herwig d97e658e076a (default) / ThePEG 02e817c0868e (default)

==============================================================================
Statistics for event handler 'EventHandler':
                                       generated    number of    Cross-section
                                          events     attempts             (nb)
==============================================================================
Total (from attempted events): including vetoed events           0.346(2)e+06
==============================================================================
Total (from generated events):            10000        10001     0.346(2)e+06
Events carry unit weights.
==============================================================================
Per matrix element breakdown:
MEHeavyQuark                                6705         6706     0.232(2)e+06
MEHeavyQuark2                               3295         3295     0.114(2)e+06
==============================================================================
>>>>>>>>>>>>>>>>>>>>>>>>>>>>>>>>>>>>>>>>>>>>>>>>>>>>>>>>>>>>>>>>>>>>>>>>>>>>>>
>>>> Toolkit for HEP Event Generation - ThePEG 02e817c0868e (default) <<<<<<<<
>>>> Tue Feb 23 10:34:15 2021                                             <<<<
<<<<<<<<<<<<<<<<<<<<<<<<<<<<<<<<<<<<<<<<<<<<<<<<<<<<<<<<<<<<<<<<<<<<<<<<<<<<<<

>> Herwig d97e658e076a (default) / ThePEG 02e817c0868e (default)

==============================================================================
Statistics for event handler 'EventHandler':
                                       generated    number of    Cross-section
                                          events     attempts             (nb)
==============================================================================
Total (from attempted events): including vetoed events           0.346(2)e+06
==============================================================================
Total (from generated events):            10000        10001     0.346(2)e+06
Events carry unit weights.
==============================================================================
Per matrix element breakdown:
MEHeavyQuark                                6705         6706     0.232(2)e+06
MEHeavyQuark2                               3295         3295     0.114(2)e+06
==============================================================================
>>>>>>>>>>>>>>>>>>>>>>>>>>>>>>>>>>>>>>>>>>>>>>>>>>>>>>>>>>>>>>>>>>>>>>>>>>>>>>
>>>> Toolkit for HEP Event Generation - ThePEG 02e817c0868e (default) <<<<<<<<
>>>> Tue Feb 23 10:34:15 2021                                             <<<<
<<<<<<<<<<<<<<<<<<<<<<<<<<<<<<<<<<<<<<<<<<<<<<<<<<<<<<<<<<<<<<<<<<<<<<<<<<<<<<

>> Herwig d97e658e076a (default) / ThePEG 02e817c0868e (default)

==============================================================================
Statistics for event handler 'EventHandler':
                                       generated    number of    Cross-section
                                          events     attempts             (nb)
==============================================================================
Total (from attempted events): including vetoed events           0.346(2)e+06
==============================================================================
Total (from generated events):            10000        10001     0.346(2)e+06
Events carry unit weights.
==============================================================================
Per matrix element breakdown:
MEHeavyQuark                                6705         6706     0.232(2)e+06
MEHeavyQuark2                               3295         3295     0.114(2)e+06
==============================================================================
>>>>>>>>>>>>>>>>>>>>>>>>>>>>>>>>>>>>>>>>>>>>>>>>>>>>>>>>>>>>>>>>>>>>>>>>>>>>>>
>>>> Toolkit for HEP Event Generation - ThePEG 02e817c0868e (default) <<<<<<<<
>>>> Tue Feb 23 10:34:15 2021                                             <<<<
<<<<<<<<<<<<<<<<<<<<<<<<<<<<<<<<<<<<<<<<<<<<<<<<<<<<<<<<<<<<<<<<<<<<<<<<<<<<<<

>> Herwig d97e658e076a (default) / ThePEG 02e817c0868e (default)

==============================================================================
Statistics for event handler 'EventHandler':
                                       generated    number of    Cross-section
                                          events     attempts             (nb)
==============================================================================
Total (from attempted events): including vetoed events           0.346(2)e+06
==============================================================================
Total (from generated events):            10000        10001     0.346(2)e+06
Events carry unit weights.
==============================================================================
Per matrix element breakdown:
MEHeavyQuark                                6705         6706     0.232(2)e+06
MEHeavyQuark2                               3295         3295     0.114(2)e+06
==============================================================================
>>>>>>>>>>>>>>>>>>>>>>>>>>>>>>>>>>>>>>>>>>>>>>>>>>>>>>>>>>>>>>>>>>>>>>>>>>>>>>
>>>> Toolkit for HEP Event Generation - ThePEG 02e817c0868e (default) <<<<<<<<
>>>> Tue Feb 23 10:34:16 2021                                             <<<<
<<<<<<<<<<<<<<<<<<<<<<<<<<<<<<<<<<<<<<<<<<<<<<<<<<<<<<<<<<<<<<<<<<<<<<<<<<<<<<

>> Herwig d97e658e076a (default) / ThePEG 02e817c0868e (default)

==============================================================================
Statistics for event handler 'EventHandler':
                                       generated    number of    Cross-section
                                          events     attempts             (nb)
==============================================================================
Total (from attempted events): including vetoed events           0.346(2)e+06
==============================================================================
Total (from generated events):            10000        10001     0.346(2)e+06
Events carry unit weights.
==============================================================================
Per matrix element breakdown:
MEHeavyQuark                                6705         6706     0.232(2)e+06
MEHeavyQuark2                               3295         3295     0.114(2)e+06
==============================================================================
>>>>>>>>>>>>>>>>>>>>>>>>>>>>>>>>>>>>>>>>>>>>>>>>>>>>>>>>>>>>>>>>>>>>>>>>>>>>>>
>>>> Toolkit for HEP Event Generation - ThePEG 02e817c0868e (default) <<<<<<<<
>>>> Tue Feb 23 10:34:15 2021                                             <<<<
<<<<<<<<<<<<<<<<<<<<<<<<<<<<<<<<<<<<<<<<<<<<<<<<<<<<<<<<<<<<<<<<<<<<<<<<<<<<<<

>> Herwig d97e658e076a (default) / ThePEG 02e817c0868e (default)

==============================================================================
Statistics for event handler 'EventHandler':
                                       generated    number of    Cross-section
                                          events     attempts             (nb)
==============================================================================
Total (from attempted events): including vetoed events           0.346(2)e+06
==============================================================================
Total (from generated events):            10000        10001     0.346(2)e+06
Events carry unit weights.
==============================================================================
Per matrix element breakdown:
MEHeavyQuark                                6705         6706     0.232(2)e+06
MEHeavyQuark2                               3295         3295     0.114(2)e+06
==============================================================================
>>>>>>>>>>>>>>>>>>>>>>>>>>>>>>>>>>>>>>>>>>>>>>>>>>>>>>>>>>>>>>>>>>>>>>>>>>>>>>
>>>> Toolkit for HEP Event Generation - ThePEG 02e817c0868e (default) <<<<<<<<
>>>> Tue Feb 23 10:34:15 2021                                             <<<<
<<<<<<<<<<<<<<<<<<<<<<<<<<<<<<<<<<<<<<<<<<<<<<<<<<<<<<<<<<<<<<<<<<<<<<<<<<<<<<

>> Herwig d97e658e076a (default) / ThePEG 02e817c0868e (default)

==============================================================================
Statistics for event handler 'EventHandler':
                                       generated    number of    Cross-section
                                          events     attempts             (nb)
==============================================================================
Total (from attempted events): including vetoed events           0.346(2)e+06
==============================================================================
Total (from generated events):            10000        10001     0.346(2)e+06
Events carry unit weights.
==============================================================================
Per matrix element breakdown:
MEHeavyQuark                                6705         6706     0.232(2)e+06
MEHeavyQuark2                               3295         3295     0.114(2)e+06
==============================================================================
>>>>>>>>>>>>>>>>>>>>>>>>>>>>>>>>>>>>>>>>>>>>>>>>>>>>>>>>>>>>>>>>>>>>>>>>>>>>>>
>>>> Toolkit for HEP Event Generation - ThePEG 02e817c0868e (default) <<<<<<<<
>>>> Tue Feb 23 10:34:15 2021                                             <<<<
<<<<<<<<<<<<<<<<<<<<<<<<<<<<<<<<<<<<<<<<<<<<<<<<<<<<<<<<<<<<<<<<<<<<<<<<<<<<<<

>> Herwig d97e658e076a (default) / ThePEG 02e817c0868e (default)

==============================================================================
Statistics for event handler 'EventHandler':
                                       generated    number of    Cross-section
                                          events     attempts             (nb)
==============================================================================
Total (from attempted events): including vetoed events           0.346(2)e+06
==============================================================================
Total (from generated events):            10000        10001     0.346(2)e+06
Events carry unit weights.
==============================================================================
Per matrix element breakdown:
MEHeavyQuark                                6705         6706     0.232(2)e+06
MEHeavyQuark2                               3295         3295     0.114(2)e+06
==============================================================================
>>>>>>>>>>>>>>>>>>>>>>>>>>>>>>>>>>>>>>>>>>>>>>>>>>>>>>>>>>>>>>>>>>>>>>>>>>>>>>
>>>> Toolkit for HEP Event Generation - ThePEG 02e817c0868e (default) <<<<<<<<
>>>> Tue Feb 23 10:34:15 2021                                             <<<<
<<<<<<<<<<<<<<<<<<<<<<<<<<<<<<<<<<<<<<<<<<<<<<<<<<<<<<<<<<<<<<<<<<<<<<<<<<<<<<

>> Herwig d97e658e076a (default) / ThePEG 02e817c0868e (default)

==============================================================================
Statistics for event handler 'EventHandler':
                                       generated    number of    Cross-section
                                          events     attempts             (nb)
==============================================================================
Total (from attempted events): including vetoed events           0.346(2)e+06
==============================================================================
Total (from generated events):            10000        10001     0.346(2)e+06
Events carry unit weights.
==============================================================================
Per matrix element breakdown:
MEHeavyQuark                                6705         6706     0.232(2)e+06
MEHeavyQuark2                               3295         3295     0.114(2)e+06
==============================================================================
>>>>>>>>>>>>>>>>>>>>>>>>>>>>>>>>>>>>>>>>>>>>>>>>>>>>>>>>>>>>>>>>>>>>>>>>>>>>>>
>>>> Toolkit for HEP Event Generation - ThePEG 02e817c0868e (default) <<<<<<<<
>>>> Tue Feb 23 10:34:14 2021                                             <<<<
<<<<<<<<<<<<<<<<<<<<<<<<<<<<<<<<<<<<<<<<<<<<<<<<<<<<<<<<<<<<<<<<<<<<<<<<<<<<<<

>> Herwig d97e658e076a (default) / ThePEG 02e817c0868e (default)

==============================================================================
Statistics for event handler 'EventHandler':
                                       generated    number of    Cross-section
                                          events     attempts             (nb)
==============================================================================
Total (from attempted events): including vetoed events           0.346(2)e+06
==============================================================================
Total (from generated events):            10000        10001     0.346(2)e+06
Events carry unit weights.
==============================================================================
Per matrix element breakdown:
MEHeavyQuark                                6705         6706     0.232(2)e+06
MEHeavyQuark2                               3295         3295     0.114(2)e+06
==============================================================================
>>>>>>>>>>>>>>>>>>>>>>>>>>>>>>>>>>>>>>>>>>>>>>>>>>>>>>>>>>>>>>>>>>>>>>>>>>>>>>
>>>> Toolkit for HEP Event Generation - ThePEG 02e817c0868e (default) <<<<<<<<
>>>> Tue Feb 23 10:34:12 2021                                             <<<<
<<<<<<<<<<<<<<<<<<<<<<<<<<<<<<<<<<<<<<<<<<<<<<<<<<<<<<<<<<<<<<<<<<<<<<<<<<<<<<

>> Herwig d97e658e076a (default) / ThePEG 02e817c0868e (default)

==============================================================================
Statistics for event handler 'EventHandler':
                                       generated    number of    Cross-section
                                          events     attempts             (nb)
==============================================================================
Total (from attempted events): including vetoed events           0.346(2)e+06
==============================================================================
Total (from generated events):            10000        10001     0.346(2)e+06
Events carry unit weights.
==============================================================================
Per matrix element breakdown:
MEHeavyQuark                                6705         6706     0.232(2)e+06
MEHeavyQuark2                               3295         3295     0.114(2)e+06
==============================================================================
>>>>>>>>>>>>>>>>>>>>>>>>>>>>>>>>>>>>>>>>>>>>>>>>>>>>>>>>>>>>>>>>>>>>>>>>>>>>>>
>>>> Toolkit for HEP Event Generation - ThePEG 02e817c0868e (default) <<<<<<<<
>>>> Tue Feb 23 10:34:09 2021                                             <<<<
<<<<<<<<<<<<<<<<<<<<<<<<<<<<<<<<<<<<<<<<<<<<<<<<<<<<<<<<<<<<<<<<<<<<<<<<<<<<<<

>> Herwig d97e658e076a (default) / ThePEG 02e817c0868e (default)

==============================================================================
Statistics for event handler 'EventHandler':
                                       generated    number of    Cross-section
                                          events     attempts             (nb)
==============================================================================
Total (from attempted events): including vetoed events           0.346(2)e+06
==============================================================================
Total (from generated events):            10000        10001     0.346(2)e+06
Events carry unit weights.
==============================================================================
Per matrix element breakdown:
MEHeavyQuark                                6705         6706     0.232(2)e+06
MEHeavyQuark2                               3295         3295     0.114(2)e+06
==============================================================================
>>>>>>>>>>>>>>>>>>>>>>>>>>>>>>>>>>>>>>>>>>>>>>>>>>>>>>>>>>>>>>>>>>>>>>>>>>>>>>
>>>> Toolkit for HEP Event Generation - ThePEG 02e817c0868e (default) <<<<<<<<
>>>> Tue Feb 23 10:34:12 2021                                             <<<<
<<<<<<<<<<<<<<<<<<<<<<<<<<<<<<<<<<<<<<<<<<<<<<<<<<<<<<<<<<<<<<<<<<<<<<<<<<<<<<

>> Herwig d97e658e076a (default) / ThePEG 02e817c0868e (default)

==============================================================================
Statistics for event handler 'EventHandler':
                                       generated    number of    Cross-section
                                          events     attempts             (nb)
==============================================================================
Total (from attempted events): including vetoed events           0.346(2)e+06
==============================================================================
Total (from generated events):            10000        10001     0.346(2)e+06
Events carry unit weights.
==============================================================================
Per matrix element breakdown:
MEHeavyQuark                                6705         6706     0.232(2)e+06
MEHeavyQuark2                               3295         3295     0.114(2)e+06
==============================================================================
>>>>>>>>>>>>>>>>>>>>>>>>>>>>>>>>>>>>>>>>>>>>>>>>>>>>>>>>>>>>>>>>>>>>>>>>>>>>>>
>>>> Toolkit for HEP Event Generation - ThePEG 02e817c0868e (default) <<<<<<<<
>>>> Tue Feb 23 10:34:12 2021                                             <<<<
<<<<<<<<<<<<<<<<<<<<<<<<<<<<<<<<<<<<<<<<<<<<<<<<<<<<<<<<<<<<<<<<<<<<<<<<<<<<<<

>> Herwig d97e658e076a (default) / ThePEG 02e817c0868e (default)

==============================================================================
Statistics for event handler 'EventHandler':
                                       generated    number of    Cross-section
                                          events     attempts             (nb)
==============================================================================
Total (from attempted events): including vetoed events           0.346(2)e+06
==============================================================================
Total (from generated events):            10000        10001     0.346(2)e+06
Events carry unit weights.
==============================================================================
Per matrix element breakdown:
MEHeavyQuark                                6705         6706     0.232(2)e+06
MEHeavyQuark2                               3295         3295     0.114(2)e+06
==============================================================================
>>>>>>>>>>>>>>>>>>>>>>>>>>>>>>>>>>>>>>>>>>>>>>>>>>>>>>>>>>>>>>>>>>>>>>>>>>>>>>
>>>> Toolkit for HEP Event Generation - ThePEG 02e817c0868e (default) <<<<<<<<
>>>> Tue Feb 23 10:34:09 2021                                             <<<<
<<<<<<<<<<<<<<<<<<<<<<<<<<<<<<<<<<<<<<<<<<<<<<<<<<<<<<<<<<<<<<<<<<<<<<<<<<<<<<

>> Herwig d97e658e076a (default) / ThePEG 02e817c0868e (default)

==============================================================================
Statistics for event handler 'EventHandler':
                                       generated    number of    Cross-section
                                          events     attempts             (nb)
==============================================================================
Total (from attempted events): including vetoed events           0.346(2)e+06
==============================================================================
Total (from generated events):            10000        10001     0.346(2)e+06
Events carry unit weights.
==============================================================================
Per matrix element breakdown:
MEHeavyQuark                                6705         6706     0.232(2)e+06
MEHeavyQuark2                               3295         3295     0.114(2)e+06
==============================================================================
>>>>>>>>>>>>>>>>>>>>>>>>>>>>>>>>>>>>>>>>>>>>>>>>>>>>>>>>>>>>>>>>>>>>>>>>>>>>>>
>>>> Toolkit for HEP Event Generation - ThePEG 02e817c0868e (default) <<<<<<<<
>>>> Tue Feb 23 10:34:12 2021                                             <<<<
<<<<<<<<<<<<<<<<<<<<<<<<<<<<<<<<<<<<<<<<<<<<<<<<<<<<<<<<<<<<<<<<<<<<<<<<<<<<<<

>> Herwig d97e658e076a (default) / ThePEG 02e817c0868e (default)

==============================================================================
Statistics for event handler 'EventHandler':
                                       generated    number of    Cross-section
                                          events     attempts             (nb)
==============================================================================
Total (from attempted events): including vetoed events           0.346(2)e+06
==============================================================================
Total (from generated events):            10000        10001     0.346(2)e+06
Events carry unit weights.
==============================================================================
Per matrix element breakdown:
MEHeavyQuark                                6705         6706     0.232(2)e+06
MEHeavyQuark2                               3295         3295     0.114(2)e+06
==============================================================================
>>>>>>>>>>>>>>>>>>>>>>>>>>>>>>>>>>>>>>>>>>>>>>>>>>>>>>>>>>>>>>>>>>>>>>>>>>>>>>
>>>> Toolkit for HEP Event Generation - ThePEG 02e817c0868e (default) <<<<<<<<
>>>> Tue Feb 23 10:34:12 2021                                             <<<<
<<<<<<<<<<<<<<<<<<<<<<<<<<<<<<<<<<<<<<<<<<<<<<<<<<<<<<<<<<<<<<<<<<<<<<<<<<<<<<

>> Herwig d97e658e076a (default) / ThePEG 02e817c0868e (default)

==============================================================================
Statistics for event handler 'EventHandler':
                                       generated    number of    Cross-section
                                          events     attempts             (nb)
==============================================================================
Total (from attempted events): including vetoed events           0.346(2)e+06
==============================================================================
Total (from generated events):            10000        10001     0.346(2)e+06
Events carry unit weights.
==============================================================================
Per matrix element breakdown:
MEHeavyQuark                                6705         6706     0.232(2)e+06
MEHeavyQuark2                               3295         3295     0.114(2)e+06
==============================================================================
>>>>>>>>>>>>>>>>>>>>>>>>>>>>>>>>>>>>>>>>>>>>>>>>>>>>>>>>>>>>>>>>>>>>>>>>>>>>>>
>>>> Toolkit for HEP Event Generation - ThePEG 02e817c0868e (default) <<<<<<<<
>>>> Tue Feb 23 10:34:12 2021                                             <<<<
<<<<<<<<<<<<<<<<<<<<<<<<<<<<<<<<<<<<<<<<<<<<<<<<<<<<<<<<<<<<<<<<<<<<<<<<<<<<<<

>> Herwig d97e658e076a (default) / ThePEG 02e817c0868e (default)

==============================================================================
Statistics for event handler 'EventHandler':
                                       generated    number of    Cross-section
                                          events     attempts             (nb)
==============================================================================
Total (from attempted events): including vetoed events           0.346(2)e+06
==============================================================================
Total (from generated events):            10000        10001     0.346(2)e+06
Events carry unit weights.
==============================================================================
Per matrix element breakdown:
MEHeavyQuark                                6705         6706     0.232(2)e+06
MEHeavyQuark2                               3295         3295     0.114(2)e+06
==============================================================================
>>>>>>>>>>>>>>>>>>>>>>>>>>>>>>>>>>>>>>>>>>>>>>>>>>>>>>>>>>>>>>>>>>>>>>>>>>>>>>
>>>> Toolkit for HEP Event Generation - ThePEG 02e817c0868e (default) <<<<<<<<
>>>> Tue Feb 23 10:34:12 2021                                             <<<<
<<<<<<<<<<<<<<<<<<<<<<<<<<<<<<<<<<<<<<<<<<<<<<<<<<<<<<<<<<<<<<<<<<<<<<<<<<<<<<

>> Herwig d97e658e076a (default) / ThePEG 02e817c0868e (default)

==============================================================================
Statistics for event handler 'EventHandler':
                                       generated    number of    Cross-section
                                          events     attempts             (nb)
==============================================================================
Total (from attempted events): including vetoed events           0.346(2)e+06
==============================================================================
Total (from generated events):            10000        10001     0.346(2)e+06
Events carry unit weights.
==============================================================================
Per matrix element breakdown:
MEHeavyQuark                                6705         6706     0.232(2)e+06
MEHeavyQuark2                               3295         3295     0.114(2)e+06
==============================================================================
>>>>>>>>>>>>>>>>>>>>>>>>>>>>>>>>>>>>>>>>>>>>>>>>>>>>>>>>>>>>>>>>>>>>>>>>>>>>>>
>>>> Toolkit for HEP Event Generation - ThePEG 02e817c0868e (default) <<<<<<<<
>>>> Tue Feb 23 10:34:12 2021                                             <<<<
<<<<<<<<<<<<<<<<<<<<<<<<<<<<<<<<<<<<<<<<<<<<<<<<<<<<<<<<<<<<<<<<<<<<<<<<<<<<<<

>> Herwig d97e658e076a (default) / ThePEG 02e817c0868e (default)

==============================================================================
Statistics for event handler 'EventHandler':
                                       generated    number of    Cross-section
                                          events     attempts             (nb)
==============================================================================
Total (from attempted events): including vetoed events           0.346(2)e+06
==============================================================================
Total (from generated events):            10000        10001     0.346(2)e+06
Events carry unit weights.
==============================================================================
Per matrix element breakdown:
MEHeavyQuark                                6705         6706     0.232(2)e+06
MEHeavyQuark2                               3295         3295     0.114(2)e+06
==============================================================================
>>>>>>>>>>>>>>>>>>>>>>>>>>>>>>>>>>>>>>>>>>>>>>>>>>>>>>>>>>>>>>>>>>>>>>>>>>>>>>
>>>> Toolkit for HEP Event Generation - ThePEG 02e817c0868e (default) <<<<<<<<
>>>> Tue Feb 23 10:34:13 2021                                             <<<<
<<<<<<<<<<<<<<<<<<<<<<<<<<<<<<<<<<<<<<<<<<<<<<<<<<<<<<<<<<<<<<<<<<<<<<<<<<<<<<

>> Herwig d97e658e076a (default) / ThePEG 02e817c0868e (default)

==============================================================================
Statistics for event handler 'EventHandler':
                                       generated    number of    Cross-section
                                          events     attempts             (nb)
==============================================================================
Total (from attempted events): including vetoed events           0.346(2)e+06
==============================================================================
Total (from generated events):            10000        10001     0.346(2)e+06
Events carry unit weights.
==============================================================================
Per matrix element breakdown:
MEHeavyQuark                                6705         6706     0.232(2)e+06
MEHeavyQuark2                               3295         3295     0.114(2)e+06
==============================================================================
>>>>>>>>>>>>>>>>>>>>>>>>>>>>>>>>>>>>>>>>>>>>>>>>>>>>>>>>>>>>>>>>>>>>>>>>>>>>>>
>>>> Toolkit for HEP Event Generation - ThePEG 02e817c0868e (default) <<<<<<<<
>>>> Tue Feb 23 10:34:13 2021                                             <<<<
<<<<<<<<<<<<<<<<<<<<<<<<<<<<<<<<<<<<<<<<<<<<<<<<<<<<<<<<<<<<<<<<<<<<<<<<<<<<<<

>> Herwig d97e658e076a (default) / ThePEG 02e817c0868e (default)

==============================================================================
Statistics for event handler 'EventHandler':
                                       generated    number of    Cross-section
                                          events     attempts             (nb)
==============================================================================
Total (from attempted events): including vetoed events           0.346(2)e+06
==============================================================================
Total (from generated events):            10000        10001     0.346(2)e+06
Events carry unit weights.
==============================================================================
Per matrix element breakdown:
MEHeavyQuark                                6705         6706     0.232(2)e+06
MEHeavyQuark2                               3295         3295     0.114(2)e+06
==============================================================================
>>>>>>>>>>>>>>>>>>>>>>>>>>>>>>>>>>>>>>>>>>>>>>>>>>>>>>>>>>>>>>>>>>>>>>>>>>>>>>
>>>> Toolkit for HEP Event Generation - ThePEG 02e817c0868e (default) <<<<<<<<
>>>> Tue Feb 23 10:34:10 2021                                             <<<<
<<<<<<<<<<<<<<<<<<<<<<<<<<<<<<<<<<<<<<<<<<<<<<<<<<<<<<<<<<<<<<<<<<<<<<<<<<<<<<

>> Herwig d97e658e076a (default) / ThePEG 02e817c0868e (default)

==============================================================================
Statistics for event handler 'EventHandler':
                                       generated    number of    Cross-section
                                          events     attempts             (nb)
==============================================================================
Total (from attempted events): including vetoed events           0.346(2)e+06
==============================================================================
Total (from generated events):            10000        10001     0.346(2)e+06
Events carry unit weights.
==============================================================================
Per matrix element breakdown:
MEHeavyQuark                                6705         6706     0.232(2)e+06
MEHeavyQuark2                               3295         3295     0.114(2)e+06
==============================================================================
>>>>>>>>>>>>>>>>>>>>>>>>>>>>>>>>>>>>>>>>>>>>>>>>>>>>>>>>>>>>>>>>>>>>>>>>>>>>>>
>>>> Toolkit for HEP Event Generation - ThePEG 02e817c0868e (default) <<<<<<<<
>>>> Tue Feb 23 10:34:13 2021                                             <<<<
<<<<<<<<<<<<<<<<<<<<<<<<<<<<<<<<<<<<<<<<<<<<<<<<<<<<<<<<<<<<<<<<<<<<<<<<<<<<<<

>> Herwig d97e658e076a (default) / ThePEG 02e817c0868e (default)

==============================================================================
Statistics for event handler 'EventHandler':
                                       generated    number of    Cross-section
                                          events     attempts             (nb)
==============================================================================
Total (from attempted events): including vetoed events           0.346(2)e+06
==============================================================================
Total (from generated events):            10000        10001     0.346(2)e+06
Events carry unit weights.
==============================================================================
Per matrix element breakdown:
MEHeavyQuark                                6705         6706     0.232(2)e+06
MEHeavyQuark2                               3295         3295     0.114(2)e+06
==============================================================================
>>>>>>>>>>>>>>>>>>>>>>>>>>>>>>>>>>>>>>>>>>>>>>>>>>>>>>>>>>>>>>>>>>>>>>>>>>>>>>
>>>> Toolkit for HEP Event Generation - ThePEG 02e817c0868e (default) <<<<<<<<
>>>> Tue Feb 23 10:34:12 2021                                             <<<<
<<<<<<<<<<<<<<<<<<<<<<<<<<<<<<<<<<<<<<<<<<<<<<<<<<<<<<<<<<<<<<<<<<<<<<<<<<<<<<

>> Herwig d97e658e076a (default) / ThePEG 02e817c0868e (default)

==============================================================================
Statistics for event handler 'EventHandler':
                                       generated    number of    Cross-section
                                          events     attempts             (nb)
==============================================================================
Total (from attempted events): including vetoed events           0.346(2)e+06
==============================================================================
Total (from generated events):            10000        10001     0.346(2)e+06
Events carry unit weights.
==============================================================================
Per matrix element breakdown:
MEHeavyQuark                                6705         6706     0.232(2)e+06
MEHeavyQuark2                               3295         3295     0.114(2)e+06
==============================================================================
>>>>>>>>>>>>>>>>>>>>>>>>>>>>>>>>>>>>>>>>>>>>>>>>>>>>>>>>>>>>>>>>>>>>>>>>>>>>>>
>>>> Toolkit for HEP Event Generation - ThePEG 02e817c0868e (default) <<<<<<<<
>>>> Tue Feb 23 10:34:12 2021                                             <<<<
<<<<<<<<<<<<<<<<<<<<<<<<<<<<<<<<<<<<<<<<<<<<<<<<<<<<<<<<<<<<<<<<<<<<<<<<<<<<<<

>> Herwig d97e658e076a (default) / ThePEG 02e817c0868e (default)

==============================================================================
Statistics for event handler 'EventHandler':
                                       generated    number of    Cross-section
                                          events     attempts             (nb)
==============================================================================
Total (from attempted events): including vetoed events           0.346(2)e+06
==============================================================================
Total (from generated events):            10000        10001     0.346(2)e+06
Events carry unit weights.
==============================================================================
Per matrix element breakdown:
MEHeavyQuark                                6705         6706     0.232(2)e+06
MEHeavyQuark2                               3295         3295     0.114(2)e+06
==============================================================================
>>>>>>>>>>>>>>>>>>>>>>>>>>>>>>>>>>>>>>>>>>>>>>>>>>>>>>>>>>>>>>>>>>>>>>>>>>>>>>
>>>> Toolkit for HEP Event Generation - ThePEG 02e817c0868e (default) <<<<<<<<
>>>> Tue Feb 23 10:34:09 2021                                             <<<<
<<<<<<<<<<<<<<<<<<<<<<<<<<<<<<<<<<<<<<<<<<<<<<<<<<<<<<<<<<<<<<<<<<<<<<<<<<<<<<

>> Herwig d97e658e076a (default) / ThePEG 02e817c0868e (default)

==============================================================================
Statistics for event handler 'EventHandler':
                                       generated    number of    Cross-section
                                          events     attempts             (nb)
==============================================================================
Total (from attempted events): including vetoed events           0.346(2)e+06
==============================================================================
Total (from generated events):            10000        10001     0.346(2)e+06
Events carry unit weights.
==============================================================================
Per matrix element breakdown:
MEHeavyQuark                                6705         6706     0.232(2)e+06
MEHeavyQuark2                               3295         3295     0.114(2)e+06
==============================================================================
>>>>>>>>>>>>>>>>>>>>>>>>>>>>>>>>>>>>>>>>>>>>>>>>>>>>>>>>>>>>>>>>>>>>>>>>>>>>>>
>>>> Toolkit for HEP Event Generation - ThePEG 02e817c0868e (default) <<<<<<<<
>>>> Tue Feb 23 10:34:13 2021                                             <<<<
<<<<<<<<<<<<<<<<<<<<<<<<<<<<<<<<<<<<<<<<<<<<<<<<<<<<<<<<<<<<<<<<<<<<<<<<<<<<<<

>> Herwig d97e658e076a (default) / ThePEG 02e817c0868e (default)

==============================================================================
Statistics for event handler 'EventHandler':
                                       generated    number of    Cross-section
                                          events     attempts             (nb)
==============================================================================
Total (from attempted events): including vetoed events           0.346(2)e+06
==============================================================================
Total (from generated events):            10000        10001     0.346(2)e+06
Events carry unit weights.
==============================================================================
Per matrix element breakdown:
MEHeavyQuark                                6705         6706     0.232(2)e+06
MEHeavyQuark2                               3295         3295     0.114(2)e+06
==============================================================================
>>>>>>>>>>>>>>>>>>>>>>>>>>>>>>>>>>>>>>>>>>>>>>>>>>>>>>>>>>>>>>>>>>>>>>>>>>>>>>
>>>> Toolkit for HEP Event Generation - ThePEG 02e817c0868e (default) <<<<<<<<
>>>> Tue Feb 23 10:34:09 2021                                             <<<<
<<<<<<<<<<<<<<<<<<<<<<<<<<<<<<<<<<<<<<<<<<<<<<<<<<<<<<<<<<<<<<<<<<<<<<<<<<<<<<

>> Herwig d97e658e076a (default) / ThePEG 02e817c0868e (default)

==============================================================================
Statistics for event handler 'EventHandler':
                                       generated    number of    Cross-section
                                          events     attempts             (nb)
==============================================================================
Total (from attempted events): including vetoed events           0.346(2)e+06
==============================================================================
Total (from generated events):            10000        10001     0.346(2)e+06
Events carry unit weights.
==============================================================================
Per matrix element breakdown:
MEHeavyQuark                                6705         6706     0.232(2)e+06
MEHeavyQuark2                               3295         3295     0.114(2)e+06
==============================================================================
>>>>>>>>>>>>>>>>>>>>>>>>>>>>>>>>>>>>>>>>>>>>>>>>>>>>>>>>>>>>>>>>>>>>>>>>>>>>>>
>>>> Toolkit for HEP Event Generation - ThePEG 02e817c0868e (default) <<<<<<<<
>>>> Tue Feb 23 10:34:12 2021                                             <<<<
<<<<<<<<<<<<<<<<<<<<<<<<<<<<<<<<<<<<<<<<<<<<<<<<<<<<<<<<<<<<<<<<<<<<<<<<<<<<<<

>> Herwig d97e658e076a (default) / ThePEG 02e817c0868e (default)

==============================================================================
Statistics for event handler 'EventHandler':
                                       generated    number of    Cross-section
                                          events     attempts             (nb)
==============================================================================
Total (from attempted events): including vetoed events           0.346(2)e+06
==============================================================================
Total (from generated events):            10000        10001     0.346(2)e+06
Events carry unit weights.
==============================================================================
Per matrix element breakdown:
MEHeavyQuark                                6705         6706     0.232(2)e+06
MEHeavyQuark2                               3295         3295     0.114(2)e+06
==============================================================================
>>>>>>>>>>>>>>>>>>>>>>>>>>>>>>>>>>>>>>>>>>>>>>>>>>>>>>>>>>>>>>>>>>>>>>>>>>>>>>
>>>> Toolkit for HEP Event Generation - ThePEG 02e817c0868e (default) <<<<<<<<
>>>> Tue Feb 23 10:34:12 2021                                             <<<<
<<<<<<<<<<<<<<<<<<<<<<<<<<<<<<<<<<<<<<<<<<<<<<<<<<<<<<<<<<<<<<<<<<<<<<<<<<<<<<

>> Herwig d97e658e076a (default) / ThePEG 02e817c0868e (default)

==============================================================================
Statistics for event handler 'EventHandler':
                                       generated    number of    Cross-section
                                          events     attempts             (nb)
==============================================================================
Total (from attempted events): including vetoed events           0.346(2)e+06
==============================================================================
Total (from generated events):            10000        10001     0.346(2)e+06
Events carry unit weights.
==============================================================================
Per matrix element breakdown:
MEHeavyQuark                                6705         6706     0.232(2)e+06
MEHeavyQuark2                               3295         3295     0.114(2)e+06
==============================================================================
>>>>>>>>>>>>>>>>>>>>>>>>>>>>>>>>>>>>>>>>>>>>>>>>>>>>>>>>>>>>>>>>>>>>>>>>>>>>>>
>>>> Toolkit for HEP Event Generation - ThePEG 02e817c0868e (default) <<<<<<<<
>>>> Tue Feb 23 10:34:13 2021                                             <<<<
<<<<<<<<<<<<<<<<<<<<<<<<<<<<<<<<<<<<<<<<<<<<<<<<<<<<<<<<<<<<<<<<<<<<<<<<<<<<<<

>> Herwig d97e658e076a (default) / ThePEG 02e817c0868e (default)

==============================================================================
Statistics for event handler 'EventHandler':
                                       generated    number of    Cross-section
                                          events     attempts             (nb)
==============================================================================
Total (from attempted events): including vetoed events           0.346(2)e+06
==============================================================================
Total (from generated events):            10000        10001     0.346(2)e+06
Events carry unit weights.
==============================================================================
Per matrix element breakdown:
MEHeavyQuark                                6705         6706     0.232(2)e+06
MEHeavyQuark2                               3295         3295     0.114(2)e+06
==============================================================================
>>>>>>>>>>>>>>>>>>>>>>>>>>>>>>>>>>>>>>>>>>>>>>>>>>>>>>>>>>>>>>>>>>>>>>>>>>>>>>
>>>> Toolkit for HEP Event Generation - ThePEG 02e817c0868e (default) <<<<<<<<
>>>> Tue Feb 23 10:34:12 2021                                             <<<<
<<<<<<<<<<<<<<<<<<<<<<<<<<<<<<<<<<<<<<<<<<<<<<<<<<<<<<<<<<<<<<<<<<<<<<<<<<<<<<

>> Herwig d97e658e076a (default) / ThePEG 02e817c0868e (default)

==============================================================================
Statistics for event handler 'EventHandler':
                                       generated    number of    Cross-section
                                          events     attempts             (nb)
==============================================================================
Total (from attempted events): including vetoed events           0.346(2)e+06
==============================================================================
Total (from generated events):            10000        10001     0.346(2)e+06
Events carry unit weights.
==============================================================================
Per matrix element breakdown:
MEHeavyQuark                                6705         6706     0.232(2)e+06
MEHeavyQuark2                               3295         3295     0.114(2)e+06
==============================================================================
>>>>>>>>>>>>>>>>>>>>>>>>>>>>>>>>>>>>>>>>>>>>>>>>>>>>>>>>>>>>>>>>>>>>>>>>>>>>>>
>>>> Toolkit for HEP Event Generation - ThePEG 02e817c0868e (default) <<<<<<<<
>>>> Tue Feb 23 10:34:12 2021                                             <<<<
<<<<<<<<<<<<<<<<<<<<<<<<<<<<<<<<<<<<<<<<<<<<<<<<<<<<<<<<<<<<<<<<<<<<<<<<<<<<<<

>> Herwig d97e658e076a (default) / ThePEG 02e817c0868e (default)

==============================================================================
Statistics for event handler 'EventHandler':
                                       generated    number of    Cross-section
                                          events     attempts             (nb)
==============================================================================
Total (from attempted events): including vetoed events           0.346(2)e+06
==============================================================================
Total (from generated events):            10000        10001     0.346(2)e+06
Events carry unit weights.
==============================================================================
Per matrix element breakdown:
MEHeavyQuark                                6705         6706     0.232(2)e+06
MEHeavyQuark2                               3295         3295     0.114(2)e+06
==============================================================================
>>>>>>>>>>>>>>>>>>>>>>>>>>>>>>>>>>>>>>>>>>>>>>>>>>>>>>>>>>>>>>>>>>>>>>>>>>>>>>
>>>> Toolkit for HEP Event Generation - ThePEG 02e817c0868e (default) <<<<<<<<
>>>> Tue Feb 23 10:34:12 2021                                             <<<<
<<<<<<<<<<<<<<<<<<<<<<<<<<<<<<<<<<<<<<<<<<<<<<<<<<<<<<<<<<<<<<<<<<<<<<<<<<<<<<

>> Herwig d97e658e076a (default) / ThePEG 02e817c0868e (default)

==============================================================================
Statistics for event handler 'EventHandler':
                                       generated    number of    Cross-section
                                          events     attempts             (nb)
==============================================================================
Total (from attempted events): including vetoed events           0.346(2)e+06
==============================================================================
Total (from generated events):            10000        10001     0.346(2)e+06
Events carry unit weights.
==============================================================================
Per matrix element breakdown:
MEHeavyQuark                                6705         6706     0.232(2)e+06
MEHeavyQuark2                               3295         3295     0.114(2)e+06
==============================================================================
