>>>>>>>>>>>>>>>>>>>>>>>>>>>>>>>>>>>>>>>>>>>>>>>>>>>>>>>>>>>>>>>>>>>>>>>>>>>>>>
>>>> Toolkit for HEP Event Generation - ThePEG 02e817c0868e (default) <<<<<<<<
>>>> Wed Feb 24 00:07:51 2021                                             <<<<
<<<<<<<<<<<<<<<<<<<<<<<<<<<<<<<<<<<<<<<<<<<<<<<<<<<<<<<<<<<<<<<<<<<<<<<<<<<<<<

>> Herwig d97e658e076a (default) / ThePEG 02e817c0868e (default)

==============================================================================
Statistics for event handler 'EventHandler':
                                       generated    number of    Cross-section
                                          events     attempts             (nb)
==============================================================================
Total (from attempted events): including vetoed events           0.345(2)e+06
==============================================================================
Total (from generated events):            10000        10003     0.345(2)e+06
Events carry unit weights.
==============================================================================
Per matrix element breakdown:
MEHeavyQuark                                6688         6689     0.231(2)e+06
MEHeavyQuark2                               3312         3314     0.114(2)e+06
==============================================================================
>>>>>>>>>>>>>>>>>>>>>>>>>>>>>>>>>>>>>>>>>>>>>>>>>>>>>>>>>>>>>>>>>>>>>>>>>>>>>>
>>>> Toolkit for HEP Event Generation - ThePEG 02e817c0868e (default) <<<<<<<<
>>>> Wed Feb 24 00:09:10 2021                                             <<<<
<<<<<<<<<<<<<<<<<<<<<<<<<<<<<<<<<<<<<<<<<<<<<<<<<<<<<<<<<<<<<<<<<<<<<<<<<<<<<<

>> Herwig d97e658e076a (default) / ThePEG 02e817c0868e (default)

==============================================================================
Statistics for event handler 'EventHandler':
                                       generated    number of    Cross-section
                                          events     attempts             (nb)
==============================================================================
Total (from attempted events): including vetoed events           0.345(2)e+06
==============================================================================
Total (from generated events):            10000        10003     0.345(2)e+06
Events carry unit weights.
==============================================================================
Per matrix element breakdown:
MEHeavyQuark                                6688         6689     0.231(2)e+06
MEHeavyQuark2                               3312         3314     0.114(2)e+06
==============================================================================
>>>>>>>>>>>>>>>>>>>>>>>>>>>>>>>>>>>>>>>>>>>>>>>>>>>>>>>>>>>>>>>>>>>>>>>>>>>>>>
>>>> Toolkit for HEP Event Generation - ThePEG 02e817c0868e (default) <<<<<<<<
>>>> Wed Feb 24 00:09:35 2021                                             <<<<
<<<<<<<<<<<<<<<<<<<<<<<<<<<<<<<<<<<<<<<<<<<<<<<<<<<<<<<<<<<<<<<<<<<<<<<<<<<<<<

>> Herwig d97e658e076a (default) / ThePEG 02e817c0868e (default)

==============================================================================
Statistics for event handler 'EventHandler':
                                       generated    number of    Cross-section
                                          events     attempts             (nb)
==============================================================================
Total (from attempted events): including vetoed events           0.345(2)e+06
==============================================================================
Total (from generated events):            10000        10003     0.345(2)e+06
Events carry unit weights.
==============================================================================
Per matrix element breakdown:
MEHeavyQuark                                6688         6689     0.231(2)e+06
MEHeavyQuark2                               3312         3314     0.114(2)e+06
==============================================================================
>>>>>>>>>>>>>>>>>>>>>>>>>>>>>>>>>>>>>>>>>>>>>>>>>>>>>>>>>>>>>>>>>>>>>>>>>>>>>>
>>>> Toolkit for HEP Event Generation - ThePEG 02e817c0868e (default) <<<<<<<<
>>>> Wed Feb 24 00:09:34 2021                                             <<<<
<<<<<<<<<<<<<<<<<<<<<<<<<<<<<<<<<<<<<<<<<<<<<<<<<<<<<<<<<<<<<<<<<<<<<<<<<<<<<<

>> Herwig d97e658e076a (default) / ThePEG 02e817c0868e (default)

==============================================================================
Statistics for event handler 'EventHandler':
                                       generated    number of    Cross-section
                                          events     attempts             (nb)
==============================================================================
Total (from attempted events): including vetoed events           0.345(2)e+06
==============================================================================
Total (from generated events):            10000        10003     0.345(2)e+06
Events carry unit weights.
==============================================================================
Per matrix element breakdown:
MEHeavyQuark                                6688         6689     0.231(2)e+06
MEHeavyQuark2                               3312         3314     0.114(2)e+06
==============================================================================
>>>>>>>>>>>>>>>>>>>>>>>>>>>>>>>>>>>>>>>>>>>>>>>>>>>>>>>>>>>>>>>>>>>>>>>>>>>>>>
>>>> Toolkit for HEP Event Generation - ThePEG 02e817c0868e (default) <<<<<<<<
>>>> Wed Feb 24 00:09:20 2021                                             <<<<
<<<<<<<<<<<<<<<<<<<<<<<<<<<<<<<<<<<<<<<<<<<<<<<<<<<<<<<<<<<<<<<<<<<<<<<<<<<<<<

>> Herwig d97e658e076a (default) / ThePEG 02e817c0868e (default)

==============================================================================
Statistics for event handler 'EventHandler':
                                       generated    number of    Cross-section
                                          events     attempts             (nb)
==============================================================================
Total (from attempted events): including vetoed events           0.345(2)e+06
==============================================================================
Total (from generated events):            10000        10003     0.345(2)e+06
Events carry unit weights.
==============================================================================
Per matrix element breakdown:
MEHeavyQuark                                6688         6689     0.231(2)e+06
MEHeavyQuark2                               3312         3314     0.114(2)e+06
==============================================================================
>>>>>>>>>>>>>>>>>>>>>>>>>>>>>>>>>>>>>>>>>>>>>>>>>>>>>>>>>>>>>>>>>>>>>>>>>>>>>>
>>>> Toolkit for HEP Event Generation - ThePEG 02e817c0868e (default) <<<<<<<<
>>>> Wed Feb 24 00:09:51 2021                                             <<<<
<<<<<<<<<<<<<<<<<<<<<<<<<<<<<<<<<<<<<<<<<<<<<<<<<<<<<<<<<<<<<<<<<<<<<<<<<<<<<<

>> Herwig d97e658e076a (default) / ThePEG 02e817c0868e (default)

==============================================================================
Statistics for event handler 'EventHandler':
                                       generated    number of    Cross-section
                                          events     attempts             (nb)
==============================================================================
Total (from attempted events): including vetoed events           0.345(2)e+06
==============================================================================
Total (from generated events):            10000        10003     0.345(2)e+06
Events carry unit weights.
==============================================================================
Per matrix element breakdown:
MEHeavyQuark                                6688         6689     0.231(2)e+06
MEHeavyQuark2                               3312         3314     0.114(2)e+06
==============================================================================
>>>>>>>>>>>>>>>>>>>>>>>>>>>>>>>>>>>>>>>>>>>>>>>>>>>>>>>>>>>>>>>>>>>>>>>>>>>>>>
>>>> Toolkit for HEP Event Generation - ThePEG 02e817c0868e (default) <<<<<<<<
>>>> Wed Feb 24 00:11:09 2021                                             <<<<
<<<<<<<<<<<<<<<<<<<<<<<<<<<<<<<<<<<<<<<<<<<<<<<<<<<<<<<<<<<<<<<<<<<<<<<<<<<<<<

>> Herwig d97e658e076a (default) / ThePEG 02e817c0868e (default)

==============================================================================
Statistics for event handler 'EventHandler':
                                       generated    number of    Cross-section
                                          events     attempts             (nb)
==============================================================================
Total (from attempted events): including vetoed events           0.345(2)e+06
==============================================================================
Total (from generated events):            10000        10003     0.345(2)e+06
Events carry unit weights.
==============================================================================
Per matrix element breakdown:
MEHeavyQuark                                6688         6689     0.231(2)e+06
MEHeavyQuark2                               3312         3314     0.114(2)e+06
==============================================================================
>>>>>>>>>>>>>>>>>>>>>>>>>>>>>>>>>>>>>>>>>>>>>>>>>>>>>>>>>>>>>>>>>>>>>>>>>>>>>>
>>>> Toolkit for HEP Event Generation - ThePEG 02e817c0868e (default) <<<<<<<<
>>>> Wed Feb 24 00:11:09 2021                                             <<<<
<<<<<<<<<<<<<<<<<<<<<<<<<<<<<<<<<<<<<<<<<<<<<<<<<<<<<<<<<<<<<<<<<<<<<<<<<<<<<<

>> Herwig d97e658e076a (default) / ThePEG 02e817c0868e (default)

==============================================================================
Statistics for event handler 'EventHandler':
                                       generated    number of    Cross-section
                                          events     attempts             (nb)
==============================================================================
Total (from attempted events): including vetoed events           0.345(2)e+06
==============================================================================
Total (from generated events):            10000        10003     0.345(2)e+06
Events carry unit weights.
==============================================================================
Per matrix element breakdown:
MEHeavyQuark                                6688         6689     0.231(2)e+06
MEHeavyQuark2                               3312         3314     0.114(2)e+06
==============================================================================
>>>>>>>>>>>>>>>>>>>>>>>>>>>>>>>>>>>>>>>>>>>>>>>>>>>>>>>>>>>>>>>>>>>>>>>>>>>>>>
>>>> Toolkit for HEP Event Generation - ThePEG 02e817c0868e (default) <<<<<<<<
>>>> Wed Feb 24 00:11:20 2021                                             <<<<
<<<<<<<<<<<<<<<<<<<<<<<<<<<<<<<<<<<<<<<<<<<<<<<<<<<<<<<<<<<<<<<<<<<<<<<<<<<<<<

>> Herwig d97e658e076a (default) / ThePEG 02e817c0868e (default)

==============================================================================
Statistics for event handler 'EventHandler':
                                       generated    number of    Cross-section
                                          events     attempts             (nb)
==============================================================================
Total (from attempted events): including vetoed events           0.345(2)e+06
==============================================================================
Total (from generated events):            10000        10003     0.345(2)e+06
Events carry unit weights.
==============================================================================
Per matrix element breakdown:
MEHeavyQuark                                6688         6689     0.231(2)e+06
MEHeavyQuark2                               3312         3314     0.114(2)e+06
==============================================================================
>>>>>>>>>>>>>>>>>>>>>>>>>>>>>>>>>>>>>>>>>>>>>>>>>>>>>>>>>>>>>>>>>>>>>>>>>>>>>>
>>>> Toolkit for HEP Event Generation - ThePEG 02e817c0868e (default) <<<<<<<<
>>>> Wed Feb 24 00:11:49 2021                                             <<<<
<<<<<<<<<<<<<<<<<<<<<<<<<<<<<<<<<<<<<<<<<<<<<<<<<<<<<<<<<<<<<<<<<<<<<<<<<<<<<<

>> Herwig d97e658e076a (default) / ThePEG 02e817c0868e (default)

==============================================================================
Statistics for event handler 'EventHandler':
                                       generated    number of    Cross-section
                                          events     attempts             (nb)
==============================================================================
Total (from attempted events): including vetoed events           0.345(2)e+06
==============================================================================
Total (from generated events):            10000        10003     0.345(2)e+06
Events carry unit weights.
==============================================================================
Per matrix element breakdown:
MEHeavyQuark                                6688         6689     0.231(2)e+06
MEHeavyQuark2                               3312         3314     0.114(2)e+06
==============================================================================
>>>>>>>>>>>>>>>>>>>>>>>>>>>>>>>>>>>>>>>>>>>>>>>>>>>>>>>>>>>>>>>>>>>>>>>>>>>>>>
>>>> Toolkit for HEP Event Generation - ThePEG 02e817c0868e (default) <<<<<<<<
>>>> Wed Feb 24 00:11:57 2021                                             <<<<
<<<<<<<<<<<<<<<<<<<<<<<<<<<<<<<<<<<<<<<<<<<<<<<<<<<<<<<<<<<<<<<<<<<<<<<<<<<<<<

>> Herwig d97e658e076a (default) / ThePEG 02e817c0868e (default)

==============================================================================
Statistics for event handler 'EventHandler':
                                       generated    number of    Cross-section
                                          events     attempts             (nb)
==============================================================================
Total (from attempted events): including vetoed events           0.345(2)e+06
==============================================================================
Total (from generated events):            10000        10003     0.345(2)e+06
Events carry unit weights.
==============================================================================
Per matrix element breakdown:
MEHeavyQuark                                6688         6689     0.231(2)e+06
MEHeavyQuark2                               3312         3314     0.114(2)e+06
==============================================================================
>>>>>>>>>>>>>>>>>>>>>>>>>>>>>>>>>>>>>>>>>>>>>>>>>>>>>>>>>>>>>>>>>>>>>>>>>>>>>>
>>>> Toolkit for HEP Event Generation - ThePEG 02e817c0868e (default) <<<<<<<<
>>>> Wed Feb 24 00:13:03 2021                                             <<<<
<<<<<<<<<<<<<<<<<<<<<<<<<<<<<<<<<<<<<<<<<<<<<<<<<<<<<<<<<<<<<<<<<<<<<<<<<<<<<<

>> Herwig d97e658e076a (default) / ThePEG 02e817c0868e (default)

==============================================================================
Statistics for event handler 'EventHandler':
                                       generated    number of    Cross-section
                                          events     attempts             (nb)
==============================================================================
Total (from attempted events): including vetoed events           0.345(2)e+06
==============================================================================
Total (from generated events):            10000        10003     0.345(2)e+06
Events carry unit weights.
==============================================================================
Per matrix element breakdown:
MEHeavyQuark                                6688         6689     0.231(2)e+06
MEHeavyQuark2                               3312         3314     0.114(2)e+06
==============================================================================
>>>>>>>>>>>>>>>>>>>>>>>>>>>>>>>>>>>>>>>>>>>>>>>>>>>>>>>>>>>>>>>>>>>>>>>>>>>>>>
>>>> Toolkit for HEP Event Generation - ThePEG 02e817c0868e (default) <<<<<<<<
>>>> Wed Feb 24 00:13:12 2021                                             <<<<
<<<<<<<<<<<<<<<<<<<<<<<<<<<<<<<<<<<<<<<<<<<<<<<<<<<<<<<<<<<<<<<<<<<<<<<<<<<<<<

>> Herwig d97e658e076a (default) / ThePEG 02e817c0868e (default)

==============================================================================
Statistics for event handler 'EventHandler':
                                       generated    number of    Cross-section
                                          events     attempts             (nb)
==============================================================================
Total (from attempted events): including vetoed events           0.345(2)e+06
==============================================================================
Total (from generated events):            10000        10003     0.345(2)e+06
Events carry unit weights.
==============================================================================
Per matrix element breakdown:
MEHeavyQuark                                6688         6689     0.231(2)e+06
MEHeavyQuark2                               3312         3314     0.114(2)e+06
==============================================================================
>>>>>>>>>>>>>>>>>>>>>>>>>>>>>>>>>>>>>>>>>>>>>>>>>>>>>>>>>>>>>>>>>>>>>>>>>>>>>>
>>>> Toolkit for HEP Event Generation - ThePEG 02e817c0868e (default) <<<<<<<<
>>>> Wed Feb 24 00:13:11 2021                                             <<<<
<<<<<<<<<<<<<<<<<<<<<<<<<<<<<<<<<<<<<<<<<<<<<<<<<<<<<<<<<<<<<<<<<<<<<<<<<<<<<<

>> Herwig d97e658e076a (default) / ThePEG 02e817c0868e (default)

==============================================================================
Statistics for event handler 'EventHandler':
                                       generated    number of    Cross-section
                                          events     attempts             (nb)
==============================================================================
Total (from attempted events): including vetoed events           0.345(2)e+06
==============================================================================
Total (from generated events):            10000        10003     0.345(2)e+06
Events carry unit weights.
==============================================================================
Per matrix element breakdown:
MEHeavyQuark                                6688         6689     0.231(2)e+06
MEHeavyQuark2                               3312         3314     0.114(2)e+06
==============================================================================
>>>>>>>>>>>>>>>>>>>>>>>>>>>>>>>>>>>>>>>>>>>>>>>>>>>>>>>>>>>>>>>>>>>>>>>>>>>>>>
>>>> Toolkit for HEP Event Generation - ThePEG 02e817c0868e (default) <<<<<<<<
>>>> Wed Feb 24 00:14:00 2021                                             <<<<
<<<<<<<<<<<<<<<<<<<<<<<<<<<<<<<<<<<<<<<<<<<<<<<<<<<<<<<<<<<<<<<<<<<<<<<<<<<<<<

>> Herwig d97e658e076a (default) / ThePEG 02e817c0868e (default)

==============================================================================
Statistics for event handler 'EventHandler':
                                       generated    number of    Cross-section
                                          events     attempts             (nb)
==============================================================================
Total (from attempted events): including vetoed events           0.345(2)e+06
==============================================================================
Total (from generated events):            10000        10003     0.345(2)e+06
Events carry unit weights.
==============================================================================
Per matrix element breakdown:
MEHeavyQuark                                6688         6689     0.231(2)e+06
MEHeavyQuark2                               3312         3314     0.114(2)e+06
==============================================================================
>>>>>>>>>>>>>>>>>>>>>>>>>>>>>>>>>>>>>>>>>>>>>>>>>>>>>>>>>>>>>>>>>>>>>>>>>>>>>>
>>>> Toolkit for HEP Event Generation - ThePEG 02e817c0868e (default) <<<<<<<<
>>>> Wed Feb 24 00:14:20 2021                                             <<<<
<<<<<<<<<<<<<<<<<<<<<<<<<<<<<<<<<<<<<<<<<<<<<<<<<<<<<<<<<<<<<<<<<<<<<<<<<<<<<<

>> Herwig d97e658e076a (default) / ThePEG 02e817c0868e (default)

==============================================================================
Statistics for event handler 'EventHandler':
                                       generated    number of    Cross-section
                                          events     attempts             (nb)
==============================================================================
Total (from attempted events): including vetoed events           0.345(2)e+06
==============================================================================
Total (from generated events):            10000        10003     0.345(2)e+06
Events carry unit weights.
==============================================================================
Per matrix element breakdown:
MEHeavyQuark                                6688         6689     0.231(2)e+06
MEHeavyQuark2                               3312         3314     0.114(2)e+06
==============================================================================
>>>>>>>>>>>>>>>>>>>>>>>>>>>>>>>>>>>>>>>>>>>>>>>>>>>>>>>>>>>>>>>>>>>>>>>>>>>>>>
>>>> Toolkit for HEP Event Generation - ThePEG 02e817c0868e (default) <<<<<<<<
>>>> Wed Feb 24 00:16:20 2021                                             <<<<
<<<<<<<<<<<<<<<<<<<<<<<<<<<<<<<<<<<<<<<<<<<<<<<<<<<<<<<<<<<<<<<<<<<<<<<<<<<<<<

>> Herwig d97e658e076a (default) / ThePEG 02e817c0868e (default)

==============================================================================
Statistics for event handler 'EventHandler':
                                       generated    number of    Cross-section
                                          events     attempts             (nb)
==============================================================================
Total (from attempted events): including vetoed events           0.345(2)e+06
==============================================================================
Total (from generated events):            10000        10003     0.345(2)e+06
Events carry unit weights.
==============================================================================
Per matrix element breakdown:
MEHeavyQuark                                6688         6689     0.231(2)e+06
MEHeavyQuark2                               3312         3314     0.114(2)e+06
==============================================================================
>>>>>>>>>>>>>>>>>>>>>>>>>>>>>>>>>>>>>>>>>>>>>>>>>>>>>>>>>>>>>>>>>>>>>>>>>>>>>>
>>>> Toolkit for HEP Event Generation - ThePEG 02e817c0868e (default) <<<<<<<<
>>>> Wed Feb 24 00:16:21 2021                                             <<<<
<<<<<<<<<<<<<<<<<<<<<<<<<<<<<<<<<<<<<<<<<<<<<<<<<<<<<<<<<<<<<<<<<<<<<<<<<<<<<<

>> Herwig d97e658e076a (default) / ThePEG 02e817c0868e (default)

==============================================================================
Statistics for event handler 'EventHandler':
                                       generated    number of    Cross-section
                                          events     attempts             (nb)
==============================================================================
Total (from attempted events): including vetoed events           0.345(2)e+06
==============================================================================
Total (from generated events):            10000        10003     0.345(2)e+06
Events carry unit weights.
==============================================================================
Per matrix element breakdown:
MEHeavyQuark                                6688         6689     0.231(2)e+06
MEHeavyQuark2                               3312         3314     0.114(2)e+06
==============================================================================
>>>>>>>>>>>>>>>>>>>>>>>>>>>>>>>>>>>>>>>>>>>>>>>>>>>>>>>>>>>>>>>>>>>>>>>>>>>>>>
>>>> Toolkit for HEP Event Generation - ThePEG 02e817c0868e (default) <<<<<<<<
>>>> Wed Feb 24 00:16:42 2021                                             <<<<
<<<<<<<<<<<<<<<<<<<<<<<<<<<<<<<<<<<<<<<<<<<<<<<<<<<<<<<<<<<<<<<<<<<<<<<<<<<<<<

>> Herwig d97e658e076a (default) / ThePEG 02e817c0868e (default)

==============================================================================
Statistics for event handler 'EventHandler':
                                       generated    number of    Cross-section
                                          events     attempts             (nb)
==============================================================================
Total (from attempted events): including vetoed events           0.345(2)e+06
==============================================================================
Total (from generated events):            10000        10003     0.345(2)e+06
Events carry unit weights.
==============================================================================
Per matrix element breakdown:
MEHeavyQuark                                6688         6689     0.231(2)e+06
MEHeavyQuark2                               3312         3314     0.114(2)e+06
==============================================================================
>>>>>>>>>>>>>>>>>>>>>>>>>>>>>>>>>>>>>>>>>>>>>>>>>>>>>>>>>>>>>>>>>>>>>>>>>>>>>>
>>>> Toolkit for HEP Event Generation - ThePEG 02e817c0868e (default) <<<<<<<<
>>>> Wed Feb 24 00:16:49 2021                                             <<<<
<<<<<<<<<<<<<<<<<<<<<<<<<<<<<<<<<<<<<<<<<<<<<<<<<<<<<<<<<<<<<<<<<<<<<<<<<<<<<<

>> Herwig d97e658e076a (default) / ThePEG 02e817c0868e (default)

==============================================================================
Statistics for event handler 'EventHandler':
                                       generated    number of    Cross-section
                                          events     attempts             (nb)
==============================================================================
Total (from attempted events): including vetoed events           0.345(2)e+06
==============================================================================
Total (from generated events):            10000        10003     0.345(2)e+06
Events carry unit weights.
==============================================================================
Per matrix element breakdown:
MEHeavyQuark                                6688         6689     0.231(2)e+06
MEHeavyQuark2                               3312         3314     0.114(2)e+06
==============================================================================
>>>>>>>>>>>>>>>>>>>>>>>>>>>>>>>>>>>>>>>>>>>>>>>>>>>>>>>>>>>>>>>>>>>>>>>>>>>>>>
>>>> Toolkit for HEP Event Generation - ThePEG 02e817c0868e (default) <<<<<<<<
>>>> Wed Feb 24 00:17:06 2021                                             <<<<
<<<<<<<<<<<<<<<<<<<<<<<<<<<<<<<<<<<<<<<<<<<<<<<<<<<<<<<<<<<<<<<<<<<<<<<<<<<<<<

>> Herwig d97e658e076a (default) / ThePEG 02e817c0868e (default)

==============================================================================
Statistics for event handler 'EventHandler':
                                       generated    number of    Cross-section
                                          events     attempts             (nb)
==============================================================================
Total (from attempted events): including vetoed events           0.345(2)e+06
==============================================================================
Total (from generated events):            10000        10003     0.345(2)e+06
Events carry unit weights.
==============================================================================
Per matrix element breakdown:
MEHeavyQuark                                6688         6689     0.231(2)e+06
MEHeavyQuark2                               3312         3314     0.114(2)e+06
==============================================================================
>>>>>>>>>>>>>>>>>>>>>>>>>>>>>>>>>>>>>>>>>>>>>>>>>>>>>>>>>>>>>>>>>>>>>>>>>>>>>>
>>>> Toolkit for HEP Event Generation - ThePEG 02e817c0868e (default) <<<<<<<<
>>>> Wed Feb 24 00:18:07 2021                                             <<<<
<<<<<<<<<<<<<<<<<<<<<<<<<<<<<<<<<<<<<<<<<<<<<<<<<<<<<<<<<<<<<<<<<<<<<<<<<<<<<<

>> Herwig d97e658e076a (default) / ThePEG 02e817c0868e (default)

==============================================================================
Statistics for event handler 'EventHandler':
                                       generated    number of    Cross-section
                                          events     attempts             (nb)
==============================================================================
Total (from attempted events): including vetoed events           0.345(2)e+06
==============================================================================
Total (from generated events):            10000        10003     0.345(2)e+06
Events carry unit weights.
==============================================================================
Per matrix element breakdown:
MEHeavyQuark                                6688         6689     0.231(2)e+06
MEHeavyQuark2                               3312         3314     0.114(2)e+06
==============================================================================
>>>>>>>>>>>>>>>>>>>>>>>>>>>>>>>>>>>>>>>>>>>>>>>>>>>>>>>>>>>>>>>>>>>>>>>>>>>>>>
>>>> Toolkit for HEP Event Generation - ThePEG 02e817c0868e (default) <<<<<<<<
>>>> Wed Feb 24 00:18:16 2021                                             <<<<
<<<<<<<<<<<<<<<<<<<<<<<<<<<<<<<<<<<<<<<<<<<<<<<<<<<<<<<<<<<<<<<<<<<<<<<<<<<<<<

>> Herwig d97e658e076a (default) / ThePEG 02e817c0868e (default)

==============================================================================
Statistics for event handler 'EventHandler':
                                       generated    number of    Cross-section
                                          events     attempts             (nb)
==============================================================================
Total (from attempted events): including vetoed events           0.345(2)e+06
==============================================================================
Total (from generated events):            10000        10003     0.345(2)e+06
Events carry unit weights.
==============================================================================
Per matrix element breakdown:
MEHeavyQuark                                6688         6689     0.231(2)e+06
MEHeavyQuark2                               3312         3314     0.114(2)e+06
==============================================================================
>>>>>>>>>>>>>>>>>>>>>>>>>>>>>>>>>>>>>>>>>>>>>>>>>>>>>>>>>>>>>>>>>>>>>>>>>>>>>>
>>>> Toolkit for HEP Event Generation - ThePEG 02e817c0868e (default) <<<<<<<<
>>>> Wed Feb 24 00:18:20 2021                                             <<<<
<<<<<<<<<<<<<<<<<<<<<<<<<<<<<<<<<<<<<<<<<<<<<<<<<<<<<<<<<<<<<<<<<<<<<<<<<<<<<<

>> Herwig d97e658e076a (default) / ThePEG 02e817c0868e (default)

==============================================================================
Statistics for event handler 'EventHandler':
                                       generated    number of    Cross-section
                                          events     attempts             (nb)
==============================================================================
Total (from attempted events): including vetoed events           0.345(2)e+06
==============================================================================
Total (from generated events):            10000        10003     0.345(2)e+06
Events carry unit weights.
==============================================================================
Per matrix element breakdown:
MEHeavyQuark                                6688         6689     0.231(2)e+06
MEHeavyQuark2                               3312         3314     0.114(2)e+06
==============================================================================
>>>>>>>>>>>>>>>>>>>>>>>>>>>>>>>>>>>>>>>>>>>>>>>>>>>>>>>>>>>>>>>>>>>>>>>>>>>>>>
>>>> Toolkit for HEP Event Generation - ThePEG 02e817c0868e (default) <<<<<<<<
>>>> Wed Feb 24 00:18:22 2021                                             <<<<
<<<<<<<<<<<<<<<<<<<<<<<<<<<<<<<<<<<<<<<<<<<<<<<<<<<<<<<<<<<<<<<<<<<<<<<<<<<<<<

>> Herwig d97e658e076a (default) / ThePEG 02e817c0868e (default)

==============================================================================
Statistics for event handler 'EventHandler':
                                       generated    number of    Cross-section
                                          events     attempts             (nb)
==============================================================================
Total (from attempted events): including vetoed events           0.345(2)e+06
==============================================================================
Total (from generated events):            10000        10003     0.345(2)e+06
Events carry unit weights.
==============================================================================
Per matrix element breakdown:
MEHeavyQuark                                6688         6689     0.231(2)e+06
MEHeavyQuark2                               3312         3314     0.114(2)e+06
==============================================================================
>>>>>>>>>>>>>>>>>>>>>>>>>>>>>>>>>>>>>>>>>>>>>>>>>>>>>>>>>>>>>>>>>>>>>>>>>>>>>>
>>>> Toolkit for HEP Event Generation - ThePEG 02e817c0868e (default) <<<<<<<<
>>>> Wed Feb 24 00:18:09 2021                                             <<<<
<<<<<<<<<<<<<<<<<<<<<<<<<<<<<<<<<<<<<<<<<<<<<<<<<<<<<<<<<<<<<<<<<<<<<<<<<<<<<<

>> Herwig d97e658e076a (default) / ThePEG 02e817c0868e (default)

==============================================================================
Statistics for event handler 'EventHandler':
                                       generated    number of    Cross-section
                                          events     attempts             (nb)
==============================================================================
Total (from attempted events): including vetoed events           0.345(2)e+06
==============================================================================
Total (from generated events):            10000        10003     0.345(2)e+06
Events carry unit weights.
==============================================================================
Per matrix element breakdown:
MEHeavyQuark                                6688         6689     0.231(2)e+06
MEHeavyQuark2                               3312         3314     0.114(2)e+06
==============================================================================
>>>>>>>>>>>>>>>>>>>>>>>>>>>>>>>>>>>>>>>>>>>>>>>>>>>>>>>>>>>>>>>>>>>>>>>>>>>>>>
>>>> Toolkit for HEP Event Generation - ThePEG 02e817c0868e (default) <<<<<<<<
>>>> Wed Feb 24 00:20:30 2021                                             <<<<
<<<<<<<<<<<<<<<<<<<<<<<<<<<<<<<<<<<<<<<<<<<<<<<<<<<<<<<<<<<<<<<<<<<<<<<<<<<<<<

>> Herwig d97e658e076a (default) / ThePEG 02e817c0868e (default)

==============================================================================
Statistics for event handler 'EventHandler':
                                       generated    number of    Cross-section
                                          events     attempts             (nb)
==============================================================================
Total (from attempted events): including vetoed events           0.345(2)e+06
==============================================================================
Total (from generated events):            10000        10003     0.345(2)e+06
Events carry unit weights.
==============================================================================
Per matrix element breakdown:
MEHeavyQuark                                6688         6689     0.231(2)e+06
MEHeavyQuark2                               3312         3314     0.114(2)e+06
==============================================================================
>>>>>>>>>>>>>>>>>>>>>>>>>>>>>>>>>>>>>>>>>>>>>>>>>>>>>>>>>>>>>>>>>>>>>>>>>>>>>>
>>>> Toolkit for HEP Event Generation - ThePEG 02e817c0868e (default) <<<<<<<<
>>>> Wed Feb 24 00:20:41 2021                                             <<<<
<<<<<<<<<<<<<<<<<<<<<<<<<<<<<<<<<<<<<<<<<<<<<<<<<<<<<<<<<<<<<<<<<<<<<<<<<<<<<<

>> Herwig d97e658e076a (default) / ThePEG 02e817c0868e (default)

==============================================================================
Statistics for event handler 'EventHandler':
                                       generated    number of    Cross-section
                                          events     attempts             (nb)
==============================================================================
Total (from attempted events): including vetoed events           0.345(2)e+06
==============================================================================
Total (from generated events):            10000        10003     0.345(2)e+06
Events carry unit weights.
==============================================================================
Per matrix element breakdown:
MEHeavyQuark                                6688         6689     0.231(2)e+06
MEHeavyQuark2                               3312         3314     0.114(2)e+06
==============================================================================
>>>>>>>>>>>>>>>>>>>>>>>>>>>>>>>>>>>>>>>>>>>>>>>>>>>>>>>>>>>>>>>>>>>>>>>>>>>>>>
>>>> Toolkit for HEP Event Generation - ThePEG 02e817c0868e (default) <<<<<<<<
>>>> Wed Feb 24 00:20:42 2021                                             <<<<
<<<<<<<<<<<<<<<<<<<<<<<<<<<<<<<<<<<<<<<<<<<<<<<<<<<<<<<<<<<<<<<<<<<<<<<<<<<<<<

>> Herwig d97e658e076a (default) / ThePEG 02e817c0868e (default)

==============================================================================
Statistics for event handler 'EventHandler':
                                       generated    number of    Cross-section
                                          events     attempts             (nb)
==============================================================================
Total (from attempted events): including vetoed events           0.345(2)e+06
==============================================================================
Total (from generated events):            10000        10003     0.345(2)e+06
Events carry unit weights.
==============================================================================
Per matrix element breakdown:
MEHeavyQuark                                6688         6689     0.231(2)e+06
MEHeavyQuark2                               3312         3314     0.114(2)e+06
==============================================================================
>>>>>>>>>>>>>>>>>>>>>>>>>>>>>>>>>>>>>>>>>>>>>>>>>>>>>>>>>>>>>>>>>>>>>>>>>>>>>>
>>>> Toolkit for HEP Event Generation - ThePEG 02e817c0868e (default) <<<<<<<<
>>>> Wed Feb 24 00:20:52 2021                                             <<<<
<<<<<<<<<<<<<<<<<<<<<<<<<<<<<<<<<<<<<<<<<<<<<<<<<<<<<<<<<<<<<<<<<<<<<<<<<<<<<<

>> Herwig d97e658e076a (default) / ThePEG 02e817c0868e (default)

==============================================================================
Statistics for event handler 'EventHandler':
                                       generated    number of    Cross-section
                                          events     attempts             (nb)
==============================================================================
Total (from attempted events): including vetoed events           0.345(2)e+06
==============================================================================
Total (from generated events):            10000        10003     0.345(2)e+06
Events carry unit weights.
==============================================================================
Per matrix element breakdown:
MEHeavyQuark                                6688         6689     0.231(2)e+06
MEHeavyQuark2                               3312         3314     0.114(2)e+06
==============================================================================
>>>>>>>>>>>>>>>>>>>>>>>>>>>>>>>>>>>>>>>>>>>>>>>>>>>>>>>>>>>>>>>>>>>>>>>>>>>>>>
>>>> Toolkit for HEP Event Generation - ThePEG 02e817c0868e (default) <<<<<<<<
>>>> Wed Feb 24 00:20:33 2021                                             <<<<
<<<<<<<<<<<<<<<<<<<<<<<<<<<<<<<<<<<<<<<<<<<<<<<<<<<<<<<<<<<<<<<<<<<<<<<<<<<<<<

>> Herwig d97e658e076a (default) / ThePEG 02e817c0868e (default)

==============================================================================
Statistics for event handler 'EventHandler':
                                       generated    number of    Cross-section
                                          events     attempts             (nb)
==============================================================================
Total (from attempted events): including vetoed events           0.345(2)e+06
==============================================================================
Total (from generated events):            10000        10003     0.345(2)e+06
Events carry unit weights.
==============================================================================
Per matrix element breakdown:
MEHeavyQuark                                6688         6689     0.231(2)e+06
MEHeavyQuark2                               3312         3314     0.114(2)e+06
==============================================================================
>>>>>>>>>>>>>>>>>>>>>>>>>>>>>>>>>>>>>>>>>>>>>>>>>>>>>>>>>>>>>>>>>>>>>>>>>>>>>>
>>>> Toolkit for HEP Event Generation - ThePEG 02e817c0868e (default) <<<<<<<<
>>>> Wed Feb 24 00:22:19 2021                                             <<<<
<<<<<<<<<<<<<<<<<<<<<<<<<<<<<<<<<<<<<<<<<<<<<<<<<<<<<<<<<<<<<<<<<<<<<<<<<<<<<<

>> Herwig d97e658e076a (default) / ThePEG 02e817c0868e (default)

==============================================================================
Statistics for event handler 'EventHandler':
                                       generated    number of    Cross-section
                                          events     attempts             (nb)
==============================================================================
Total (from attempted events): including vetoed events           0.345(2)e+06
==============================================================================
Total (from generated events):            10000        10003     0.345(2)e+06
Events carry unit weights.
==============================================================================
Per matrix element breakdown:
MEHeavyQuark                                6688         6689     0.231(2)e+06
MEHeavyQuark2                               3312         3314     0.114(2)e+06
==============================================================================
>>>>>>>>>>>>>>>>>>>>>>>>>>>>>>>>>>>>>>>>>>>>>>>>>>>>>>>>>>>>>>>>>>>>>>>>>>>>>>
>>>> Toolkit for HEP Event Generation - ThePEG 02e817c0868e (default) <<<<<<<<
>>>> Wed Feb 24 00:22:20 2021                                             <<<<
<<<<<<<<<<<<<<<<<<<<<<<<<<<<<<<<<<<<<<<<<<<<<<<<<<<<<<<<<<<<<<<<<<<<<<<<<<<<<<

>> Herwig d97e658e076a (default) / ThePEG 02e817c0868e (default)

==============================================================================
Statistics for event handler 'EventHandler':
                                       generated    number of    Cross-section
                                          events     attempts             (nb)
==============================================================================
Total (from attempted events): including vetoed events           0.345(2)e+06
==============================================================================
Total (from generated events):            10000        10003     0.345(2)e+06
Events carry unit weights.
==============================================================================
Per matrix element breakdown:
MEHeavyQuark                                6688         6689     0.231(2)e+06
MEHeavyQuark2                               3312         3314     0.114(2)e+06
==============================================================================
>>>>>>>>>>>>>>>>>>>>>>>>>>>>>>>>>>>>>>>>>>>>>>>>>>>>>>>>>>>>>>>>>>>>>>>>>>>>>>
>>>> Toolkit for HEP Event Generation - ThePEG 02e817c0868e (default) <<<<<<<<
>>>> Wed Feb 24 00:22:31 2021                                             <<<<
<<<<<<<<<<<<<<<<<<<<<<<<<<<<<<<<<<<<<<<<<<<<<<<<<<<<<<<<<<<<<<<<<<<<<<<<<<<<<<

>> Herwig d97e658e076a (default) / ThePEG 02e817c0868e (default)

==============================================================================
Statistics for event handler 'EventHandler':
                                       generated    number of    Cross-section
                                          events     attempts             (nb)
==============================================================================
Total (from attempted events): including vetoed events           0.345(2)e+06
==============================================================================
Total (from generated events):            10000        10003     0.345(2)e+06
Events carry unit weights.
==============================================================================
Per matrix element breakdown:
MEHeavyQuark                                6688         6689     0.231(2)e+06
MEHeavyQuark2                               3312         3314     0.114(2)e+06
==============================================================================
>>>>>>>>>>>>>>>>>>>>>>>>>>>>>>>>>>>>>>>>>>>>>>>>>>>>>>>>>>>>>>>>>>>>>>>>>>>>>>
>>>> Toolkit for HEP Event Generation - ThePEG 02e817c0868e (default) <<<<<<<<
>>>> Wed Feb 24 00:22:50 2021                                             <<<<
<<<<<<<<<<<<<<<<<<<<<<<<<<<<<<<<<<<<<<<<<<<<<<<<<<<<<<<<<<<<<<<<<<<<<<<<<<<<<<

>> Herwig d97e658e076a (default) / ThePEG 02e817c0868e (default)

==============================================================================
Statistics for event handler 'EventHandler':
                                       generated    number of    Cross-section
                                          events     attempts             (nb)
==============================================================================
Total (from attempted events): including vetoed events           0.345(2)e+06
==============================================================================
Total (from generated events):            10000        10003     0.345(2)e+06
Events carry unit weights.
==============================================================================
Per matrix element breakdown:
MEHeavyQuark                                6688         6689     0.231(2)e+06
MEHeavyQuark2                               3312         3314     0.114(2)e+06
==============================================================================
>>>>>>>>>>>>>>>>>>>>>>>>>>>>>>>>>>>>>>>>>>>>>>>>>>>>>>>>>>>>>>>>>>>>>>>>>>>>>>
>>>> Toolkit for HEP Event Generation - ThePEG 02e817c0868e (default) <<<<<<<<
>>>> Wed Feb 24 00:22:55 2021                                             <<<<
<<<<<<<<<<<<<<<<<<<<<<<<<<<<<<<<<<<<<<<<<<<<<<<<<<<<<<<<<<<<<<<<<<<<<<<<<<<<<<

>> Herwig d97e658e076a (default) / ThePEG 02e817c0868e (default)

==============================================================================
Statistics for event handler 'EventHandler':
                                       generated    number of    Cross-section
                                          events     attempts             (nb)
==============================================================================
Total (from attempted events): including vetoed events           0.345(2)e+06
==============================================================================
Total (from generated events):            10000        10003     0.345(2)e+06
Events carry unit weights.
==============================================================================
Per matrix element breakdown:
MEHeavyQuark                                6688         6689     0.231(2)e+06
MEHeavyQuark2                               3312         3314     0.114(2)e+06
==============================================================================
