>>>>>>>>>>>>>>>>>>>>>>>>>>>>>>>>>>>>>>>>>>>>>>>>>>>>>>>>>>>>>>>>>>>>>>>>>>>>>>
>>>> Toolkit for HEP Event Generation - ThePEG 02e817c0868e (default) <<<<<<<<
>>>> Mon Mar  8 01:05:09 2021                                             <<<<
<<<<<<<<<<<<<<<<<<<<<<<<<<<<<<<<<<<<<<<<<<<<<<<<<<<<<<<<<<<<<<<<<<<<<<<<<<<<<<

>> Herwig d97e658e076a (default) / ThePEG 02e817c0868e (default)

==============================================================================
Statistics for event handler 'EventHandler':
                                       generated    number of    Cross-section
                                          events     attempts             (nb)
==============================================================================
Total (from attempted events): including vetoed events          0.3470(2)e+06
==============================================================================
Total (from generated events):           687093       687224    0.3470(2)e+06
Events carry unit weights.
==============================================================================
Per matrix element breakdown:
MEHeavyQuark                              458842       458920    0.2317(2)e+06
MEHeavyQuark2                             228251       228304    0.1153(2)e+06
==============================================================================
>>>>>>>>>>>>>>>>>>>>>>>>>>>>>>>>>>>>>>>>>>>>>>>>>>>>>>>>>>>>>>>>>>>>>>>>>>>>>>
>>>> Toolkit for HEP Event Generation - ThePEG 02e817c0868e (default) <<<<<<<<
>>>> Mon Mar  8 01:35:44 2021                                             <<<<
<<<<<<<<<<<<<<<<<<<<<<<<<<<<<<<<<<<<<<<<<<<<<<<<<<<<<<<<<<<<<<<<<<<<<<<<<<<<<<

>> Herwig d97e658e076a (default) / ThePEG 02e817c0868e (default)

==============================================================================
Statistics for event handler 'EventHandler':
                                       generated    number of    Cross-section
                                          events     attempts             (nb)
==============================================================================
Total (from attempted events): including vetoed events          0.3470(2)e+06
==============================================================================
Total (from generated events):           647884       648002    0.3470(2)e+06
Events carry unit weights.
==============================================================================
Per matrix element breakdown:
MEHeavyQuark                              432629       432703    0.2317(3)e+06
MEHeavyQuark2                             215255       215299    0.1153(2)e+06
==============================================================================
>>>>>>>>>>>>>>>>>>>>>>>>>>>>>>>>>>>>>>>>>>>>>>>>>>>>>>>>>>>>>>>>>>>>>>>>>>>>>>
>>>> Toolkit for HEP Event Generation - ThePEG 02e817c0868e (default) <<<<<<<<
>>>> Mon Mar  8 01:11:26 2021                                             <<<<
<<<<<<<<<<<<<<<<<<<<<<<<<<<<<<<<<<<<<<<<<<<<<<<<<<<<<<<<<<<<<<<<<<<<<<<<<<<<<<

>> Herwig d97e658e076a (default) / ThePEG 02e817c0868e (default)

==============================================================================
Statistics for event handler 'EventHandler':
                                       generated    number of    Cross-section
                                          events     attempts             (nb)
==============================================================================
Total (from attempted events): including vetoed events          0.3471(2)e+06
==============================================================================
Total (from generated events):           678343       678471    0.3470(2)e+06
Events carry unit weights.
==============================================================================
Per matrix element breakdown:
MEHeavyQuark                              453005       453082    0.2317(2)e+06
MEHeavyQuark2                             225338       225389    0.1153(2)e+06
==============================================================================
>>>>>>>>>>>>>>>>>>>>>>>>>>>>>>>>>>>>>>>>>>>>>>>>>>>>>>>>>>>>>>>>>>>>>>>>>>>>>>
>>>> Toolkit for HEP Event Generation - ThePEG 02e817c0868e (default) <<<<<<<<
>>>> Mon Mar  8 01:08:24 2021                                             <<<<
<<<<<<<<<<<<<<<<<<<<<<<<<<<<<<<<<<<<<<<<<<<<<<<<<<<<<<<<<<<<<<<<<<<<<<<<<<<<<<

>> Herwig d97e658e076a (default) / ThePEG 02e817c0868e (default)

==============================================================================
Statistics for event handler 'EventHandler':
                                       generated    number of    Cross-section
                                          events     attempts             (nb)
==============================================================================
Total (from attempted events): including vetoed events          0.3471(2)e+06
==============================================================================
Total (from generated events):           680221       680349    0.3470(2)e+06
Events carry unit weights.
==============================================================================
Per matrix element breakdown:
MEHeavyQuark                              454223       454300    0.2317(2)e+06
MEHeavyQuark2                             225998       226049    0.1153(2)e+06
==============================================================================
>>>>>>>>>>>>>>>>>>>>>>>>>>>>>>>>>>>>>>>>>>>>>>>>>>>>>>>>>>>>>>>>>>>>>>>>>>>>>>
>>>> Toolkit for HEP Event Generation - ThePEG 02e817c0868e (default) <<<<<<<<
>>>> Mon Mar  8 01:13:48 2021                                             <<<<
<<<<<<<<<<<<<<<<<<<<<<<<<<<<<<<<<<<<<<<<<<<<<<<<<<<<<<<<<<<<<<<<<<<<<<<<<<<<<<

>> Herwig d97e658e076a (default) / ThePEG 02e817c0868e (default)

==============================================================================
Statistics for event handler 'EventHandler':
                                       generated    number of    Cross-section
                                          events     attempts             (nb)
==============================================================================
Total (from attempted events): including vetoed events          0.3471(2)e+06
==============================================================================
Total (from generated events):           673399       673524    0.3470(2)e+06
Events carry unit weights.
==============================================================================
Per matrix element breakdown:
MEHeavyQuark                              449653       449728    0.2317(3)e+06
MEHeavyQuark2                             223746       223796    0.1153(2)e+06
==============================================================================
>>>>>>>>>>>>>>>>>>>>>>>>>>>>>>>>>>>>>>>>>>>>>>>>>>>>>>>>>>>>>>>>>>>>>>>>>>>>>>
>>>> Toolkit for HEP Event Generation - ThePEG 02e817c0868e (default) <<<<<<<<
>>>> Mon Mar  8 01:09:32 2021                                             <<<<
<<<<<<<<<<<<<<<<<<<<<<<<<<<<<<<<<<<<<<<<<<<<<<<<<<<<<<<<<<<<<<<<<<<<<<<<<<<<<<

>> Herwig d97e658e076a (default) / ThePEG 02e817c0868e (default)

==============================================================================
Statistics for event handler 'EventHandler':
                                       generated    number of    Cross-section
                                          events     attempts             (nb)
==============================================================================
Total (from attempted events): including vetoed events          0.3471(2)e+06
==============================================================================
Total (from generated events):           681847       681975    0.3470(2)e+06
Events carry unit weights.
==============================================================================
Per matrix element breakdown:
MEHeavyQuark                              455291       455368    0.2317(2)e+06
MEHeavyQuark2                             226556       226607    0.1153(2)e+06
==============================================================================
>>>>>>>>>>>>>>>>>>>>>>>>>>>>>>>>>>>>>>>>>>>>>>>>>>>>>>>>>>>>>>>>>>>>>>>>>>>>>>
>>>> Toolkit for HEP Event Generation - ThePEG 02e817c0868e (default) <<<<<<<<
>>>> Mon Mar  8 01:13:57 2021                                             <<<<
<<<<<<<<<<<<<<<<<<<<<<<<<<<<<<<<<<<<<<<<<<<<<<<<<<<<<<<<<<<<<<<<<<<<<<<<<<<<<<

>> Herwig d97e658e076a (default) / ThePEG 02e817c0868e (default)

==============================================================================
Statistics for event handler 'EventHandler':
                                       generated    number of    Cross-section
                                          events     attempts             (nb)
==============================================================================
Total (from attempted events): including vetoed events          0.3471(2)e+06
==============================================================================
Total (from generated events):           675820       675948    0.3470(2)e+06
Events carry unit weights.
==============================================================================
Per matrix element breakdown:
MEHeavyQuark                              451297       451374    0.2317(3)e+06
MEHeavyQuark2                             224523       224574    0.1153(2)e+06
==============================================================================
>>>>>>>>>>>>>>>>>>>>>>>>>>>>>>>>>>>>>>>>>>>>>>>>>>>>>>>>>>>>>>>>>>>>>>>>>>>>>>
>>>> Toolkit for HEP Event Generation - ThePEG 02e817c0868e (default) <<<<<<<<
>>>> Mon Mar  8 01:21:18 2021                                             <<<<
<<<<<<<<<<<<<<<<<<<<<<<<<<<<<<<<<<<<<<<<<<<<<<<<<<<<<<<<<<<<<<<<<<<<<<<<<<<<<<

>> Herwig d97e658e076a (default) / ThePEG 02e817c0868e (default)

==============================================================================
Statistics for event handler 'EventHandler':
                                       generated    number of    Cross-section
                                          events     attempts             (nb)
==============================================================================
Total (from attempted events): including vetoed events          0.3471(2)e+06
==============================================================================
Total (from generated events):           670157       670282    0.3470(2)e+06
Events carry unit weights.
==============================================================================
Per matrix element breakdown:
MEHeavyQuark                              447492       447567    0.2317(3)e+06
MEHeavyQuark2                             222665       222715    0.1153(2)e+06
==============================================================================
>>>>>>>>>>>>>>>>>>>>>>>>>>>>>>>>>>>>>>>>>>>>>>>>>>>>>>>>>>>>>>>>>>>>>>>>>>>>>>
>>>> Toolkit for HEP Event Generation - ThePEG 02e817c0868e (default) <<<<<<<<
>>>> Mon Mar  8 01:13:52 2021                                             <<<<
<<<<<<<<<<<<<<<<<<<<<<<<<<<<<<<<<<<<<<<<<<<<<<<<<<<<<<<<<<<<<<<<<<<<<<<<<<<<<<

>> Herwig d97e658e076a (default) / ThePEG 02e817c0868e (default)

==============================================================================
Statistics for event handler 'EventHandler':
                                       generated    number of    Cross-section
                                          events     attempts             (nb)
==============================================================================
Total (from attempted events): including vetoed events          0.3471(2)e+06
==============================================================================
Total (from generated events):           675680       675808    0.3470(2)e+06
Events carry unit weights.
==============================================================================
Per matrix element breakdown:
MEHeavyQuark                              451212       451289    0.2317(3)e+06
MEHeavyQuark2                             224468       224519    0.1153(2)e+06
==============================================================================
>>>>>>>>>>>>>>>>>>>>>>>>>>>>>>>>>>>>>>>>>>>>>>>>>>>>>>>>>>>>>>>>>>>>>>>>>>>>>>
>>>> Toolkit for HEP Event Generation - ThePEG 02e817c0868e (default) <<<<<<<<
>>>> Mon Mar  8 01:53:20 2021                                             <<<<
<<<<<<<<<<<<<<<<<<<<<<<<<<<<<<<<<<<<<<<<<<<<<<<<<<<<<<<<<<<<<<<<<<<<<<<<<<<<<<

>> Herwig d97e658e076a (default) / ThePEG 02e817c0868e (default)

==============================================================================
Statistics for event handler 'EventHandler':
                                       generated    number of    Cross-section
                                          events     attempts             (nb)
==============================================================================
Total (from attempted events): including vetoed events          0.3470(2)e+06
==============================================================================
Total (from generated events):           638682       638799    0.3469(2)e+06
Events carry unit weights.
==============================================================================
Per matrix element breakdown:
MEHeavyQuark                              426457       426531    0.2316(3)e+06
MEHeavyQuark2                             212225       212268    0.1153(2)e+06
==============================================================================
>>>>>>>>>>>>>>>>>>>>>>>>>>>>>>>>>>>>>>>>>>>>>>>>>>>>>>>>>>>>>>>>>>>>>>>>>>>>>>
>>>> Toolkit for HEP Event Generation - ThePEG 02e817c0868e (default) <<<<<<<<
>>>> Mon Mar  8 02:25:11 2021                                             <<<<
<<<<<<<<<<<<<<<<<<<<<<<<<<<<<<<<<<<<<<<<<<<<<<<<<<<<<<<<<<<<<<<<<<<<<<<<<<<<<<

>> Herwig d97e658e076a (default) / ThePEG 02e817c0868e (default)

==============================================================================
Statistics for event handler 'EventHandler':
                                       generated    number of    Cross-section
                                          events     attempts             (nb)
==============================================================================
Total (from attempted events): including vetoed events          0.3469(2)e+06
==============================================================================
Total (from generated events):           619788       619900    0.3469(2)e+06
Events carry unit weights.
==============================================================================
Per matrix element breakdown:
MEHeavyQuark                              413793       413862    0.2316(3)e+06
MEHeavyQuark2                             205995       206038    0.1153(2)e+06
==============================================================================
>>>>>>>>>>>>>>>>>>>>>>>>>>>>>>>>>>>>>>>>>>>>>>>>>>>>>>>>>>>>>>>>>>>>>>>>>>>>>>
>>>> Toolkit for HEP Event Generation - ThePEG 02e817c0868e (default) <<<<<<<<
>>>> Mon Mar  8 02:35:39 2021                                             <<<<
<<<<<<<<<<<<<<<<<<<<<<<<<<<<<<<<<<<<<<<<<<<<<<<<<<<<<<<<<<<<<<<<<<<<<<<<<<<<<<

>> Herwig d97e658e076a (default) / ThePEG 02e817c0868e (default)

==============================================================================
Statistics for event handler 'EventHandler':
                                       generated    number of    Cross-section
                                          events     attempts             (nb)
==============================================================================
Total (from attempted events): including vetoed events          0.3469(2)e+06
==============================================================================
Total (from generated events):           625243       625357    0.3469(2)e+06
Events carry unit weights.
==============================================================================
Per matrix element breakdown:
MEHeavyQuark                              417478       417549    0.2316(3)e+06
MEHeavyQuark2                             207765       207808    0.1153(2)e+06
==============================================================================
>>>>>>>>>>>>>>>>>>>>>>>>>>>>>>>>>>>>>>>>>>>>>>>>>>>>>>>>>>>>>>>>>>>>>>>>>>>>>>
>>>> Toolkit for HEP Event Generation - ThePEG 02e817c0868e (default) <<<<<<<<
>>>> Mon Mar  8 02:59:21 2021                                             <<<<
<<<<<<<<<<<<<<<<<<<<<<<<<<<<<<<<<<<<<<<<<<<<<<<<<<<<<<<<<<<<<<<<<<<<<<<<<<<<<<

>> Herwig d97e658e076a (default) / ThePEG 02e817c0868e (default)

==============================================================================
Statistics for event handler 'EventHandler':
                                       generated    number of    Cross-section
                                          events     attempts             (nb)
==============================================================================
Total (from attempted events): including vetoed events          0.3469(2)e+06
==============================================================================
Total (from generated events):           611454       611564    0.3469(2)e+06
Events carry unit weights.
==============================================================================
Per matrix element breakdown:
MEHeavyQuark                              408223       408291    0.2316(3)e+06
MEHeavyQuark2                             203231       203273    0.1153(2)e+06
==============================================================================
>>>>>>>>>>>>>>>>>>>>>>>>>>>>>>>>>>>>>>>>>>>>>>>>>>>>>>>>>>>>>>>>>>>>>>>>>>>>>>
>>>> Toolkit for HEP Event Generation - ThePEG 02e817c0868e (default) <<<<<<<<
>>>> Mon Mar  8 02:29:50 2021                                             <<<<
<<<<<<<<<<<<<<<<<<<<<<<<<<<<<<<<<<<<<<<<<<<<<<<<<<<<<<<<<<<<<<<<<<<<<<<<<<<<<<

>> Herwig d97e658e076a (default) / ThePEG 02e817c0868e (default)

==============================================================================
Statistics for event handler 'EventHandler':
                                       generated    number of    Cross-section
                                          events     attempts             (nb)
==============================================================================
Total (from attempted events): including vetoed events          0.3470(2)e+06
==============================================================================
Total (from generated events):           636051       636167    0.3469(2)e+06
Events carry unit weights.
==============================================================================
Per matrix element breakdown:
MEHeavyQuark                              424725       424798    0.2316(3)e+06
MEHeavyQuark2                             211326       211369    0.1153(2)e+06
==============================================================================
>>>>>>>>>>>>>>>>>>>>>>>>>>>>>>>>>>>>>>>>>>>>>>>>>>>>>>>>>>>>>>>>>>>>>>>>>>>>>>
>>>> Toolkit for HEP Event Generation - ThePEG 02e817c0868e (default) <<<<<<<<
>>>> Mon Mar  8 01:46:39 2021                                             <<<<
<<<<<<<<<<<<<<<<<<<<<<<<<<<<<<<<<<<<<<<<<<<<<<<<<<<<<<<<<<<<<<<<<<<<<<<<<<<<<<

>> Herwig d97e658e076a (default) / ThePEG 02e817c0868e (default)

==============================================================================
Statistics for event handler 'EventHandler':
                                       generated    number of    Cross-section
                                          events     attempts             (nb)
==============================================================================
Total (from attempted events): including vetoed events          0.3471(2)e+06
==============================================================================
Total (from generated events):           658353       658474    0.3470(2)e+06
Events carry unit weights.
==============================================================================
Per matrix element breakdown:
MEHeavyQuark                              439636       439710    0.2317(3)e+06
MEHeavyQuark2                             218717       218764    0.1153(2)e+06
==============================================================================
