>>>>>>>>>>>>>>>>>>>>>>>>>>>>>>>>>>>>>>>>>>>>>>>>>>>>>>>>>>>>>>>>>>>>>>>>>>>>>>
>>>> Toolkit for HEP Event Generation - ThePEG 02e817c0868e (default) <<<<<<<<
>>>> Fri Dec 11 14:12:54 2020                                             <<<<
<<<<<<<<<<<<<<<<<<<<<<<<<<<<<<<<<<<<<<<<<<<<<<<<<<<<<<<<<<<<<<<<<<<<<<<<<<<<<<

>> Herwig d97e658e076a (default) / ThePEG 02e817c0868e (default)

/Herwig/Cuts/Cuts:
MHat  = 22.36 .. 1000 GeV
Scale = 0 .. 1e+12 GeV2
YHat  = -100 .. 100
X1    = 0 .. 1
X2    = 0 .. 1

******************************************************************************
Event number 1 (id: EE) performed by EventHandler
Weight: 1
==============================================================================

--- Colliding particles:
  1        e-      11  (3)   
                                 0.000     0.000   500.000   500.000     0.001
  2        e+     -11  (3)   
                                 0.000     0.000  -500.000   500.000     0.001
------------------------------------------------------------------------------
Primary sub-process performed by MEee2gZ2qq
--- incoming:
  1        e-      11  (3)   
                                 0.000     0.000   500.000   500.000     0.001
  2        e+     -11  (3)   
                                 0.000     0.000  -500.000   500.000     0.001
--- intermediates:
  3     gamma      22 [1,2] (4,5)   
                                 0.000     0.000     0.000  1000.000  1000.000
--- outgoing:
  4         b       5 [3] (7)  >5 {+1}
                              -326.435   -70.435   372.104   500.000     4.200
  5      bbar      -5 [3] (6)  4> {-1}
                               326.435    70.435  -372.104   500.000     4.200
------------------------------------------------------------------------------
Step 1
--- intermediates:
  1        e-      11  (3)   
                                 0.000     0.000   500.000   500.000     0.001
  2        e+     -11  (3)   
                                 0.000     0.000  -500.000   500.000     0.001
  3     gamma      22 [1,2] (4,5)   
                                 0.000     0.000     0.000  1000.000  1000.000
--- final:
  4         b       5 [3] (7)  >5 {+1}
                              -326.435   -70.435   372.104   500.000     4.200
  5      bbar      -5 [3] (6)  4> {-1}
                               326.435    70.435  -372.104   500.000     4.200
------------------------------------------------------------------------------
     Sum of momenta:                 0         0         0     1e+03     1e+03
------------------------------------------------------------------------------
Step 2 performed by ShowerHandler
--- final:
  6      bbar      -5 [5]   7> {-1}
                               326.430    70.434  -372.098   500.000     5.000
  7         b       5 [4]   >6 {+1}
                              -326.430   -70.434   372.098   500.000     5.000
------------------------------------------------------------------------------
     Sum of momenta:                 0         0         0     1e+03     1e+03
******************************************************************************
Event number 2 (id: EE) performed by EventHandler
Weight: 1
==============================================================================

--- Colliding particles:
  1        e-      11  (3)   
                                 0.000     0.000   500.000   500.000     0.001
  2        e+     -11  (3)   
                                 0.000     0.000  -500.000   500.000     0.001
------------------------------------------------------------------------------
Primary sub-process performed by MEee2gZ2qq
--- incoming:
  1        e-      11  (3)   
                                 0.000     0.000   500.000   500.000     0.001
  2        e+     -11  (3)   
                                 0.000     0.000  -500.000   500.000     0.001
--- intermediates:
  3     gamma      22 [1,2] (4,5)   
                                 0.000     0.000     0.000  1000.000  1000.000
--- outgoing:
  4         b       5 [3] (7)  >5 {+1}
                               169.513    56.157   467.005   500.000     4.200
  5      bbar      -5 [3] (6)  4> {-1}
                              -169.513   -56.157  -467.005   500.000     4.200
------------------------------------------------------------------------------
Step 1
--- intermediates:
  1        e-      11  (3)   
                                 0.000     0.000   500.000   500.000     0.001
  2        e+     -11  (3)   
                                 0.000     0.000  -500.000   500.000     0.001
  3     gamma      22 [1,2] (4,5)   
                                 0.000     0.000     0.000  1000.000  1000.000
--- final:
  4         b       5 [3] (7)  >5 {+1}
                               169.513    56.157   467.005   500.000     4.200
  5      bbar      -5 [3] (6)  4> {-1}
                              -169.513   -56.157  -467.005   500.000     4.200
------------------------------------------------------------------------------
     Sum of momenta:                 0         0         0     1e+03     1e+03
------------------------------------------------------------------------------
Step 2 performed by ShowerHandler
--- final:
  6      bbar      -5 [5]   7> {-1}
                              -169.510   -56.156  -466.999   500.000     5.000
  7         b       5 [4]   >6 {+1}
                               169.510    56.156   466.999   500.000     5.000
------------------------------------------------------------------------------
     Sum of momenta:                 0         0         0     1e+03     1e+03
******************************************************************************
Event number 3 (id: EE) performed by EventHandler
Weight: 1
==============================================================================

--- Colliding particles:
  1        e-      11  (3)   
                                 0.000     0.000   500.000   500.000     0.001
  2        e+     -11  (3)   
                                 0.000     0.000  -500.000   500.000     0.001
------------------------------------------------------------------------------
Primary sub-process performed by MEee2gZ2qq
--- incoming:
  1        e-      11  (3)   
                                 0.000     0.000   500.000   500.000     0.001
  2        e+     -11  (3)   
                                 0.000     0.000  -500.000   500.000     0.001
--- intermediates:
  3     gamma      22 [1,2] (4,5)   
                                 0.000     0.000     0.000  1000.000  1000.000
--- outgoing:
  4         b       5 [3] (7)  >5 {+1}
                              -465.568   -79.950   163.820   500.000     4.200
  5      bbar      -5 [3] (6)  4> {-1}
                               465.568    79.950  -163.820   500.000     4.200
------------------------------------------------------------------------------
Step 1
--- intermediates:
  1        e-      11  (3)   
                                 0.000     0.000   500.000   500.000     0.001
  2        e+     -11  (3)   
                                 0.000     0.000  -500.000   500.000     0.001
  3     gamma      22 [1,2] (4,5)   
                                 0.000     0.000     0.000  1000.000  1000.000
--- final:
  4         b       5 [3] (7)  >5 {+1}
                              -465.568   -79.950   163.820   500.000     4.200
  5      bbar      -5 [3] (6)  4> {-1}
                               465.568    79.950  -163.820   500.000     4.200
------------------------------------------------------------------------------
     Sum of momenta:                 0         0         0     1e+03     1e+03
------------------------------------------------------------------------------
Step 2 performed by ShowerHandler
--- final:
  6      bbar      -5 [5]   7> {-1}
                               465.561    79.949  -163.818   500.000     5.000
  7         b       5 [4]   >6 {+1}
                              -465.561   -79.949   163.818   500.000     5.000
------------------------------------------------------------------------------
     Sum of momenta:                 0         0         0     1e+03     1e+03
******************************************************************************
Event number 4 (id: EE) performed by EventHandler
Weight: 1
==============================================================================

--- Colliding particles:
  1        e-      11  (3)   
                                 0.000     0.000   500.000   500.000     0.001
  2        e+     -11  (3)   
                                 0.000     0.000  -500.000   500.000     0.001
------------------------------------------------------------------------------
Primary sub-process performed by MEee2gZ2qq
--- incoming:
  1        e-      11  (3)   
                                 0.000     0.000   500.000   500.000     0.001
  2        e+     -11  (3)   
                                 0.000     0.000  -500.000   500.000     0.001
--- intermediates:
  3        Z0      23 [1,2] (4,5)   
                                 0.000     0.000     0.000  1000.000  1000.000
--- outgoing:
  4         b       5 [3] (7)  >5 {+1}
                                60.014   477.505  -135.534   500.000     4.200
  5      bbar      -5 [3] (6)  4> {-1}
                               -60.014  -477.505   135.534   500.000     4.200
------------------------------------------------------------------------------
Step 1
--- intermediates:
  1        e-      11  (3)   
                                 0.000     0.000   500.000   500.000     0.001
  2        e+     -11  (3)   
                                 0.000     0.000  -500.000   500.000     0.001
  3        Z0      23 [1,2] (4,5)   
                                 0.000     0.000     0.000  1000.000  1000.000
--- final:
  4         b       5 [3] (7)  >5 {+1}
                                60.014   477.505  -135.534   500.000     4.200
  5      bbar      -5 [3] (6)  4> {-1}
                               -60.014  -477.505   135.534   500.000     4.200
------------------------------------------------------------------------------
     Sum of momenta:                 0         0         0     1e+03     1e+03
------------------------------------------------------------------------------
Step 2 performed by ShowerHandler
--- final:
  6      bbar      -5 [5]   7> {-1}
                               -60.013  -477.498   135.532   500.000     5.000
  7         b       5 [4]   >6 {+1}
                                60.013   477.498  -135.532   500.000     5.000
------------------------------------------------------------------------------
     Sum of momenta:                 0         0         0     1e+03     1e+03
******************************************************************************
Event number 5 (id: EE) performed by EventHandler
Weight: 1
==============================================================================

--- Colliding particles:
  1        e-      11  (3)   
                                 0.000     0.000   500.000   500.000     0.001
  2        e+     -11  (3)   
                                 0.000     0.000  -500.000   500.000     0.001
------------------------------------------------------------------------------
Primary sub-process performed by MEee2gZ2qq
--- incoming:
  1        e-      11  (3)   
                                 0.000     0.000   500.000   500.000     0.001
  2        e+     -11  (3)   
                                 0.000     0.000  -500.000   500.000     0.001
--- intermediates:
  3     gamma      22 [1,2] (4,5)   
                                 0.000     0.000     0.000  1000.000  1000.000
--- outgoing:
  4         b       5 [3] (7)  >5 {+1}
                               383.523   127.926  -294.155   500.000     4.200
  5      bbar      -5 [3] (6)  4> {-1}
                              -383.523  -127.926   294.155   500.000     4.200
------------------------------------------------------------------------------
Step 1
--- intermediates:
  1        e-      11  (3)   
                                 0.000     0.000   500.000   500.000     0.001
  2        e+     -11  (3)   
                                 0.000     0.000  -500.000   500.000     0.001
  3     gamma      22 [1,2] (4,5)   
                                 0.000     0.000     0.000  1000.000  1000.000
--- final:
  4         b       5 [3] (7)  >5 {+1}
                               383.523   127.926  -294.155   500.000     4.200
  5      bbar      -5 [3] (6)  4> {-1}
                              -383.523  -127.926   294.155   500.000     4.200
------------------------------------------------------------------------------
     Sum of momenta:                 0         0         0     1e+03     1e+03
------------------------------------------------------------------------------
Step 2 performed by ShowerHandler
--- final:
  6      bbar      -5 [5]   7> {-1}
                              -383.517  -127.925   294.151   500.000     5.000
  7         b       5 [4]   >6 {+1}
                               383.517   127.925  -294.151   500.000     5.000
------------------------------------------------------------------------------
     Sum of momenta:                 0         0         0     1e+03     1e+03
******************************************************************************
Event number 6 (id: EE) performed by EventHandler
Weight: 1
==============================================================================

--- Colliding particles:
  1        e-      11  (3)   
                                 0.000     0.000   500.000   500.000     0.001
  2        e+     -11  (3)   
                                 0.000     0.000  -500.000   500.000     0.001
------------------------------------------------------------------------------
Primary sub-process performed by MEee2gZ2qq
--- incoming:
  1        e-      11  (3)   
                                 0.000     0.000   500.000   500.000     0.001
  2        e+     -11  (3)   
                                 0.000     0.000  -500.000   500.000     0.001
--- intermediates:
  3     gamma      22 [1,2] (4,5)   
                                 0.000     0.000     0.000  1000.000  1000.000
--- outgoing:
  4         b       5 [3] (7)  >5 {+1}
                               -40.400   179.801   464.781   500.000     4.200
  5      bbar      -5 [3] (6)  4> {-1}
                                40.400  -179.801  -464.781   500.000     4.200
------------------------------------------------------------------------------
Step 1
--- intermediates:
  1        e-      11  (3)   
                                 0.000     0.000   500.000   500.000     0.001
  2        e+     -11  (3)   
                                 0.000     0.000  -500.000   500.000     0.001
  3     gamma      22 [1,2] (4,5)   
                                 0.000     0.000     0.000  1000.000  1000.000
--- final:
  4         b       5 [3] (7)  >5 {+1}
                               -40.400   179.801   464.781   500.000     4.200
  5      bbar      -5 [3] (6)  4> {-1}
                                40.400  -179.801  -464.781   500.000     4.200
------------------------------------------------------------------------------
     Sum of momenta:                 0         0         0     1e+03     1e+03
------------------------------------------------------------------------------
Step 2 performed by ShowerHandler
--- final:
  6      bbar      -5 [5]   7> {-1}
                                40.399  -179.799  -464.775   500.000     5.000
  7         b       5 [4]   >6 {+1}
                               -40.399   179.799   464.775   500.000     5.000
------------------------------------------------------------------------------
     Sum of momenta:                 0         0         0     1e+03     1e+03
******************************************************************************
Event number 7 (id: EE) performed by EventHandler
Weight: 1
==============================================================================

--- Colliding particles:
  1        e-      11  (3)   
                                 0.000     0.000   500.000   500.000     0.001
  2        e+     -11  (3)   
                                 0.000     0.000  -500.000   500.000     0.001
------------------------------------------------------------------------------
Primary sub-process performed by MEee2gZ2qq
--- incoming:
  1        e-      11  (3)   
                                 0.000     0.000   500.000   500.000     0.001
  2        e+     -11  (3)   
                                 0.000     0.000  -500.000   500.000     0.001
--- intermediates:
  3     gamma      22 [1,2] (4,5)   
                                 0.000     0.000     0.000  1000.000  1000.000
--- outgoing:
  4         b       5 [3] (7)  >5 {+1}
                               318.440  -265.016   279.902   500.000     4.200
  5      bbar      -5 [3] (6)  4> {-1}
                              -318.440   265.016  -279.902   500.000     4.200
------------------------------------------------------------------------------
Step 1
--- intermediates:
  1        e-      11  (3)   
                                 0.000     0.000   500.000   500.000     0.001
  2        e+     -11  (3)   
                                 0.000     0.000  -500.000   500.000     0.001
  3     gamma      22 [1,2] (4,5)   
                                 0.000     0.000     0.000  1000.000  1000.000
--- final:
  4         b       5 [3] (7)  >5 {+1}
                               318.440  -265.016   279.902   500.000     4.200
  5      bbar      -5 [3] (6)  4> {-1}
                              -318.440   265.016  -279.902   500.000     4.200
------------------------------------------------------------------------------
     Sum of momenta:                 0         0         0     1e+03     1e+03
------------------------------------------------------------------------------
Step 2 performed by ShowerHandler
--- final:
  6      bbar      -5 [5]   7> {-1}
                              -318.435   265.012  -279.898   500.000     5.000
  7         b       5 [4]   >6 {+1}
                               318.435  -265.012   279.898   500.000     5.000
------------------------------------------------------------------------------
     Sum of momenta:                 0         0         0     1e+03     1e+03
******************************************************************************
Event number 8 (id: EE) performed by EventHandler
Weight: 1
==============================================================================

--- Colliding particles:
  1        e-      11  (3)   
                                 0.000     0.000   500.000   500.000     0.001
  2        e+     -11  (3)   
                                 0.000     0.000  -500.000   500.000     0.001
------------------------------------------------------------------------------
Primary sub-process performed by MEee2gZ2qq
--- incoming:
  1        e-      11  (3)   
                                 0.000     0.000   500.000   500.000     0.001
  2        e+     -11  (3)   
                                 0.000     0.000  -500.000   500.000     0.001
--- intermediates:
  3        Z0      23 [1,2] (4,5)   
                                 0.000     0.000     0.000  1000.000  1000.000
--- outgoing:
  4         b       5 [3] (7)  >5 {+1}
                              -358.001  -216.478   273.779   500.000     4.200
  5      bbar      -5 [3] (6)  4> {-1}
                               358.001   216.478  -273.779   500.000     4.200
------------------------------------------------------------------------------
Step 1
--- intermediates:
  1        e-      11  (3)   
                                 0.000     0.000   500.000   500.000     0.001
  2        e+     -11  (3)   
                                 0.000     0.000  -500.000   500.000     0.001
  3        Z0      23 [1,2] (4,5)   
                                 0.000     0.000     0.000  1000.000  1000.000
--- final:
  4         b       5 [3] (7)  >5 {+1}
                              -358.001  -216.478   273.779   500.000     4.200
  5      bbar      -5 [3] (6)  4> {-1}
                               358.001   216.478  -273.779   500.000     4.200
------------------------------------------------------------------------------
     Sum of momenta:                 0         0         0     1e+03     1e+03
------------------------------------------------------------------------------
Step 2 performed by ShowerHandler
--- final:
  6      bbar      -5 [5]   7> {-1}
                               357.996   216.474  -273.775   500.000     5.000
  7         b       5 [4]   >6 {+1}
                              -357.996  -216.474   273.775   500.000     5.000
------------------------------------------------------------------------------
     Sum of momenta:                 0         0         0     1e+03     1e+03
******************************************************************************
Event number 9 (id: EE) performed by EventHandler
Weight: 1
==============================================================================

--- Colliding particles:
  1        e-      11  (3)   
                                 0.000     0.000   500.000   500.000     0.001
  2        e+     -11  (3)   
                                 0.000     0.000  -500.000   500.000     0.001
------------------------------------------------------------------------------
Primary sub-process performed by MEee2gZ2qq
--- incoming:
  1        e-      11  (3)   
                                 0.000     0.000   500.000   500.000     0.001
  2        e+     -11  (3)   
                                 0.000     0.000  -500.000   500.000     0.001
--- intermediates:
  3        Z0      23 [1,2] (4,5)   
                                 0.000     0.000     0.000  1000.000  1000.000
--- outgoing:
  4         b       5 [3] (7)  >5 {+1}
                              -129.302   344.890   338.103   500.000     4.200
  5      bbar      -5 [3] (6)  4> {-1}
                               129.302  -344.890  -338.103   500.000     4.200
------------------------------------------------------------------------------
Step 1
--- intermediates:
  1        e-      11  (3)   
                                 0.000     0.000   500.000   500.000     0.001
  2        e+     -11  (3)   
                                 0.000     0.000  -500.000   500.000     0.001
  3        Z0      23 [1,2] (4,5)   
                                 0.000     0.000     0.000  1000.000  1000.000
--- final:
  4         b       5 [3] (7)  >5 {+1}
                              -129.302   344.890   338.103   500.000     4.200
  5      bbar      -5 [3] (6)  4> {-1}
                               129.302  -344.890  -338.103   500.000     4.200
------------------------------------------------------------------------------
     Sum of momenta:                 0         0         0     1e+03     1e+03
------------------------------------------------------------------------------
Step 2 performed by ShowerHandler
--- final:
  6      bbar      -5 [5]   7> {-1}
                               129.300  -344.885  -338.098   500.000     5.000
  7         b       5 [4]   >6 {+1}
                              -129.300   344.885   338.098   500.000     5.000
------------------------------------------------------------------------------
     Sum of momenta:                 0         0         0     1e+03     1e+03
Statistics for the ACDC sampler 'ACDCSampler':
Number of samplers:                 1
Number of bins:                     2
Depth of bins:                      2
efficiency:                  0.526808
Total integrated xsec:    9.22789e-05
        error in xsec:    8.25553e-09
No exceptions reported in this run.
