event>     initevent>        0  1000000Rivet.Analysis.Handler: INFO  Using named weights
Rivet.Analysis.Handler: WARN  Analysis 'LHCB_2019_I1762092' is unvalidated: be careful, it may be broken!
event>        1  1000000event>        2  1000000event>        5  1000000event>       10  1000000event>       20  1000000event>       50  1000000event>      100  1000000event>      200  1000000event>      500  1000000event>     1000  1000000event>     2000  1000000something0.145
event>     5000  1000000something0.081
something3.076
event>    10000  1000000something0.175
something0.630
event>    20000  1000000something0.174
event>    30000  1000000something0.159
something0.386
something0.174
event>    40000  1000000something0.137
something0.173
something0.116
something0.176
event>    50000  1000000something0.147
something0.023
something0.141
something0.391
something0.974
Herwig: /mt/home/fpauwels/Desktop/Herwig_gcc/include/ThePEG/EventRecord/RhoDMatrix.h:62: ThePEG::Complex ThePEG::RhoDMatrix::operator()(size_t, size_t) const: Assertion `iy < _ispin' failed.
/var/spool/slurmd/job1236046/slurm_script: line 3: 84216 Aborted                 Herwig run LHC.run -N 1000000 --seed 38770583615
