event>     initevent>        0  1000000Rivet.Analysis.Handler: INFO  Using named weights
Rivet.Analysis.Handler: WARN  Analysis 'LHCB_2019_I1762092' is unvalidated: be careful, it may be broken!
event>        1  1000000event>        2  1000000event>        5  1000000event>       10  1000000event>       20  1000000event>       50  1000000event>      100  1000000event>      200  1000000event>      500  1000000event>     1000  1000000event>     2000  1000000something0.135
event>     5000  1000000something0.143
something0.071
something0.144
something0.182
event>    10000  1000000something0.129
something0.072
something0.145
something0.141
event>    20000  1000000something0.176
something0.173
something0.163
something0.148
something0.112
event>    30000  1000000something0.020
something0.053
something0.139
slurmstepd: error: *** JOB 1235958 ON ip3-cpu2 CANCELLED AT 2021-03-23T22:01:52 ***
