event>     initevent>        0  1000000Rivet.Analysis.Handler: INFO  Using named weights
Rivet.Analysis.Handler: WARN  Analysis 'LHCB_2019_I1762092' is unvalidated: be careful, it may be broken!
event>        1  1000000event>        2  1000000event>        5  1000000event>       10  1000000event>       20  1000000event>       50  1000000event>      100  1000000event>      200  1000000event>      500  1000000event>     1000  1000000event>     2000  1000000event>     5000  1000000something0.158
something0.121
something0.167
event>    10000  1000000something0.177
something0.110
something0.108
event>    20000  1000000something3.721
something0.106
something0.152
something3.253
event>    30000  1000000something0.146
something0.156
something0.160
event>    40000  1000000something0.176
something0.457
something0.162
something0.176
something0.175
slurmstepd: error: *** JOB 1235978 ON ip3-cpu3 CANCELLED AT 2021-03-23T22:01:52 ***
