event>     initevent>        0  1000000Rivet.Analysis.Handler: INFO  Using named weights
Rivet.Analysis.Handler: WARN  Analysis 'LHCB_2019_I1762092' is unvalidated: be careful, it may be broken!
event>        1  1000000event>        2  1000000event>        5  1000000event>       10  1000000event>       20  1000000event>       50  1000000event>      100  1000000event>      200  1000000event>      500  1000000something0.018
event>     1000  1000000event>     2000  1000000something0.143
event>     5000  1000000something0.157
event>    10000  1000000something0.543
something0.049
something0.121
something0.118
something0.156
something0.779
event>    20000  1000000something0.160
something0.173
something0.143
something0.176
event>    30000  1000000something0.152
something0.162
something0.127
something0.099
something0.072
something0.140
something0.176
event>    40000  1000000slurmstepd: error: *** JOB 1236011 ON ip3-cpu3 CANCELLED AT 2021-03-23T22:01:52 ***

BasicConsistency: maximum 4-momentum violation: 2.016 MeV

The MCnet usage guidelines apply to Rivet: see http://www.montecarlonet.org/GUIDELINES
Please acknowledge Rivet in results made using it, and cite https://arxiv.org/abs/1912.05451
