event>     initevent>        0  1000000Rivet.Analysis.Handler: INFO  Using named weights
Rivet.Analysis.Handler: WARN  Analysis 'LHCB_2019_I1762092' is unvalidated: be careful, it may be broken!
event>        1  1000000event>        2  1000000event>        5  1000000event>       10  1000000event>       20  1000000event>       50  1000000event>      100  1000000event>      200  1000000event>      500  1000000something3.601
event>     1000  1000000something0.158
something0.096
event>     2000  1000000something0.171
something0.466
event>     5000  1000000something0.170
something0.145
event>    10000  1000000something0.136
something0.333
event>    20000  1000000something0.138
something0.157
something3.685
event>    30000  1000000something0.034
something0.192
something0.142
something0.039
event>    40000  1000000something0.134
something0.072
slurmstepd: error: *** JOB 1235967 ON ip3-cpu3 CANCELLED AT 2021-03-23T22:01:52 ***
