event>     initevent>        0  1000000Rivet.Analysis.Handler: INFO  Using named weights
Rivet.Analysis.Handler: WARN  Analysis 'LHCB_2019_I1762092' is unvalidated: be careful, it may be broken!
event>        1  1000000event>        2  1000000event>        5  1000000event>       10  1000000event>       20  1000000event>       50  1000000event>      100  1000000event>      200  1000000event>      500  1000000event>     1000  1000000something0.130
something0.174
event>     2000  1000000something0.806
event>     5000  1000000something0.184
something0.185
something0.159
something0.177
event>    10000  1000000something0.176
something0.143
something0.180
something0.170
something0.175
something0.160
something0.184
event>    20000  1000000event>    30000  1000000something0.100
something0.180
something0.029
something0.153
event>    40000  1000000something3.721
slurmstepd: error: *** JOB 1235981 ON ip3-cpu3 CANCELLED AT 2021-03-23T22:01:52 ***
