event>     initevent>        0  1000000Rivet.Analysis.Handler: INFO  Using named weights
Rivet.Analysis.Handler: WARN  Analysis 'LHCB_2019_I1762092' is unvalidated: be careful, it may be broken!
event>        1  1000000event>        2  1000000event>        5  1000000event>       10  1000000event>       20  1000000event>       50  1000000event>      100  1000000event>      200  1000000something0.161
event>      500  1000000event>     1000  1000000event>     2000  1000000something0.140
something0.120
event>     5000  1000000something0.155
event>    10000  1000000something0.150
something0.148
something0.141
something0.177
something0.005
event>    20000  1000000something0.176
something0.114
something0.194
event>    30000  1000000something0.055
something0.099
something0.133
something0.167
something0.154
something0.174
something0.154
something0.204
event>    40000  1000000slurmstepd: error: *** JOB 1235968 ON ip3-cpu3 CANCELLED AT 2021-03-23T22:01:52 ***
