event>     initevent>        0  1000000Rivet.Analysis.Handler: INFO  Using named weights
Rivet.Analysis.Handler: WARN  Analysis 'LHCB_2019_I1762092' is unvalidated: be careful, it may be broken!
event>        1  1000000event>        2  1000000event>        5  1000000event>       10  1000000event>       20  1000000event>       50  1000000event>      100  1000000event>      200  1000000event>      500  1000000event>     1000  1000000event>     2000  1000000something0.140
event>     5000  1000000something0.165
event>    10000  1000000something0.190
something0.080
something0.170
something0.150
something0.289
event>    20000  1000000something3.795
something0.157
something0.177
event>    30000  1000000something0.147
something0.129
something0.147
something0.176
something0.146
something0.153
something0.161
event>    40000  1000000slurmstepd: error: *** JOB 1235971 ON ip3-cpu3 CANCELLED AT 2021-03-23T22:01:52 ***
