event>     initevent>        0  1000000Rivet.Analysis.Handler: INFO  Using named weights
Rivet.Analysis.Handler: WARN  Analysis 'LHCB_2019_I1762092' is unvalidated: be careful, it may be broken!
event>        1  1000000event>        2  1000000event>        5  1000000event>       10  1000000event>       20  1000000event>       50  1000000event>      100  1000000event>      200  1000000event>      500  1000000event>     1000  1000000event>     2000  1000000event>     5000  1000000something0.169
something0.058
something0.116
something0.149
something0.106
something0.162
something0.183
event>    10000  1000000something2.834
something0.171
something0.156
something0.152
something0.156
something0.151
event>    20000  1000000something0.294
something0.172
something0.154
something0.176
something0.171
event>    30000  1000000something0.172
Herwig: /mt/home/fpauwels/Desktop/Herwig_gcc/include/ThePEG/EventRecord/RhoDMatrix.h:62: ThePEG::Complex ThePEG::RhoDMatrix::operator()(size_t, size_t) const: Assertion `iy < _ispin' failed.
/var/spool/slurmd/job1235960/slurm_script: line 3: 296552 Aborted                 Herwig run LHC.run -N 1000000 --seed 1306873605
