event>     initevent>        0  1000000Rivet.Analysis.Handler: INFO  Using named weights
Rivet.Analysis.Handler: WARN  Analysis 'LHCB_2019_I1762092' is unvalidated: be careful, it may be broken!
event>        1  1000000event>        2  1000000event>        5  1000000event>       10  1000000event>       20  1000000event>       50  1000000event>      100  1000000event>      200  1000000event>      500  1000000event>     1000  1000000event>     2000  1000000something0.127
something0.123
something0.116
event>     5000  1000000something0.167
event>    10000  1000000something0.154
something0.174
something0.150
something0.087
something0.821
something0.059
event>    20000  1000000something0.126
something0.056
something0.091
something0.175
something0.186
event>    30000  1000000something0.187
something0.177
something0.101
something0.145
something0.119
something0.139
something0.093
something0.183
something0.673
event>    40000  1000000something0.174
slurmstepd: error: *** JOB 1236017 ON ip3-cpu3 CANCELLED AT 2021-03-23T22:01:52 ***

BasicConsistency: maximum 4-momentum violation: 0.461 MeV

The MCnet usage guidelines apply to Rivet: see http://www.montecarlonet.org/GUIDELINES
Please acknowledge Rivet in results made using it, and cite https://arxiv.org/abs/1912.05451
