event>     initevent>        0  1000000Rivet.Analysis.Handler: INFO  Using named weights
Rivet.Analysis.Handler: WARN  Analysis 'LHCB_2019_I1762092' is unvalidated: be careful, it may be broken!
event>        1  1000000event>        2  1000000event>        5  1000000event>       10  1000000event>       20  1000000event>       50  1000000event>      100  1000000event>      200  1000000event>      500  1000000event>     1000  1000000event>     2000  1000000something0.148
something0.083
event>     5000  1000000something0.157
something0.089
something0.172
event>    10000  1000000something0.184
something0.144
something0.034
event>    20000  1000000something3.002
something0.077
something0.177
something0.547
something0.176
something0.144
event>    30000  1000000something0.176
something0.176
something0.179
something0.081
something0.095
something0.051
something0.094
event>    40000  1000000something0.176
slurmstepd: error: *** JOB 1235989 ON ip3-cpu3 CANCELLED AT 2021-03-23T22:01:52 ***
