event>     initevent>        0  1000000Rivet.Analysis.Handler: INFO  Using named weights
Rivet.Analysis.Handler: WARN  Analysis 'LHCB_2019_I1762092' is unvalidated: be careful, it may be broken!
event>        1  1000000event>        2  1000000event>        5  1000000event>       10  1000000event>       20  1000000event>       50  1000000event>      100  1000000event>      200  1000000event>      500  1000000event>     1000  1000000something0.122
event>     2000  1000000something3.920
something0.102
event>     5000  1000000something0.161
event>    10000  1000000something0.924
something0.165
something0.059
something0.145
something0.126
something0.168
something0.146
something0.134
event>    20000  1000000something0.145
event>    30000  1000000something0.150
something0.144
something0.025
something0.174
something0.146
event>    40000  1000000something0.177
Herwig: /mt/home/fpauwels/Desktop/Herwig_gcc/include/ThePEG/EventRecord/RhoDMatrix.h:62: ThePEG::Complex ThePEG::RhoDMatrix::operator()(size_t, size_t) const: Assertion `iy < _ispin' failed.
/var/spool/slurmd/job1236038/slurm_script: line 3: 84128 Aborted                 Herwig run LHC.run -N 1000000 --seed 35285587335
