>>>>>>>>>>>>>>>>>>>>>>>>>>>>>>>>>>>>>>>>>>>>>>>>>>>>>>>>>>>>>>>>>>>>>>>>>>>>>>
>>>> Toolkit for HEP Event Generation - ThePEG 02e817c0868e (default) <<<<<<<<
>>>> Sun Mar 28 05:13:54 2021                                             <<<<
<<<<<<<<<<<<<<<<<<<<<<<<<<<<<<<<<<<<<<<<<<<<<<<<<<<<<<<<<<<<<<<<<<<<<<<<<<<<<<

>> Herwig d97e658e076a (default) / ThePEG 02e817c0868e (default)

==============================================================================
Statistics for event handler 'EventHandler':
                                       generated    number of    Cross-section
                                          events     attempts             (nb)
==============================================================================
Total (from attempted events): including vetoed events           13.86(2)e+06
==============================================================================
Total (from generated events):           100000       100059     13.85(2)e+06
Events carry unit weights.
==============================================================================
Per matrix element breakdown:
MEHeavyQuark                               95149        95208     13.18(2)e+06
MEHeavyQuark2                               4851         4851     0.672(9)e+06
==============================================================================
>>>>>>>>>>>>>>>>>>>>>>>>>>>>>>>>>>>>>>>>>>>>>>>>>>>>>>>>>>>>>>>>>>>>>>>>>>>>>>
>>>> Toolkit for HEP Event Generation - ThePEG 02e817c0868e (default) <<<<<<<<
>>>> Sun Mar 28 05:15:28 2021                                             <<<<
<<<<<<<<<<<<<<<<<<<<<<<<<<<<<<<<<<<<<<<<<<<<<<<<<<<<<<<<<<<<<<<<<<<<<<<<<<<<<<

>> Herwig d97e658e076a (default) / ThePEG 02e817c0868e (default)

==============================================================================
Statistics for event handler 'EventHandler':
                                       generated    number of    Cross-section
                                          events     attempts             (nb)
==============================================================================
Total (from attempted events): including vetoed events           13.86(2)e+06
==============================================================================
Total (from generated events):           100000       100059     13.85(2)e+06
Events carry unit weights.
==============================================================================
Per matrix element breakdown:
MEHeavyQuark                               95149        95208     13.18(2)e+06
MEHeavyQuark2                               4851         4851     0.672(9)e+06
==============================================================================
>>>>>>>>>>>>>>>>>>>>>>>>>>>>>>>>>>>>>>>>>>>>>>>>>>>>>>>>>>>>>>>>>>>>>>>>>>>>>>
>>>> Toolkit for HEP Event Generation - ThePEG 02e817c0868e (default) <<<<<<<<
>>>> Sun Mar 28 05:13:45 2021                                             <<<<
<<<<<<<<<<<<<<<<<<<<<<<<<<<<<<<<<<<<<<<<<<<<<<<<<<<<<<<<<<<<<<<<<<<<<<<<<<<<<<

>> Herwig d97e658e076a (default) / ThePEG 02e817c0868e (default)

==============================================================================
Statistics for event handler 'EventHandler':
                                       generated    number of    Cross-section
                                          events     attempts             (nb)
==============================================================================
Total (from attempted events): including vetoed events           13.86(2)e+06
==============================================================================
Total (from generated events):           100000       100059     13.85(2)e+06
Events carry unit weights.
==============================================================================
Per matrix element breakdown:
MEHeavyQuark                               95149        95208     13.18(2)e+06
MEHeavyQuark2                               4851         4851     0.672(9)e+06
==============================================================================
>>>>>>>>>>>>>>>>>>>>>>>>>>>>>>>>>>>>>>>>>>>>>>>>>>>>>>>>>>>>>>>>>>>>>>>>>>>>>>
>>>> Toolkit for HEP Event Generation - ThePEG 02e817c0868e (default) <<<<<<<<
>>>> Sun Mar 28 05:13:19 2021                                             <<<<
<<<<<<<<<<<<<<<<<<<<<<<<<<<<<<<<<<<<<<<<<<<<<<<<<<<<<<<<<<<<<<<<<<<<<<<<<<<<<<

>> Herwig d97e658e076a (default) / ThePEG 02e817c0868e (default)

==============================================================================
Statistics for event handler 'EventHandler':
                                       generated    number of    Cross-section
                                          events     attempts             (nb)
==============================================================================
Total (from attempted events): including vetoed events           13.86(2)e+06
==============================================================================
Total (from generated events):           100000       100059     13.85(2)e+06
Events carry unit weights.
==============================================================================
Per matrix element breakdown:
MEHeavyQuark                               95149        95208     13.18(2)e+06
MEHeavyQuark2                               4851         4851     0.672(9)e+06
==============================================================================
>>>>>>>>>>>>>>>>>>>>>>>>>>>>>>>>>>>>>>>>>>>>>>>>>>>>>>>>>>>>>>>>>>>>>>>>>>>>>>
>>>> Toolkit for HEP Event Generation - ThePEG 02e817c0868e (default) <<<<<<<<
>>>> Sun Mar 28 05:15:44 2021                                             <<<<
<<<<<<<<<<<<<<<<<<<<<<<<<<<<<<<<<<<<<<<<<<<<<<<<<<<<<<<<<<<<<<<<<<<<<<<<<<<<<<

>> Herwig d97e658e076a (default) / ThePEG 02e817c0868e (default)

==============================================================================
Statistics for event handler 'EventHandler':
                                       generated    number of    Cross-section
                                          events     attempts             (nb)
==============================================================================
Total (from attempted events): including vetoed events           13.86(2)e+06
==============================================================================
Total (from generated events):           100000       100059     13.85(2)e+06
Events carry unit weights.
==============================================================================
Per matrix element breakdown:
MEHeavyQuark                               95149        95208     13.18(2)e+06
MEHeavyQuark2                               4851         4851     0.672(9)e+06
==============================================================================
>>>>>>>>>>>>>>>>>>>>>>>>>>>>>>>>>>>>>>>>>>>>>>>>>>>>>>>>>>>>>>>>>>>>>>>>>>>>>>
>>>> Toolkit for HEP Event Generation - ThePEG 02e817c0868e (default) <<<<<<<<
>>>> Sun Mar 28 05:20:21 2021                                             <<<<
<<<<<<<<<<<<<<<<<<<<<<<<<<<<<<<<<<<<<<<<<<<<<<<<<<<<<<<<<<<<<<<<<<<<<<<<<<<<<<

>> Herwig d97e658e076a (default) / ThePEG 02e817c0868e (default)

==============================================================================
Statistics for event handler 'EventHandler':
                                       generated    number of    Cross-section
                                          events     attempts             (nb)
==============================================================================
Total (from attempted events): including vetoed events           13.86(2)e+06
==============================================================================
Total (from generated events):           100000       100059     13.85(2)e+06
Events carry unit weights.
==============================================================================
Per matrix element breakdown:
MEHeavyQuark                               95149        95208     13.18(2)e+06
MEHeavyQuark2                               4851         4851     0.672(9)e+06
==============================================================================
>>>>>>>>>>>>>>>>>>>>>>>>>>>>>>>>>>>>>>>>>>>>>>>>>>>>>>>>>>>>>>>>>>>>>>>>>>>>>>
>>>> Toolkit for HEP Event Generation - ThePEG 02e817c0868e (default) <<<<<<<<
>>>> Sun Mar 28 05:22:18 2021                                             <<<<
<<<<<<<<<<<<<<<<<<<<<<<<<<<<<<<<<<<<<<<<<<<<<<<<<<<<<<<<<<<<<<<<<<<<<<<<<<<<<<

>> Herwig d97e658e076a (default) / ThePEG 02e817c0868e (default)

==============================================================================
Statistics for event handler 'EventHandler':
                                       generated    number of    Cross-section
                                          events     attempts             (nb)
==============================================================================
Total (from attempted events): including vetoed events           13.86(2)e+06
==============================================================================
Total (from generated events):           100000       100059     13.85(2)e+06
Events carry unit weights.
==============================================================================
Per matrix element breakdown:
MEHeavyQuark                               95149        95208     13.18(2)e+06
MEHeavyQuark2                               4851         4851     0.672(9)e+06
==============================================================================
>>>>>>>>>>>>>>>>>>>>>>>>>>>>>>>>>>>>>>>>>>>>>>>>>>>>>>>>>>>>>>>>>>>>>>>>>>>>>>
>>>> Toolkit for HEP Event Generation - ThePEG 02e817c0868e (default) <<<<<<<<
>>>> Sun Mar 28 05:23:05 2021                                             <<<<
<<<<<<<<<<<<<<<<<<<<<<<<<<<<<<<<<<<<<<<<<<<<<<<<<<<<<<<<<<<<<<<<<<<<<<<<<<<<<<

>> Herwig d97e658e076a (default) / ThePEG 02e817c0868e (default)

==============================================================================
Statistics for event handler 'EventHandler':
                                       generated    number of    Cross-section
                                          events     attempts             (nb)
==============================================================================
Total (from attempted events): including vetoed events           13.86(2)e+06
==============================================================================
Total (from generated events):           100000       100059     13.85(2)e+06
Events carry unit weights.
==============================================================================
Per matrix element breakdown:
MEHeavyQuark                               95149        95208     13.18(2)e+06
MEHeavyQuark2                               4851         4851     0.672(9)e+06
==============================================================================
>>>>>>>>>>>>>>>>>>>>>>>>>>>>>>>>>>>>>>>>>>>>>>>>>>>>>>>>>>>>>>>>>>>>>>>>>>>>>>
>>>> Toolkit for HEP Event Generation - ThePEG 02e817c0868e (default) <<<<<<<<
>>>> Sun Mar 28 05:22:36 2021                                             <<<<
<<<<<<<<<<<<<<<<<<<<<<<<<<<<<<<<<<<<<<<<<<<<<<<<<<<<<<<<<<<<<<<<<<<<<<<<<<<<<<

>> Herwig d97e658e076a (default) / ThePEG 02e817c0868e (default)

==============================================================================
Statistics for event handler 'EventHandler':
                                       generated    number of    Cross-section
                                          events     attempts             (nb)
==============================================================================
Total (from attempted events): including vetoed events           13.86(2)e+06
==============================================================================
Total (from generated events):           100000       100059     13.85(2)e+06
Events carry unit weights.
==============================================================================
Per matrix element breakdown:
MEHeavyQuark                               95149        95208     13.18(2)e+06
MEHeavyQuark2                               4851         4851     0.672(9)e+06
==============================================================================
>>>>>>>>>>>>>>>>>>>>>>>>>>>>>>>>>>>>>>>>>>>>>>>>>>>>>>>>>>>>>>>>>>>>>>>>>>>>>>
>>>> Toolkit for HEP Event Generation - ThePEG 02e817c0868e (default) <<<<<<<<
>>>> Sun Mar 28 05:23:14 2021                                             <<<<
<<<<<<<<<<<<<<<<<<<<<<<<<<<<<<<<<<<<<<<<<<<<<<<<<<<<<<<<<<<<<<<<<<<<<<<<<<<<<<

>> Herwig d97e658e076a (default) / ThePEG 02e817c0868e (default)

==============================================================================
Statistics for event handler 'EventHandler':
                                       generated    number of    Cross-section
                                          events     attempts             (nb)
==============================================================================
Total (from attempted events): including vetoed events           13.86(2)e+06
==============================================================================
Total (from generated events):           100000       100059     13.85(2)e+06
Events carry unit weights.
==============================================================================
Per matrix element breakdown:
MEHeavyQuark                               95149        95208     13.18(2)e+06
MEHeavyQuark2                               4851         4851     0.672(9)e+06
==============================================================================
>>>>>>>>>>>>>>>>>>>>>>>>>>>>>>>>>>>>>>>>>>>>>>>>>>>>>>>>>>>>>>>>>>>>>>>>>>>>>>
>>>> Toolkit for HEP Event Generation - ThePEG 02e817c0868e (default) <<<<<<<<
>>>> Sun Mar 28 05:29:41 2021                                             <<<<
<<<<<<<<<<<<<<<<<<<<<<<<<<<<<<<<<<<<<<<<<<<<<<<<<<<<<<<<<<<<<<<<<<<<<<<<<<<<<<

>> Herwig d97e658e076a (default) / ThePEG 02e817c0868e (default)

==============================================================================
Statistics for event handler 'EventHandler':
                                       generated    number of    Cross-section
                                          events     attempts             (nb)
==============================================================================
Total (from attempted events): including vetoed events           13.86(2)e+06
==============================================================================
Total (from generated events):           100000       100059     13.85(2)e+06
Events carry unit weights.
==============================================================================
Per matrix element breakdown:
MEHeavyQuark                               95149        95208     13.18(2)e+06
MEHeavyQuark2                               4851         4851     0.672(9)e+06
==============================================================================
>>>>>>>>>>>>>>>>>>>>>>>>>>>>>>>>>>>>>>>>>>>>>>>>>>>>>>>>>>>>>>>>>>>>>>>>>>>>>>
>>>> Toolkit for HEP Event Generation - ThePEG 02e817c0868e (default) <<<<<<<<
>>>> Sun Mar 28 05:26:53 2021                                             <<<<
<<<<<<<<<<<<<<<<<<<<<<<<<<<<<<<<<<<<<<<<<<<<<<<<<<<<<<<<<<<<<<<<<<<<<<<<<<<<<<

>> Herwig d97e658e076a (default) / ThePEG 02e817c0868e (default)

==============================================================================
Statistics for event handler 'EventHandler':
                                       generated    number of    Cross-section
                                          events     attempts             (nb)
==============================================================================
Total (from attempted events): including vetoed events           13.86(2)e+06
==============================================================================
Total (from generated events):           100000       100059     13.85(2)e+06
Events carry unit weights.
==============================================================================
Per matrix element breakdown:
MEHeavyQuark                               95149        95208     13.18(2)e+06
MEHeavyQuark2                               4851         4851     0.672(9)e+06
==============================================================================
>>>>>>>>>>>>>>>>>>>>>>>>>>>>>>>>>>>>>>>>>>>>>>>>>>>>>>>>>>>>>>>>>>>>>>>>>>>>>>
>>>> Toolkit for HEP Event Generation - ThePEG 02e817c0868e (default) <<<<<<<<
>>>> Sun Mar 28 05:28:41 2021                                             <<<<
<<<<<<<<<<<<<<<<<<<<<<<<<<<<<<<<<<<<<<<<<<<<<<<<<<<<<<<<<<<<<<<<<<<<<<<<<<<<<<

>> Herwig d97e658e076a (default) / ThePEG 02e817c0868e (default)

==============================================================================
Statistics for event handler 'EventHandler':
                                       generated    number of    Cross-section
                                          events     attempts             (nb)
==============================================================================
Total (from attempted events): including vetoed events           13.86(2)e+06
==============================================================================
Total (from generated events):           100000       100059     13.85(2)e+06
Events carry unit weights.
==============================================================================
Per matrix element breakdown:
MEHeavyQuark                               95149        95208     13.18(2)e+06
MEHeavyQuark2                               4851         4851     0.672(9)e+06
==============================================================================
>>>>>>>>>>>>>>>>>>>>>>>>>>>>>>>>>>>>>>>>>>>>>>>>>>>>>>>>>>>>>>>>>>>>>>>>>>>>>>
>>>> Toolkit for HEP Event Generation - ThePEG 02e817c0868e (default) <<<<<<<<
>>>> Sun Mar 28 05:28:25 2021                                             <<<<
<<<<<<<<<<<<<<<<<<<<<<<<<<<<<<<<<<<<<<<<<<<<<<<<<<<<<<<<<<<<<<<<<<<<<<<<<<<<<<

>> Herwig d97e658e076a (default) / ThePEG 02e817c0868e (default)

==============================================================================
Statistics for event handler 'EventHandler':
                                       generated    number of    Cross-section
                                          events     attempts             (nb)
==============================================================================
Total (from attempted events): including vetoed events           13.86(2)e+06
==============================================================================
Total (from generated events):           100000       100059     13.85(2)e+06
Events carry unit weights.
==============================================================================
Per matrix element breakdown:
MEHeavyQuark                               95149        95208     13.18(2)e+06
MEHeavyQuark2                               4851         4851     0.672(9)e+06
==============================================================================
>>>>>>>>>>>>>>>>>>>>>>>>>>>>>>>>>>>>>>>>>>>>>>>>>>>>>>>>>>>>>>>>>>>>>>>>>>>>>>
>>>> Toolkit for HEP Event Generation - ThePEG 02e817c0868e (default) <<<<<<<<
>>>> Sun Mar 28 05:29:10 2021                                             <<<<
<<<<<<<<<<<<<<<<<<<<<<<<<<<<<<<<<<<<<<<<<<<<<<<<<<<<<<<<<<<<<<<<<<<<<<<<<<<<<<

>> Herwig d97e658e076a (default) / ThePEG 02e817c0868e (default)

==============================================================================
Statistics for event handler 'EventHandler':
                                       generated    number of    Cross-section
                                          events     attempts             (nb)
==============================================================================
Total (from attempted events): including vetoed events           13.86(2)e+06
==============================================================================
Total (from generated events):           100000       100059     13.85(2)e+06
Events carry unit weights.
==============================================================================
Per matrix element breakdown:
MEHeavyQuark                               95149        95208     13.18(2)e+06
MEHeavyQuark2                               4851         4851     0.672(9)e+06
==============================================================================
>>>>>>>>>>>>>>>>>>>>>>>>>>>>>>>>>>>>>>>>>>>>>>>>>>>>>>>>>>>>>>>>>>>>>>>>>>>>>>
>>>> Toolkit for HEP Event Generation - ThePEG 02e817c0868e (default) <<<<<<<<
>>>> Sun Mar 28 05:34:53 2021                                             <<<<
<<<<<<<<<<<<<<<<<<<<<<<<<<<<<<<<<<<<<<<<<<<<<<<<<<<<<<<<<<<<<<<<<<<<<<<<<<<<<<

>> Herwig d97e658e076a (default) / ThePEG 02e817c0868e (default)

==============================================================================
Statistics for event handler 'EventHandler':
                                       generated    number of    Cross-section
                                          events     attempts             (nb)
==============================================================================
Total (from attempted events): including vetoed events           13.86(2)e+06
==============================================================================
Total (from generated events):           100000       100059     13.85(2)e+06
Events carry unit weights.
==============================================================================
Per matrix element breakdown:
MEHeavyQuark                               95149        95208     13.18(2)e+06
MEHeavyQuark2                               4851         4851     0.672(9)e+06
==============================================================================
>>>>>>>>>>>>>>>>>>>>>>>>>>>>>>>>>>>>>>>>>>>>>>>>>>>>>>>>>>>>>>>>>>>>>>>>>>>>>>
>>>> Toolkit for HEP Event Generation - ThePEG 02e817c0868e (default) <<<<<<<<
>>>> Sun Mar 28 05:35:22 2021                                             <<<<
<<<<<<<<<<<<<<<<<<<<<<<<<<<<<<<<<<<<<<<<<<<<<<<<<<<<<<<<<<<<<<<<<<<<<<<<<<<<<<

>> Herwig d97e658e076a (default) / ThePEG 02e817c0868e (default)

==============================================================================
Statistics for event handler 'EventHandler':
                                       generated    number of    Cross-section
                                          events     attempts             (nb)
==============================================================================
Total (from attempted events): including vetoed events           13.86(2)e+06
==============================================================================
Total (from generated events):           100000       100059     13.85(2)e+06
Events carry unit weights.
==============================================================================
Per matrix element breakdown:
MEHeavyQuark                               95149        95208     13.18(2)e+06
MEHeavyQuark2                               4851         4851     0.672(9)e+06
==============================================================================
>>>>>>>>>>>>>>>>>>>>>>>>>>>>>>>>>>>>>>>>>>>>>>>>>>>>>>>>>>>>>>>>>>>>>>>>>>>>>>
>>>> Toolkit for HEP Event Generation - ThePEG 02e817c0868e (default) <<<<<<<<
>>>> Sun Mar 28 05:38:02 2021                                             <<<<
<<<<<<<<<<<<<<<<<<<<<<<<<<<<<<<<<<<<<<<<<<<<<<<<<<<<<<<<<<<<<<<<<<<<<<<<<<<<<<

>> Herwig d97e658e076a (default) / ThePEG 02e817c0868e (default)

==============================================================================
Statistics for event handler 'EventHandler':
                                       generated    number of    Cross-section
                                          events     attempts             (nb)
==============================================================================
Total (from attempted events): including vetoed events           13.86(2)e+06
==============================================================================
Total (from generated events):           100000       100059     13.85(2)e+06
Events carry unit weights.
==============================================================================
Per matrix element breakdown:
MEHeavyQuark                               95149        95208     13.18(2)e+06
MEHeavyQuark2                               4851         4851     0.672(9)e+06
==============================================================================
>>>>>>>>>>>>>>>>>>>>>>>>>>>>>>>>>>>>>>>>>>>>>>>>>>>>>>>>>>>>>>>>>>>>>>>>>>>>>>
>>>> Toolkit for HEP Event Generation - ThePEG 02e817c0868e (default) <<<<<<<<
>>>> Sun Mar 28 05:38:29 2021                                             <<<<
<<<<<<<<<<<<<<<<<<<<<<<<<<<<<<<<<<<<<<<<<<<<<<<<<<<<<<<<<<<<<<<<<<<<<<<<<<<<<<

>> Herwig d97e658e076a (default) / ThePEG 02e817c0868e (default)

==============================================================================
Statistics for event handler 'EventHandler':
                                       generated    number of    Cross-section
                                          events     attempts             (nb)
==============================================================================
Total (from attempted events): including vetoed events           13.86(2)e+06
==============================================================================
Total (from generated events):           100000       100059     13.85(2)e+06
Events carry unit weights.
==============================================================================
Per matrix element breakdown:
MEHeavyQuark                               95149        95208     13.18(2)e+06
MEHeavyQuark2                               4851         4851     0.672(9)e+06
==============================================================================
>>>>>>>>>>>>>>>>>>>>>>>>>>>>>>>>>>>>>>>>>>>>>>>>>>>>>>>>>>>>>>>>>>>>>>>>>>>>>>
>>>> Toolkit for HEP Event Generation - ThePEG 02e817c0868e (default) <<<<<<<<
>>>> Sun Mar 28 05:42:08 2021                                             <<<<
<<<<<<<<<<<<<<<<<<<<<<<<<<<<<<<<<<<<<<<<<<<<<<<<<<<<<<<<<<<<<<<<<<<<<<<<<<<<<<

>> Herwig d97e658e076a (default) / ThePEG 02e817c0868e (default)

==============================================================================
Statistics for event handler 'EventHandler':
                                       generated    number of    Cross-section
                                          events     attempts             (nb)
==============================================================================
Total (from attempted events): including vetoed events           13.86(2)e+06
==============================================================================
Total (from generated events):           100000       100059     13.85(2)e+06
Events carry unit weights.
==============================================================================
Per matrix element breakdown:
MEHeavyQuark                               95149        95208     13.18(2)e+06
MEHeavyQuark2                               4851         4851     0.672(9)e+06
==============================================================================
>>>>>>>>>>>>>>>>>>>>>>>>>>>>>>>>>>>>>>>>>>>>>>>>>>>>>>>>>>>>>>>>>>>>>>>>>>>>>>
>>>> Toolkit for HEP Event Generation - ThePEG 02e817c0868e (default) <<<<<<<<
>>>> Sun Mar 28 05:43:05 2021                                             <<<<
<<<<<<<<<<<<<<<<<<<<<<<<<<<<<<<<<<<<<<<<<<<<<<<<<<<<<<<<<<<<<<<<<<<<<<<<<<<<<<

>> Herwig d97e658e076a (default) / ThePEG 02e817c0868e (default)

==============================================================================
Statistics for event handler 'EventHandler':
                                       generated    number of    Cross-section
                                          events     attempts             (nb)
==============================================================================
Total (from attempted events): including vetoed events           13.86(2)e+06
==============================================================================
Total (from generated events):           100000       100059     13.85(2)e+06
Events carry unit weights.
==============================================================================
Per matrix element breakdown:
MEHeavyQuark                               95149        95208     13.18(2)e+06
MEHeavyQuark2                               4851         4851     0.672(9)e+06
==============================================================================
>>>>>>>>>>>>>>>>>>>>>>>>>>>>>>>>>>>>>>>>>>>>>>>>>>>>>>>>>>>>>>>>>>>>>>>>>>>>>>
>>>> Toolkit for HEP Event Generation - ThePEG 02e817c0868e (default) <<<<<<<<
>>>> Sun Mar 28 05:43:49 2021                                             <<<<
<<<<<<<<<<<<<<<<<<<<<<<<<<<<<<<<<<<<<<<<<<<<<<<<<<<<<<<<<<<<<<<<<<<<<<<<<<<<<<

>> Herwig d97e658e076a (default) / ThePEG 02e817c0868e (default)

==============================================================================
Statistics for event handler 'EventHandler':
                                       generated    number of    Cross-section
                                          events     attempts             (nb)
==============================================================================
Total (from attempted events): including vetoed events           13.86(2)e+06
==============================================================================
Total (from generated events):           100000       100059     13.85(2)e+06
Events carry unit weights.
==============================================================================
Per matrix element breakdown:
MEHeavyQuark                               95149        95208     13.18(2)e+06
MEHeavyQuark2                               4851         4851     0.672(9)e+06
==============================================================================
>>>>>>>>>>>>>>>>>>>>>>>>>>>>>>>>>>>>>>>>>>>>>>>>>>>>>>>>>>>>>>>>>>>>>>>>>>>>>>
>>>> Toolkit for HEP Event Generation - ThePEG 02e817c0868e (default) <<<<<<<<
>>>> Sun Mar 28 05:43:19 2021                                             <<<<
<<<<<<<<<<<<<<<<<<<<<<<<<<<<<<<<<<<<<<<<<<<<<<<<<<<<<<<<<<<<<<<<<<<<<<<<<<<<<<

>> Herwig d97e658e076a (default) / ThePEG 02e817c0868e (default)

==============================================================================
Statistics for event handler 'EventHandler':
                                       generated    number of    Cross-section
                                          events     attempts             (nb)
==============================================================================
Total (from attempted events): including vetoed events           13.86(2)e+06
==============================================================================
Total (from generated events):           100000       100059     13.85(2)e+06
Events carry unit weights.
==============================================================================
Per matrix element breakdown:
MEHeavyQuark                               95149        95208     13.18(2)e+06
MEHeavyQuark2                               4851         4851     0.672(9)e+06
==============================================================================
>>>>>>>>>>>>>>>>>>>>>>>>>>>>>>>>>>>>>>>>>>>>>>>>>>>>>>>>>>>>>>>>>>>>>>>>>>>>>>
>>>> Toolkit for HEP Event Generation - ThePEG 02e817c0868e (default) <<<<<<<<
>>>> Sun Mar 28 05:42:45 2021                                             <<<<
<<<<<<<<<<<<<<<<<<<<<<<<<<<<<<<<<<<<<<<<<<<<<<<<<<<<<<<<<<<<<<<<<<<<<<<<<<<<<<

>> Herwig d97e658e076a (default) / ThePEG 02e817c0868e (default)

==============================================================================
Statistics for event handler 'EventHandler':
                                       generated    number of    Cross-section
                                          events     attempts             (nb)
==============================================================================
Total (from attempted events): including vetoed events           13.86(2)e+06
==============================================================================
Total (from generated events):           100000       100059     13.85(2)e+06
Events carry unit weights.
==============================================================================
Per matrix element breakdown:
MEHeavyQuark                               95149        95208     13.18(2)e+06
MEHeavyQuark2                               4851         4851     0.672(9)e+06
==============================================================================
>>>>>>>>>>>>>>>>>>>>>>>>>>>>>>>>>>>>>>>>>>>>>>>>>>>>>>>>>>>>>>>>>>>>>>>>>>>>>>
>>>> Toolkit for HEP Event Generation - ThePEG 02e817c0868e (default) <<<<<<<<
>>>> Sun Mar 28 05:46:05 2021                                             <<<<
<<<<<<<<<<<<<<<<<<<<<<<<<<<<<<<<<<<<<<<<<<<<<<<<<<<<<<<<<<<<<<<<<<<<<<<<<<<<<<

>> Herwig d97e658e076a (default) / ThePEG 02e817c0868e (default)

==============================================================================
Statistics for event handler 'EventHandler':
                                       generated    number of    Cross-section
                                          events     attempts             (nb)
==============================================================================
Total (from attempted events): including vetoed events           13.86(2)e+06
==============================================================================
Total (from generated events):           100000       100059     13.85(2)e+06
Events carry unit weights.
==============================================================================
Per matrix element breakdown:
MEHeavyQuark                               95149        95208     13.18(2)e+06
MEHeavyQuark2                               4851         4851     0.672(9)e+06
==============================================================================
>>>>>>>>>>>>>>>>>>>>>>>>>>>>>>>>>>>>>>>>>>>>>>>>>>>>>>>>>>>>>>>>>>>>>>>>>>>>>>
>>>> Toolkit for HEP Event Generation - ThePEG 02e817c0868e (default) <<<<<<<<
>>>> Sun Mar 28 05:47:21 2021                                             <<<<
<<<<<<<<<<<<<<<<<<<<<<<<<<<<<<<<<<<<<<<<<<<<<<<<<<<<<<<<<<<<<<<<<<<<<<<<<<<<<<

>> Herwig d97e658e076a (default) / ThePEG 02e817c0868e (default)

==============================================================================
Statistics for event handler 'EventHandler':
                                       generated    number of    Cross-section
                                          events     attempts             (nb)
==============================================================================
Total (from attempted events): including vetoed events           13.86(2)e+06
==============================================================================
Total (from generated events):           100000       100059     13.85(2)e+06
Events carry unit weights.
==============================================================================
Per matrix element breakdown:
MEHeavyQuark                               95149        95208     13.18(2)e+06
MEHeavyQuark2                               4851         4851     0.672(9)e+06
==============================================================================
>>>>>>>>>>>>>>>>>>>>>>>>>>>>>>>>>>>>>>>>>>>>>>>>>>>>>>>>>>>>>>>>>>>>>>>>>>>>>>
>>>> Toolkit for HEP Event Generation - ThePEG 02e817c0868e (default) <<<<<<<<
>>>> Sun Mar 28 05:46:10 2021                                             <<<<
<<<<<<<<<<<<<<<<<<<<<<<<<<<<<<<<<<<<<<<<<<<<<<<<<<<<<<<<<<<<<<<<<<<<<<<<<<<<<<

>> Herwig d97e658e076a (default) / ThePEG 02e817c0868e (default)

==============================================================================
Statistics for event handler 'EventHandler':
                                       generated    number of    Cross-section
                                          events     attempts             (nb)
==============================================================================
Total (from attempted events): including vetoed events           13.86(2)e+06
==============================================================================
Total (from generated events):           100000       100059     13.85(2)e+06
Events carry unit weights.
==============================================================================
Per matrix element breakdown:
MEHeavyQuark                               95149        95208     13.18(2)e+06
MEHeavyQuark2                               4851         4851     0.672(9)e+06
==============================================================================
>>>>>>>>>>>>>>>>>>>>>>>>>>>>>>>>>>>>>>>>>>>>>>>>>>>>>>>>>>>>>>>>>>>>>>>>>>>>>>
>>>> Toolkit for HEP Event Generation - ThePEG 02e817c0868e (default) <<<<<<<<
>>>> Sun Mar 28 05:47:40 2021                                             <<<<
<<<<<<<<<<<<<<<<<<<<<<<<<<<<<<<<<<<<<<<<<<<<<<<<<<<<<<<<<<<<<<<<<<<<<<<<<<<<<<

>> Herwig d97e658e076a (default) / ThePEG 02e817c0868e (default)

==============================================================================
Statistics for event handler 'EventHandler':
                                       generated    number of    Cross-section
                                          events     attempts             (nb)
==============================================================================
Total (from attempted events): including vetoed events           13.86(2)e+06
==============================================================================
Total (from generated events):           100000       100059     13.85(2)e+06
Events carry unit weights.
==============================================================================
Per matrix element breakdown:
MEHeavyQuark                               95149        95208     13.18(2)e+06
MEHeavyQuark2                               4851         4851     0.672(9)e+06
==============================================================================
>>>>>>>>>>>>>>>>>>>>>>>>>>>>>>>>>>>>>>>>>>>>>>>>>>>>>>>>>>>>>>>>>>>>>>>>>>>>>>
>>>> Toolkit for HEP Event Generation - ThePEG 02e817c0868e (default) <<<<<<<<
>>>> Sun Mar 28 05:47:48 2021                                             <<<<
<<<<<<<<<<<<<<<<<<<<<<<<<<<<<<<<<<<<<<<<<<<<<<<<<<<<<<<<<<<<<<<<<<<<<<<<<<<<<<

>> Herwig d97e658e076a (default) / ThePEG 02e817c0868e (default)

==============================================================================
Statistics for event handler 'EventHandler':
                                       generated    number of    Cross-section
                                          events     attempts             (nb)
==============================================================================
Total (from attempted events): including vetoed events           13.86(2)e+06
==============================================================================
Total (from generated events):           100000       100059     13.85(2)e+06
Events carry unit weights.
==============================================================================
Per matrix element breakdown:
MEHeavyQuark                               95149        95208     13.18(2)e+06
MEHeavyQuark2                               4851         4851     0.672(9)e+06
==============================================================================
>>>>>>>>>>>>>>>>>>>>>>>>>>>>>>>>>>>>>>>>>>>>>>>>>>>>>>>>>>>>>>>>>>>>>>>>>>>>>>
>>>> Toolkit for HEP Event Generation - ThePEG 02e817c0868e (default) <<<<<<<<
>>>> Sun Mar 28 05:50:00 2021                                             <<<<
<<<<<<<<<<<<<<<<<<<<<<<<<<<<<<<<<<<<<<<<<<<<<<<<<<<<<<<<<<<<<<<<<<<<<<<<<<<<<<

>> Herwig d97e658e076a (default) / ThePEG 02e817c0868e (default)

==============================================================================
Statistics for event handler 'EventHandler':
                                       generated    number of    Cross-section
                                          events     attempts             (nb)
==============================================================================
Total (from attempted events): including vetoed events           13.86(2)e+06
==============================================================================
Total (from generated events):           100000       100059     13.85(2)e+06
Events carry unit weights.
==============================================================================
Per matrix element breakdown:
MEHeavyQuark                               95149        95208     13.18(2)e+06
MEHeavyQuark2                               4851         4851     0.672(9)e+06
==============================================================================
>>>>>>>>>>>>>>>>>>>>>>>>>>>>>>>>>>>>>>>>>>>>>>>>>>>>>>>>>>>>>>>>>>>>>>>>>>>>>>
>>>> Toolkit for HEP Event Generation - ThePEG 02e817c0868e (default) <<<<<<<<
>>>> Sun Mar 28 05:49:49 2021                                             <<<<
<<<<<<<<<<<<<<<<<<<<<<<<<<<<<<<<<<<<<<<<<<<<<<<<<<<<<<<<<<<<<<<<<<<<<<<<<<<<<<

>> Herwig d97e658e076a (default) / ThePEG 02e817c0868e (default)

==============================================================================
Statistics for event handler 'EventHandler':
                                       generated    number of    Cross-section
                                          events     attempts             (nb)
==============================================================================
Total (from attempted events): including vetoed events           13.86(2)e+06
==============================================================================
Total (from generated events):           100000       100059     13.85(2)e+06
Events carry unit weights.
==============================================================================
Per matrix element breakdown:
MEHeavyQuark                               95149        95208     13.18(2)e+06
MEHeavyQuark2                               4851         4851     0.672(9)e+06
==============================================================================
>>>>>>>>>>>>>>>>>>>>>>>>>>>>>>>>>>>>>>>>>>>>>>>>>>>>>>>>>>>>>>>>>>>>>>>>>>>>>>
>>>> Toolkit for HEP Event Generation - ThePEG 02e817c0868e (default) <<<<<<<<
>>>> Sun Mar 28 05:51:35 2021                                             <<<<
<<<<<<<<<<<<<<<<<<<<<<<<<<<<<<<<<<<<<<<<<<<<<<<<<<<<<<<<<<<<<<<<<<<<<<<<<<<<<<

>> Herwig d97e658e076a (default) / ThePEG 02e817c0868e (default)

==============================================================================
Statistics for event handler 'EventHandler':
                                       generated    number of    Cross-section
                                          events     attempts             (nb)
==============================================================================
Total (from attempted events): including vetoed events           13.86(2)e+06
==============================================================================
Total (from generated events):           100000       100059     13.85(2)e+06
Events carry unit weights.
==============================================================================
Per matrix element breakdown:
MEHeavyQuark                               95149        95208     13.18(2)e+06
MEHeavyQuark2                               4851         4851     0.672(9)e+06
==============================================================================
>>>>>>>>>>>>>>>>>>>>>>>>>>>>>>>>>>>>>>>>>>>>>>>>>>>>>>>>>>>>>>>>>>>>>>>>>>>>>>
>>>> Toolkit for HEP Event Generation - ThePEG 02e817c0868e (default) <<<<<<<<
>>>> Sun Mar 28 05:50:53 2021                                             <<<<
<<<<<<<<<<<<<<<<<<<<<<<<<<<<<<<<<<<<<<<<<<<<<<<<<<<<<<<<<<<<<<<<<<<<<<<<<<<<<<

>> Herwig d97e658e076a (default) / ThePEG 02e817c0868e (default)

==============================================================================
Statistics for event handler 'EventHandler':
                                       generated    number of    Cross-section
                                          events     attempts             (nb)
==============================================================================
Total (from attempted events): including vetoed events           13.86(2)e+06
==============================================================================
Total (from generated events):           100000       100059     13.85(2)e+06
Events carry unit weights.
==============================================================================
Per matrix element breakdown:
MEHeavyQuark                               95149        95208     13.18(2)e+06
MEHeavyQuark2                               4851         4851     0.672(9)e+06
==============================================================================
>>>>>>>>>>>>>>>>>>>>>>>>>>>>>>>>>>>>>>>>>>>>>>>>>>>>>>>>>>>>>>>>>>>>>>>>>>>>>>
>>>> Toolkit for HEP Event Generation - ThePEG 02e817c0868e (default) <<<<<<<<
>>>> Sun Mar 28 05:51:10 2021                                             <<<<
<<<<<<<<<<<<<<<<<<<<<<<<<<<<<<<<<<<<<<<<<<<<<<<<<<<<<<<<<<<<<<<<<<<<<<<<<<<<<<

>> Herwig d97e658e076a (default) / ThePEG 02e817c0868e (default)

==============================================================================
Statistics for event handler 'EventHandler':
                                       generated    number of    Cross-section
                                          events     attempts             (nb)
==============================================================================
Total (from attempted events): including vetoed events           13.86(2)e+06
==============================================================================
Total (from generated events):           100000       100059     13.85(2)e+06
Events carry unit weights.
==============================================================================
Per matrix element breakdown:
MEHeavyQuark                               95149        95208     13.18(2)e+06
MEHeavyQuark2                               4851         4851     0.672(9)e+06
==============================================================================
>>>>>>>>>>>>>>>>>>>>>>>>>>>>>>>>>>>>>>>>>>>>>>>>>>>>>>>>>>>>>>>>>>>>>>>>>>>>>>
>>>> Toolkit for HEP Event Generation - ThePEG 02e817c0868e (default) <<<<<<<<
>>>> Sun Mar 28 05:38:16 2021                                             <<<<
<<<<<<<<<<<<<<<<<<<<<<<<<<<<<<<<<<<<<<<<<<<<<<<<<<<<<<<<<<<<<<<<<<<<<<<<<<<<<<

>> Herwig d97e658e076a (default) / ThePEG 02e817c0868e (default)

==============================================================================
Statistics for event handler 'EventHandler':
                                       generated    number of    Cross-section
                                          events     attempts             (nb)
==============================================================================
Total (from attempted events): including vetoed events           13.86(2)e+06
==============================================================================
Total (from generated events):           100000       100059     13.85(2)e+06
Events carry unit weights.
==============================================================================
Per matrix element breakdown:
MEHeavyQuark                               95149        95208     13.18(2)e+06
MEHeavyQuark2                               4851         4851     0.672(9)e+06
==============================================================================
>>>>>>>>>>>>>>>>>>>>>>>>>>>>>>>>>>>>>>>>>>>>>>>>>>>>>>>>>>>>>>>>>>>>>>>>>>>>>>
>>>> Toolkit for HEP Event Generation - ThePEG 02e817c0868e (default) <<<<<<<<
>>>> Sun Mar 28 05:56:59 2021                                             <<<<
<<<<<<<<<<<<<<<<<<<<<<<<<<<<<<<<<<<<<<<<<<<<<<<<<<<<<<<<<<<<<<<<<<<<<<<<<<<<<<

>> Herwig d97e658e076a (default) / ThePEG 02e817c0868e (default)

==============================================================================
Statistics for event handler 'EventHandler':
                                       generated    number of    Cross-section
                                          events     attempts             (nb)
==============================================================================
Total (from attempted events): including vetoed events           13.86(2)e+06
==============================================================================
Total (from generated events):           100000       100059     13.85(2)e+06
Events carry unit weights.
==============================================================================
Per matrix element breakdown:
MEHeavyQuark                               95149        95208     13.18(2)e+06
MEHeavyQuark2                               4851         4851     0.672(9)e+06
==============================================================================
>>>>>>>>>>>>>>>>>>>>>>>>>>>>>>>>>>>>>>>>>>>>>>>>>>>>>>>>>>>>>>>>>>>>>>>>>>>>>>
>>>> Toolkit for HEP Event Generation - ThePEG 02e817c0868e (default) <<<<<<<<
>>>> Sun Mar 28 05:57:52 2021                                             <<<<
<<<<<<<<<<<<<<<<<<<<<<<<<<<<<<<<<<<<<<<<<<<<<<<<<<<<<<<<<<<<<<<<<<<<<<<<<<<<<<

>> Herwig d97e658e076a (default) / ThePEG 02e817c0868e (default)

==============================================================================
Statistics for event handler 'EventHandler':
                                       generated    number of    Cross-section
                                          events     attempts             (nb)
==============================================================================
Total (from attempted events): including vetoed events           13.86(2)e+06
==============================================================================
Total (from generated events):           100000       100059     13.85(2)e+06
Events carry unit weights.
==============================================================================
Per matrix element breakdown:
MEHeavyQuark                               95149        95208     13.18(2)e+06
MEHeavyQuark2                               4851         4851     0.672(9)e+06
==============================================================================
>>>>>>>>>>>>>>>>>>>>>>>>>>>>>>>>>>>>>>>>>>>>>>>>>>>>>>>>>>>>>>>>>>>>>>>>>>>>>>
>>>> Toolkit for HEP Event Generation - ThePEG 02e817c0868e (default) <<<<<<<<
>>>> Sun Mar 28 05:58:36 2021                                             <<<<
<<<<<<<<<<<<<<<<<<<<<<<<<<<<<<<<<<<<<<<<<<<<<<<<<<<<<<<<<<<<<<<<<<<<<<<<<<<<<<

>> Herwig d97e658e076a (default) / ThePEG 02e817c0868e (default)

==============================================================================
Statistics for event handler 'EventHandler':
                                       generated    number of    Cross-section
                                          events     attempts             (nb)
==============================================================================
Total (from attempted events): including vetoed events           13.86(2)e+06
==============================================================================
Total (from generated events):           100000       100059     13.85(2)e+06
Events carry unit weights.
==============================================================================
Per matrix element breakdown:
MEHeavyQuark                               95149        95208     13.18(2)e+06
MEHeavyQuark2                               4851         4851     0.672(9)e+06
==============================================================================
>>>>>>>>>>>>>>>>>>>>>>>>>>>>>>>>>>>>>>>>>>>>>>>>>>>>>>>>>>>>>>>>>>>>>>>>>>>>>>
>>>> Toolkit for HEP Event Generation - ThePEG 02e817c0868e (default) <<<<<<<<
>>>> Sun Mar 28 05:57:22 2021                                             <<<<
<<<<<<<<<<<<<<<<<<<<<<<<<<<<<<<<<<<<<<<<<<<<<<<<<<<<<<<<<<<<<<<<<<<<<<<<<<<<<<

>> Herwig d97e658e076a (default) / ThePEG 02e817c0868e (default)

==============================================================================
Statistics for event handler 'EventHandler':
                                       generated    number of    Cross-section
                                          events     attempts             (nb)
==============================================================================
Total (from attempted events): including vetoed events           13.86(2)e+06
==============================================================================
Total (from generated events):           100000       100059     13.85(2)e+06
Events carry unit weights.
==============================================================================
Per matrix element breakdown:
MEHeavyQuark                               95149        95208     13.18(2)e+06
MEHeavyQuark2                               4851         4851     0.672(9)e+06
==============================================================================
>>>>>>>>>>>>>>>>>>>>>>>>>>>>>>>>>>>>>>>>>>>>>>>>>>>>>>>>>>>>>>>>>>>>>>>>>>>>>>
>>>> Toolkit for HEP Event Generation - ThePEG 02e817c0868e (default) <<<<<<<<
>>>> Sun Mar 28 06:05:53 2021                                             <<<<
<<<<<<<<<<<<<<<<<<<<<<<<<<<<<<<<<<<<<<<<<<<<<<<<<<<<<<<<<<<<<<<<<<<<<<<<<<<<<<

>> Herwig d97e658e076a (default) / ThePEG 02e817c0868e (default)

==============================================================================
Statistics for event handler 'EventHandler':
                                       generated    number of    Cross-section
                                          events     attempts             (nb)
==============================================================================
Total (from attempted events): including vetoed events           13.86(2)e+06
==============================================================================
Total (from generated events):           100000       100059     13.85(2)e+06
Events carry unit weights.
==============================================================================
Per matrix element breakdown:
MEHeavyQuark                               95149        95208     13.18(2)e+06
MEHeavyQuark2                               4851         4851     0.672(9)e+06
==============================================================================
>>>>>>>>>>>>>>>>>>>>>>>>>>>>>>>>>>>>>>>>>>>>>>>>>>>>>>>>>>>>>>>>>>>>>>>>>>>>>>
>>>> Toolkit for HEP Event Generation - ThePEG 02e817c0868e (default) <<<<<<<<
>>>> Sun Mar 28 06:04:56 2021                                             <<<<
<<<<<<<<<<<<<<<<<<<<<<<<<<<<<<<<<<<<<<<<<<<<<<<<<<<<<<<<<<<<<<<<<<<<<<<<<<<<<<

>> Herwig d97e658e076a (default) / ThePEG 02e817c0868e (default)

==============================================================================
Statistics for event handler 'EventHandler':
                                       generated    number of    Cross-section
                                          events     attempts             (nb)
==============================================================================
Total (from attempted events): including vetoed events           13.86(2)e+06
==============================================================================
Total (from generated events):           100000       100059     13.85(2)e+06
Events carry unit weights.
==============================================================================
Per matrix element breakdown:
MEHeavyQuark                               95149        95208     13.18(2)e+06
MEHeavyQuark2                               4851         4851     0.672(9)e+06
==============================================================================
>>>>>>>>>>>>>>>>>>>>>>>>>>>>>>>>>>>>>>>>>>>>>>>>>>>>>>>>>>>>>>>>>>>>>>>>>>>>>>
>>>> Toolkit for HEP Event Generation - ThePEG 02e817c0868e (default) <<<<<<<<
>>>> Sun Mar 28 06:16:45 2021                                             <<<<
<<<<<<<<<<<<<<<<<<<<<<<<<<<<<<<<<<<<<<<<<<<<<<<<<<<<<<<<<<<<<<<<<<<<<<<<<<<<<<

>> Herwig d97e658e076a (default) / ThePEG 02e817c0868e (default)

==============================================================================
Statistics for event handler 'EventHandler':
                                       generated    number of    Cross-section
                                          events     attempts             (nb)
==============================================================================
Total (from attempted events): including vetoed events           13.86(2)e+06
==============================================================================
Total (from generated events):           100000       100059     13.85(2)e+06
Events carry unit weights.
==============================================================================
Per matrix element breakdown:
MEHeavyQuark                               95149        95208     13.18(2)e+06
MEHeavyQuark2                               4851         4851     0.672(9)e+06
==============================================================================
>>>>>>>>>>>>>>>>>>>>>>>>>>>>>>>>>>>>>>>>>>>>>>>>>>>>>>>>>>>>>>>>>>>>>>>>>>>>>>
>>>> Toolkit for HEP Event Generation - ThePEG 02e817c0868e (default) <<<<<<<<
>>>> Sun Mar 28 06:19:37 2021                                             <<<<
<<<<<<<<<<<<<<<<<<<<<<<<<<<<<<<<<<<<<<<<<<<<<<<<<<<<<<<<<<<<<<<<<<<<<<<<<<<<<<

>> Herwig d97e658e076a (default) / ThePEG 02e817c0868e (default)

==============================================================================
Statistics for event handler 'EventHandler':
                                       generated    number of    Cross-section
                                          events     attempts             (nb)
==============================================================================
Total (from attempted events): including vetoed events           13.86(2)e+06
==============================================================================
Total (from generated events):           100000       100059     13.85(2)e+06
Events carry unit weights.
==============================================================================
Per matrix element breakdown:
MEHeavyQuark                               95149        95208     13.18(2)e+06
MEHeavyQuark2                               4851         4851     0.672(9)e+06
==============================================================================
>>>>>>>>>>>>>>>>>>>>>>>>>>>>>>>>>>>>>>>>>>>>>>>>>>>>>>>>>>>>>>>>>>>>>>>>>>>>>>
>>>> Toolkit for HEP Event Generation - ThePEG 02e817c0868e (default) <<<<<<<<
>>>> Sun Mar 28 05:58:53 2021                                             <<<<
<<<<<<<<<<<<<<<<<<<<<<<<<<<<<<<<<<<<<<<<<<<<<<<<<<<<<<<<<<<<<<<<<<<<<<<<<<<<<<

>> Herwig d97e658e076a (default) / ThePEG 02e817c0868e (default)

==============================================================================
Statistics for event handler 'EventHandler':
                                       generated    number of    Cross-section
                                          events     attempts             (nb)
==============================================================================
Total (from attempted events): including vetoed events           13.86(2)e+06
==============================================================================
Total (from generated events):           100000       100059     13.85(2)e+06
Events carry unit weights.
==============================================================================
Per matrix element breakdown:
MEHeavyQuark                               95149        95208     13.18(2)e+06
MEHeavyQuark2                               4851         4851     0.672(9)e+06
==============================================================================
>>>>>>>>>>>>>>>>>>>>>>>>>>>>>>>>>>>>>>>>>>>>>>>>>>>>>>>>>>>>>>>>>>>>>>>>>>>>>>
>>>> Toolkit for HEP Event Generation - ThePEG 02e817c0868e (default) <<<<<<<<
>>>> Sun Mar 28 06:10:03 2021                                             <<<<
<<<<<<<<<<<<<<<<<<<<<<<<<<<<<<<<<<<<<<<<<<<<<<<<<<<<<<<<<<<<<<<<<<<<<<<<<<<<<<

>> Herwig d97e658e076a (default) / ThePEG 02e817c0868e (default)

==============================================================================
Statistics for event handler 'EventHandler':
                                       generated    number of    Cross-section
                                          events     attempts             (nb)
==============================================================================
Total (from attempted events): including vetoed events           13.86(2)e+06
==============================================================================
Total (from generated events):           100000       100059     13.85(2)e+06
Events carry unit weights.
==============================================================================
Per matrix element breakdown:
MEHeavyQuark                               95149        95208     13.18(2)e+06
MEHeavyQuark2                               4851         4851     0.672(9)e+06
==============================================================================
>>>>>>>>>>>>>>>>>>>>>>>>>>>>>>>>>>>>>>>>>>>>>>>>>>>>>>>>>>>>>>>>>>>>>>>>>>>>>>
>>>> Toolkit for HEP Event Generation - ThePEG 02e817c0868e (default) <<<<<<<<
>>>> Sun Mar 28 06:10:29 2021                                             <<<<
<<<<<<<<<<<<<<<<<<<<<<<<<<<<<<<<<<<<<<<<<<<<<<<<<<<<<<<<<<<<<<<<<<<<<<<<<<<<<<

>> Herwig d97e658e076a (default) / ThePEG 02e817c0868e (default)

==============================================================================
Statistics for event handler 'EventHandler':
                                       generated    number of    Cross-section
                                          events     attempts             (nb)
==============================================================================
Total (from attempted events): including vetoed events           13.86(2)e+06
==============================================================================
Total (from generated events):           100000       100059     13.85(2)e+06
Events carry unit weights.
==============================================================================
Per matrix element breakdown:
MEHeavyQuark                               95149        95208     13.18(2)e+06
MEHeavyQuark2                               4851         4851     0.672(9)e+06
==============================================================================
>>>>>>>>>>>>>>>>>>>>>>>>>>>>>>>>>>>>>>>>>>>>>>>>>>>>>>>>>>>>>>>>>>>>>>>>>>>>>>
>>>> Toolkit for HEP Event Generation - ThePEG 02e817c0868e (default) <<<<<<<<
>>>> Sun Mar 28 06:09:00 2021                                             <<<<
<<<<<<<<<<<<<<<<<<<<<<<<<<<<<<<<<<<<<<<<<<<<<<<<<<<<<<<<<<<<<<<<<<<<<<<<<<<<<<

>> Herwig d97e658e076a (default) / ThePEG 02e817c0868e (default)

==============================================================================
Statistics for event handler 'EventHandler':
                                       generated    number of    Cross-section
                                          events     attempts             (nb)
==============================================================================
Total (from attempted events): including vetoed events           13.86(2)e+06
==============================================================================
Total (from generated events):           100000       100059     13.85(2)e+06
Events carry unit weights.
==============================================================================
Per matrix element breakdown:
MEHeavyQuark                               95149        95208     13.18(2)e+06
MEHeavyQuark2                               4851         4851     0.672(9)e+06
==============================================================================
>>>>>>>>>>>>>>>>>>>>>>>>>>>>>>>>>>>>>>>>>>>>>>>>>>>>>>>>>>>>>>>>>>>>>>>>>>>>>>
>>>> Toolkit for HEP Event Generation - ThePEG 02e817c0868e (default) <<<<<<<<
>>>> Sun Mar 28 06:15:33 2021                                             <<<<
<<<<<<<<<<<<<<<<<<<<<<<<<<<<<<<<<<<<<<<<<<<<<<<<<<<<<<<<<<<<<<<<<<<<<<<<<<<<<<

>> Herwig d97e658e076a (default) / ThePEG 02e817c0868e (default)

==============================================================================
Statistics for event handler 'EventHandler':
                                       generated    number of    Cross-section
                                          events     attempts             (nb)
==============================================================================
Total (from attempted events): including vetoed events           13.86(2)e+06
==============================================================================
Total (from generated events):           100000       100059     13.85(2)e+06
Events carry unit weights.
==============================================================================
Per matrix element breakdown:
MEHeavyQuark                               95149        95208     13.18(2)e+06
MEHeavyQuark2                               4851         4851     0.672(9)e+06
==============================================================================
>>>>>>>>>>>>>>>>>>>>>>>>>>>>>>>>>>>>>>>>>>>>>>>>>>>>>>>>>>>>>>>>>>>>>>>>>>>>>>
>>>> Toolkit for HEP Event Generation - ThePEG 02e817c0868e (default) <<<<<<<<
>>>> Sun Mar 28 06:18:19 2021                                             <<<<
<<<<<<<<<<<<<<<<<<<<<<<<<<<<<<<<<<<<<<<<<<<<<<<<<<<<<<<<<<<<<<<<<<<<<<<<<<<<<<

>> Herwig d97e658e076a (default) / ThePEG 02e817c0868e (default)

==============================================================================
Statistics for event handler 'EventHandler':
                                       generated    number of    Cross-section
                                          events     attempts             (nb)
==============================================================================
Total (from attempted events): including vetoed events           13.86(2)e+06
==============================================================================
Total (from generated events):           100000       100059     13.85(2)e+06
Events carry unit weights.
==============================================================================
Per matrix element breakdown:
MEHeavyQuark                               95149        95208     13.18(2)e+06
MEHeavyQuark2                               4851         4851     0.672(9)e+06
==============================================================================
>>>>>>>>>>>>>>>>>>>>>>>>>>>>>>>>>>>>>>>>>>>>>>>>>>>>>>>>>>>>>>>>>>>>>>>>>>>>>>
>>>> Toolkit for HEP Event Generation - ThePEG 02e817c0868e (default) <<<<<<<<
>>>> Sun Mar 28 06:18:02 2021                                             <<<<
<<<<<<<<<<<<<<<<<<<<<<<<<<<<<<<<<<<<<<<<<<<<<<<<<<<<<<<<<<<<<<<<<<<<<<<<<<<<<<

>> Herwig d97e658e076a (default) / ThePEG 02e817c0868e (default)

==============================================================================
Statistics for event handler 'EventHandler':
                                       generated    number of    Cross-section
                                          events     attempts             (nb)
==============================================================================
Total (from attempted events): including vetoed events           13.86(2)e+06
==============================================================================
Total (from generated events):           100000       100059     13.85(2)e+06
Events carry unit weights.
==============================================================================
Per matrix element breakdown:
MEHeavyQuark                               95149        95208     13.18(2)e+06
MEHeavyQuark2                               4851         4851     0.672(9)e+06
==============================================================================
