event>     initevent>        0  1000000Rivet.Analysis.Handler: INFO  Using named weights
event>        1  1000000event>        2  1000000event>        5  1000000event>       10  1000000event>       20  1000000event>       50  1000000event>      100  1000000event>      200  1000000event>      500  1000000
Charge imbalance by 6in event 661
event>     1000  1000000
Charge imbalance by 6in event 1375
event>     2000  1000000
Charge imbalance by -6in event 4005

Charge imbalance by 6in event 4468
event>     5000  1000000
Charge imbalance by 6in event 5996

Charge imbalance by 6in event 6178

Charge imbalance by 6in event 8421
event>    10000  1000000
Charge imbalance by 6in event 10810

Charge imbalance by -6in event 11414

Charge imbalance by -6in event 13149

Charge imbalance by 6in event 14634

Charge imbalance by 6in event 17998
event>    20000  1000000
Charge imbalance by -6in event 20006

Charge imbalance by -6in event 22793

Charge imbalance by -6in event 22805

Charge imbalance by 6in event 23902

Charge imbalance by -6in event 26090

Charge imbalance by -6in event 26699

Charge imbalance by -6in event 26959

Charge imbalance by -6in event 28960
event>    30000  1000000
Charge imbalance by -6in event 30708

Charge imbalance by 6in event 30876

Charge imbalance by 6in event 31419

Charge imbalance by -6in event 32744

Charge imbalance by -6in event 37849
event>    40000  1000000
Charge imbalance by -6in event 40832

Charge imbalance by -6in event 44159

Charge imbalance by -6in event 47486

Charge imbalance by -6in event 49133
event>    50000  1000000
Charge imbalance by -6in event 51183

Charge imbalance by 6in event 52242

Charge imbalance by 6in event 57152

Charge imbalance by 6in event 57498
event>    60000  1000000
Charge imbalance by -6in event 67037

Charge imbalance by -6in event 67518

Charge imbalance by -6in event 69305
event>    70000  1000000
Charge imbalance by -6in event 76492

Charge imbalance by -6in event 78305
event>    80000  1000000
Charge imbalance by 6in event 83333

Charge imbalance by -6in event 85830

Charge imbalance by -6in event 87960
event>    90000  1000000
Charge imbalance by 6in event 94123

Charge imbalance by -6in event 96856

Charge imbalance by -6in event 98370

Charge imbalance by 6in event 98443

Charge imbalance by 6in event 99592
event>   100000  1000000
Charge imbalance by -6in event 104165
event>   110000  1000000
Charge imbalance by 6in event 110018

Charge imbalance by -6in event 113009

Charge imbalance by -6in event 117614

Charge imbalance by 6in event 119797
event>   120000  1000000
Charge imbalance by 6in event 120659

Charge imbalance by 6in event 121555

Charge imbalance by 6in event 122976

Charge imbalance by 6in event 123341

Charge imbalance by -6in event 124247

Charge imbalance by 6in event 126982

Charge imbalance by -6in event 127883

Charge imbalance by -6in event 127984

Charge imbalance by 6in event 128186
event>   130000  1000000
Charge imbalance by 6in event 137011
event>   140000  1000000
Charge imbalance by -6in event 140486

Charge imbalance by 6in event 141892

Charge imbalance by 6in event 145605

Charge imbalance by 6in event 146164

Charge imbalance by 6in event 146389
event>   150000  1000000
Charge imbalance by -6in event 150862

Charge imbalance by -6in event 153790

Charge imbalance by -6in event 154749

Charge imbalance by -6in event 155535

Charge imbalance by 6in event 156992
event>   160000  1000000
Charge imbalance by 6in event 160480

Charge imbalance by -6in event 161750

Charge imbalance by -6in event 162652

Charge imbalance by -6in event 166164

Charge imbalance by 6in event 166556

Charge imbalance by 6in event 167975

Charge imbalance by -6in event 168769
event>   170000  1000000
Charge imbalance by 6in event 170356

Charge imbalance by 6in event 171244

Charge imbalance by -6in event 172142

Charge imbalance by 6in event 174902

Charge imbalance by 6in event 175962

Charge imbalance by 6in event 176877

Charge imbalance by 6in event 179610

Charge imbalance by 6in event 179622
event>   180000  1000000
Charge imbalance by -6in event 180127

Charge imbalance by 6in event 180439

Charge imbalance by -6in event 183761

Charge imbalance by -6in event 184236

Charge imbalance by -6in event 187086

Charge imbalance by -6in event 188017
event>   190000  1000000
Charge imbalance by 6in event 198314
event>   200000  1000000
Charge imbalance by 6in event 204787

Charge imbalance by 6in event 207704

Charge imbalance by -6in event 208088

Charge imbalance by 6in event 208745

Charge imbalance by 6in event 209208
event>   210000  1000000
Charge imbalance by 6in event 215311
event>   220000  1000000
Charge imbalance by 6in event 221356

Charge imbalance by 6in event 227163

Charge imbalance by 6in event 228314
event>   230000  1000000
Charge imbalance by -6in event 230955

Charge imbalance by 6in event 233417

Charge imbalance by 6in event 234657

Charge imbalance by -6in event 236453

Charge imbalance by 6in event 236468
event>   240000  1000000
Charge imbalance by -6in event 241080

Charge imbalance by -6in event 242208

Charge imbalance by -6in event 242339

Charge imbalance by -6in event 245064

Charge imbalance by -6in event 245165
event>   250000  1000000
Charge imbalance by -6in event 251797
event>   260000  1000000
Charge imbalance by 6in event 260101

Charge imbalance by -6in event 261755

Charge imbalance by -6in event 264439

Charge imbalance by -6in event 267369
event>   270000  1000000
Charge imbalance by -6in event 270247

Charge imbalance by 6in event 271184

Charge imbalance by -6in event 276777

Charge imbalance by 6in event 277394
event>   280000  1000000
Charge imbalance by -6in event 280213

Charge imbalance by -6in event 281514

Charge imbalance by -6in event 281804
event>   290000  1000000
Charge imbalance by 6in event 290226

Charge imbalance by -6in event 291598

Charge imbalance by -6in event 296741

Charge imbalance by 6in event 297003
event>   300000  1000000
Charge imbalance by -6in event 301851

Charge imbalance by 6in event 307054

Charge imbalance by -6in event 308177
event>   310000  1000000
Charge imbalance by -6in event 313699

Charge imbalance by -6in event 319134

Charge imbalance by -6in event 319158
event>   320000  1000000
Charge imbalance by 6in event 321516

Charge imbalance by 6in event 322174

Charge imbalance by 6in event 324251

Charge imbalance by 6in event 325729

Charge imbalance by -6in event 326912

Charge imbalance by -6in event 328565

Charge imbalance by -6in event 329192
event>   330000  1000000
Charge imbalance by -6in event 330099

Charge imbalance by 6in event 331571

Charge imbalance by -6in event 331602

Charge imbalance by -6in event 332239

Charge imbalance by -6in event 337305
event>   340000  1000000
Charge imbalance by 6in event 342485

Charge imbalance by 6in event 346092

Charge imbalance by 6in event 346509
event>   350000  1000000
Charge imbalance by 6in event 353086

Charge imbalance by -6in event 354021
event>   360000  1000000
Charge imbalance by 6in event 360637

Charge imbalance by -6in event 363960

Charge imbalance by 6in event 364708
event>   370000  1000000
Charge imbalance by 6in event 374264

Charge imbalance by 6in event 374474

Charge imbalance by 6in event 375209
event>   380000  1000000
Charge imbalance by -6in event 383356

Charge imbalance by -6in event 383528

Charge imbalance by -6in event 385057

Charge imbalance by 6in event 385131

Charge imbalance by 6in event 389318

Charge imbalance by -6in event 389842
event>   390000  1000000
Charge imbalance by 6in event 391484

Charge imbalance by 6in event 392189

Charge imbalance by 6in event 393295
event>   400000  1000000
Charge imbalance by -6in event 401756

Charge imbalance by 6in event 403668

Charge imbalance by 6in event 405244

Charge imbalance by -6in event 405422

Charge imbalance by -6in event 406313

Charge imbalance by -6in event 409622

Charge imbalance by 6in event 409838
event>   410000  1000000
Charge imbalance by 6in event 410957

Charge imbalance by 6in event 412046

Charge imbalance by 6in event 418381
event>   420000  1000000
Charge imbalance by -6in event 420235

Charge imbalance by -6in event 420339

Charge imbalance by 6in event 424956

Charge imbalance by -6in event 426189

Charge imbalance by -6in event 428708

Charge imbalance by 6in event 428715
event>   430000  1000000
Charge imbalance by 6in event 430755

Charge imbalance by -6in event 434308

Charge imbalance by 6in event 435080

Charge imbalance by -6in event 438480

Charge imbalance by 6in event 439098
event>   440000  1000000
Charge imbalance by 6in event 441839

Charge imbalance by 6in event 442864

Charge imbalance by 6in event 443691

Charge imbalance by 6in event 444446

Charge imbalance by -6in event 447332
event>   450000  1000000
Charge imbalance by 6in event 452428
event>   460000  1000000
Charge imbalance by -6in event 462473

Charge imbalance by -6in event 468960
event>   470000  1000000
Charge imbalance by -6in event 471596

Charge imbalance by -6in event 472028

Charge imbalance by -6in event 474324

Charge imbalance by 6in event 474338

Charge imbalance by -6in event 475627

Charge imbalance by 6in event 478228
event>   480000  1000000
Charge imbalance by -6in event 481239

Charge imbalance by -6in event 482792

Charge imbalance by 6in event 483635

Charge imbalance by -6in event 489615

Charge imbalance by 6in event 489813

Charge imbalance by -6in event 489985
event>   490000  1000000
Charge imbalance by 6in event 492576

Charge imbalance by 6in event 496126

Charge imbalance by 6in event 498408

Charge imbalance by 6in event 499452
event>   500000  1000000
Charge imbalance by -6in event 501818

Charge imbalance by -6in event 503201
event>   510000  1000000
Charge imbalance by -6in event 511171

Charge imbalance by 6in event 512428

Charge imbalance by 6in event 516437

Charge imbalance by -6in event 516677
event>   520000  1000000
Charge imbalance by 6in event 521195

Charge imbalance by 6in event 521925

Charge imbalance by -6in event 522854

Charge imbalance by 6in event 526645

Charge imbalance by -6in event 528694
event>   530000  1000000
Charge imbalance by 6in event 533544

Charge imbalance by 6in event 533546

Charge imbalance by -6in event 538002

Charge imbalance by 6in event 539138
event>   540000  1000000
Charge imbalance by -6in event 546626

Charge imbalance by 6in event 547552

Charge imbalance by 6in event 548694
event>   550000  1000000
Charge imbalance by 6in event 553757

Charge imbalance by 6in event 555098

Charge imbalance by -6in event 557343

Charge imbalance by 6in event 558302
event>   560000  1000000
Charge imbalance by 6in event 561436

Charge imbalance by -6in event 565580
event>   570000  1000000
Charge imbalance by 6in event 570698

Charge imbalance by 6in event 572006

Charge imbalance by 6in event 572671

Charge imbalance by 6in event 572682

Charge imbalance by 6in event 574430

Charge imbalance by -6in event 576690

Charge imbalance by 6in event 577856

Charge imbalance by 6in event 579770
event>   580000  1000000
Charge imbalance by -6in event 580294

Charge imbalance by -6in event 580357

Charge imbalance by -6in event 581572
event>   590000  1000000
Charge imbalance by -6in event 592118

Charge imbalance by -6in event 592784

Charge imbalance by -6in event 599276
event>   600000  1000000
Charge imbalance by -6in event 602717

Charge imbalance by -6in event 606114

Charge imbalance by -6in event 606274

Charge imbalance by -6in event 608994
event>   610000  1000000
Charge imbalance by 6in event 612127

Charge imbalance by 6in event 613767

Charge imbalance by 6in event 616345
event>   620000  1000000
Charge imbalance by -6in event 620370

Charge imbalance by -6in event 624599

Charge imbalance by 6in event 624690
event>   630000  1000000
Charge imbalance by 6in event 630199

Charge imbalance by 6in event 630599

Charge imbalance by -6in event 631389

Charge imbalance by 6in event 631599

Charge imbalance by 6in event 631958

Charge imbalance by 6in event 632008

Charge imbalance by 6in event 632461

Charge imbalance by -6in event 634474

Charge imbalance by 6in event 638565

Charge imbalance by -6in event 639492
event>   640000  1000000
Charge imbalance by 6in event 644953

Charge imbalance by 6in event 646147

Charge imbalance by -6in event 649459
event>   650000  1000000
Charge imbalance by 6in event 652070

Charge imbalance by 6in event 658951
event>   660000  1000000
Charge imbalance by 6in event 662771

Charge imbalance by -6in event 664778
event>   670000  1000000
Charge imbalance by 6in event 672381

Charge imbalance by -6in event 673920

Charge imbalance by 6in event 677469
event>   680000  1000000
Charge imbalance by 6in event 681307

Charge imbalance by 6in event 682123

Charge imbalance by 6in event 687793

Charge imbalance by -6in event 688698

Charge imbalance by -6in event 688811
event>   690000  1000000
Charge imbalance by -6in event 696835

Charge imbalance by 6in event 699825
event>   700000  1000000
Charge imbalance by 6in event 704254

Charge imbalance by -6in event 705187

Charge imbalance by -6in event 709209
event>   710000  1000000
Charge imbalance by -6in event 710424

Charge imbalance by 6in event 711062

Charge imbalance by 6in event 712862

Charge imbalance by -6in event 714222
event>   720000  1000000
Charge imbalance by -6in event 723592

Charge imbalance by -6in event 724046

Charge imbalance by -6in event 724534

Charge imbalance by -6in event 728297
event>   730000  1000000
Charge imbalance by -6in event 731622

Charge imbalance by -6in event 732864

Charge imbalance by 6in event 735843

Charge imbalance by -6in event 736202

Charge imbalance by -6in event 736286

Charge imbalance by -6in event 738351
event>   740000  1000000
Charge imbalance by -6in event 742054

Charge imbalance by 6in event 744223

Charge imbalance by -6in event 745891

Charge imbalance by 6in event 748076
event>   750000  1000000
Charge imbalance by 6in event 753074
event>   760000  1000000
Charge imbalance by 6in event 760867

Charge imbalance by 6in event 761986
event>   770000  1000000
Charge imbalance by -6in event 774756

Charge imbalance by -6in event 776877

Charge imbalance by -6in event 779067
event>   780000  1000000
Charge imbalance by 6in event 782544

Charge imbalance by -6in event 784185

Charge imbalance by 6in event 787610
event>   790000  1000000
Charge imbalance by 6in event 795795

Charge imbalance by 6in event 798873

Charge imbalance by 6in event 798990

Charge imbalance by -6in event 799028

Charge imbalance by 6in event 799919
event>   800000  1000000
Charge imbalance by -6in event 800453

Charge imbalance by 6in event 808672
event>   810000  1000000
Charge imbalance by -6in event 810941

Charge imbalance by 6in event 813432
event>   820000  1000000
Charge imbalance by -6in event 823333

Charge imbalance by -6in event 824715
event>   830000  1000000
Charge imbalance by 6in event 835764

Charge imbalance by 6in event 838901

Charge imbalance by -6in event 839102

Charge imbalance by 6in event 839952
event>   840000  1000000
Charge imbalance by 6in event 840362

Charge imbalance by 6in event 840434

Charge imbalance by -6in event 843725

Charge imbalance by -6in event 844781

Charge imbalance by -6in event 845173
event>   850000  1000000
Charge imbalance by 6in event 851266

Charge imbalance by 6in event 856266

Charge imbalance by 6in event 857394
event>   860000  1000000
Charge imbalance by 6in event 861183

Charge imbalance by 6in event 861457

Charge imbalance by 6in event 863946

Charge imbalance by -6in event 867081
event>   870000  1000000
Charge imbalance by 6in event 870099

Charge imbalance by 6in event 873564

Charge imbalance by 6in event 874724

Charge imbalance by -6in event 876581

Charge imbalance by -6in event 879392

Charge imbalance by -6in event 879643
event>   880000  1000000
Charge imbalance by -6in event 881722

Charge imbalance by -6in event 883098

Charge imbalance by 6in event 884598

Charge imbalance by 6in event 886545

Charge imbalance by 6in event 888894
event>   890000  1000000
Charge imbalance by 6in event 892062

Charge imbalance by 6in event 893302

Charge imbalance by -6in event 893611

Charge imbalance by 6in event 899346
event>   900000  1000000
Charge imbalance by 6in event 902101

Charge imbalance by 6in event 903461

Charge imbalance by -6in event 904241

Charge imbalance by 6in event 904774

Charge imbalance by -6in event 906384
event>   910000  1000000
Charge imbalance by 6in event 911743

Charge imbalance by 6in event 915256

Charge imbalance by -6in event 915837

Charge imbalance by 6in event 918896
event>   920000  1000000
Charge imbalance by 6in event 923765
event>   930000  1000000
Charge imbalance by -6in event 934162

Charge imbalance by 6in event 934757

Charge imbalance by -6in event 935858

Charge imbalance by -6in event 935869
event>   940000  1000000
Charge imbalance by 6in event 940992

Charge imbalance by 6in event 941920

Charge imbalance by -6in event 944122

Charge imbalance by 6in event 946044

Charge imbalance by 6in event 947827

Charge imbalance by 6in event 949091

Charge imbalance by 6in event 949749
event>   950000  1000000
Charge imbalance by 6in event 951903

Charge imbalance by -6in event 953111

Charge imbalance by 6in event 959826
event>   960000  1000000
Charge imbalance by 6in event 962263

Charge imbalance by -6in event 963245

Charge imbalance by 6in event 963882

Charge imbalance by -6in event 968747

Charge imbalance by 6in event 969140

Charge imbalance by -6in event 969812
event>   970000  1000000
Charge imbalance by -6in event 970361

Charge imbalance by -6in event 971321

Charge imbalance by -6in event 972130

Charge imbalance by -6in event 973368

Charge imbalance by 6in event 975050

Charge imbalance by 6in event 978003
event>   980000  1000000
Charge imbalance by -6in event 983965

Charge imbalance by -6in event 987758
event>   990000  1000000
Charge imbalance by -6in event 990049

Charge imbalance by 6in event 990140

Charge imbalance by 6in event 993961
event>   995000  1000000
Charge imbalance by -6in event 997096
event>   998000  1000000
Charge imbalance by -6in event 998711
event>   999000  1000000event>   999500  1000000event>   999800  1000000event>   999900  1000000event>   999950  1000000event>   999980  1000000event>   999990  1000000event>   999995  1000000event>   999998  1000000event>   999999  1000000event>  1000000  1000000

BasicConsistency: maximum 4-momentum violation: 4.468 MeV

The MCnet usage guidelines apply to Rivet: see http://www.montecarlonet.org/GUIDELINES
Please acknowledge Rivet in results made using it, and cite https://arxiv.org/abs/1912.05451

