>>>>>>>>>>>>>>>>>>>>>>>>>>>>>>>>>>>>>>>>>>>>>>>>>>>>>>>>>>>>>>>>>>>>>>>>>>>>>>
>>>> Toolkit for HEP Event Generation - ThePEG 02e817c0868e (default) <<<<<<<<
>>>> Tue Feb  9 12:23:11 2021                                             <<<<
<<<<<<<<<<<<<<<<<<<<<<<<<<<<<<<<<<<<<<<<<<<<<<<<<<<<<<<<<<<<<<<<<<<<<<<<<<<<<<

>> Herwig d97e658e076a (default) / ThePEG 02e817c0868e (default)

==============================================================================
Statistics for event handler 'EventHandler':
                                       generated    number of    Cross-section
                                          events     attempts             (nb)
==============================================================================
Total (from attempted events): including vetoed events           0.347(2)e+06
==============================================================================
Total (from generated events):            10000        10002     0.347(2)e+06
Events carry unit weights.
==============================================================================
Per matrix element breakdown:
MEHeavyQuark                                6698         6700     0.233(2)e+06
MEHeavyQuark2                               3302         3302     0.115(2)e+06
==============================================================================
>>>>>>>>>>>>>>>>>>>>>>>>>>>>>>>>>>>>>>>>>>>>>>>>>>>>>>>>>>>>>>>>>>>>>>>>>>>>>>
>>>> Toolkit for HEP Event Generation - ThePEG 02e817c0868e (default) <<<<<<<<
>>>> Tue Feb  9 12:23:09 2021                                             <<<<
<<<<<<<<<<<<<<<<<<<<<<<<<<<<<<<<<<<<<<<<<<<<<<<<<<<<<<<<<<<<<<<<<<<<<<<<<<<<<<

>> Herwig d97e658e076a (default) / ThePEG 02e817c0868e (default)

==============================================================================
Statistics for event handler 'EventHandler':
                                       generated    number of    Cross-section
                                          events     attempts             (nb)
==============================================================================
Total (from attempted events): including vetoed events           0.347(2)e+06
==============================================================================
Total (from generated events):            10000        10002     0.347(2)e+06
Events carry unit weights.
==============================================================================
Per matrix element breakdown:
MEHeavyQuark                                6698         6700     0.233(2)e+06
MEHeavyQuark2                               3302         3302     0.115(2)e+06
==============================================================================
>>>>>>>>>>>>>>>>>>>>>>>>>>>>>>>>>>>>>>>>>>>>>>>>>>>>>>>>>>>>>>>>>>>>>>>>>>>>>>
>>>> Toolkit for HEP Event Generation - ThePEG 02e817c0868e (default) <<<<<<<<
>>>> Tue Feb  9 12:23:04 2021                                             <<<<
<<<<<<<<<<<<<<<<<<<<<<<<<<<<<<<<<<<<<<<<<<<<<<<<<<<<<<<<<<<<<<<<<<<<<<<<<<<<<<

>> Herwig d97e658e076a (default) / ThePEG 02e817c0868e (default)

==============================================================================
Statistics for event handler 'EventHandler':
                                       generated    number of    Cross-section
                                          events     attempts             (nb)
==============================================================================
Total (from attempted events): including vetoed events           0.347(2)e+06
==============================================================================
Total (from generated events):            10000        10002     0.347(2)e+06
Events carry unit weights.
==============================================================================
Per matrix element breakdown:
MEHeavyQuark                                6698         6700     0.233(2)e+06
MEHeavyQuark2                               3302         3302     0.115(2)e+06
==============================================================================
>>>>>>>>>>>>>>>>>>>>>>>>>>>>>>>>>>>>>>>>>>>>>>>>>>>>>>>>>>>>>>>>>>>>>>>>>>>>>>
>>>> Toolkit for HEP Event Generation - ThePEG 02e817c0868e (default) <<<<<<<<
>>>> Tue Feb  9 12:23:06 2021                                             <<<<
<<<<<<<<<<<<<<<<<<<<<<<<<<<<<<<<<<<<<<<<<<<<<<<<<<<<<<<<<<<<<<<<<<<<<<<<<<<<<<

>> Herwig d97e658e076a (default) / ThePEG 02e817c0868e (default)

==============================================================================
Statistics for event handler 'EventHandler':
                                       generated    number of    Cross-section
                                          events     attempts             (nb)
==============================================================================
Total (from attempted events): including vetoed events           0.347(2)e+06
==============================================================================
Total (from generated events):            10000        10002     0.347(2)e+06
Events carry unit weights.
==============================================================================
Per matrix element breakdown:
MEHeavyQuark                                6698         6700     0.233(2)e+06
MEHeavyQuark2                               3302         3302     0.115(2)e+06
==============================================================================
>>>>>>>>>>>>>>>>>>>>>>>>>>>>>>>>>>>>>>>>>>>>>>>>>>>>>>>>>>>>>>>>>>>>>>>>>>>>>>
>>>> Toolkit for HEP Event Generation - ThePEG 02e817c0868e (default) <<<<<<<<
>>>> Tue Feb  9 12:23:11 2021                                             <<<<
<<<<<<<<<<<<<<<<<<<<<<<<<<<<<<<<<<<<<<<<<<<<<<<<<<<<<<<<<<<<<<<<<<<<<<<<<<<<<<

>> Herwig d97e658e076a (default) / ThePEG 02e817c0868e (default)

==============================================================================
Statistics for event handler 'EventHandler':
                                       generated    number of    Cross-section
                                          events     attempts             (nb)
==============================================================================
Total (from attempted events): including vetoed events           0.347(2)e+06
==============================================================================
Total (from generated events):            10000        10002     0.347(2)e+06
Events carry unit weights.
==============================================================================
Per matrix element breakdown:
MEHeavyQuark                                6698         6700     0.233(2)e+06
MEHeavyQuark2                               3302         3302     0.115(2)e+06
==============================================================================
>>>>>>>>>>>>>>>>>>>>>>>>>>>>>>>>>>>>>>>>>>>>>>>>>>>>>>>>>>>>>>>>>>>>>>>>>>>>>>
>>>> Toolkit for HEP Event Generation - ThePEG 02e817c0868e (default) <<<<<<<<
>>>> Tue Feb  9 12:23:06 2021                                             <<<<
<<<<<<<<<<<<<<<<<<<<<<<<<<<<<<<<<<<<<<<<<<<<<<<<<<<<<<<<<<<<<<<<<<<<<<<<<<<<<<

>> Herwig d97e658e076a (default) / ThePEG 02e817c0868e (default)

==============================================================================
Statistics for event handler 'EventHandler':
                                       generated    number of    Cross-section
                                          events     attempts             (nb)
==============================================================================
Total (from attempted events): including vetoed events           0.347(2)e+06
==============================================================================
Total (from generated events):            10000        10002     0.347(2)e+06
Events carry unit weights.
==============================================================================
Per matrix element breakdown:
MEHeavyQuark                                6698         6700     0.233(2)e+06
MEHeavyQuark2                               3302         3302     0.115(2)e+06
==============================================================================
>>>>>>>>>>>>>>>>>>>>>>>>>>>>>>>>>>>>>>>>>>>>>>>>>>>>>>>>>>>>>>>>>>>>>>>>>>>>>>
>>>> Toolkit for HEP Event Generation - ThePEG 02e817c0868e (default) <<<<<<<<
>>>> Tue Feb  9 12:23:11 2021                                             <<<<
<<<<<<<<<<<<<<<<<<<<<<<<<<<<<<<<<<<<<<<<<<<<<<<<<<<<<<<<<<<<<<<<<<<<<<<<<<<<<<

>> Herwig d97e658e076a (default) / ThePEG 02e817c0868e (default)

==============================================================================
Statistics for event handler 'EventHandler':
                                       generated    number of    Cross-section
                                          events     attempts             (nb)
==============================================================================
Total (from attempted events): including vetoed events           0.347(2)e+06
==============================================================================
Total (from generated events):            10000        10002     0.347(2)e+06
Events carry unit weights.
==============================================================================
Per matrix element breakdown:
MEHeavyQuark                                6698         6700     0.233(2)e+06
MEHeavyQuark2                               3302         3302     0.115(2)e+06
==============================================================================
>>>>>>>>>>>>>>>>>>>>>>>>>>>>>>>>>>>>>>>>>>>>>>>>>>>>>>>>>>>>>>>>>>>>>>>>>>>>>>
>>>> Toolkit for HEP Event Generation - ThePEG 02e817c0868e (default) <<<<<<<<
>>>> Tue Feb  9 12:23:05 2021                                             <<<<
<<<<<<<<<<<<<<<<<<<<<<<<<<<<<<<<<<<<<<<<<<<<<<<<<<<<<<<<<<<<<<<<<<<<<<<<<<<<<<

>> Herwig d97e658e076a (default) / ThePEG 02e817c0868e (default)

==============================================================================
Statistics for event handler 'EventHandler':
                                       generated    number of    Cross-section
                                          events     attempts             (nb)
==============================================================================
Total (from attempted events): including vetoed events           0.347(2)e+06
==============================================================================
Total (from generated events):            10000        10002     0.347(2)e+06
Events carry unit weights.
==============================================================================
Per matrix element breakdown:
MEHeavyQuark                                6698         6700     0.233(2)e+06
MEHeavyQuark2                               3302         3302     0.115(2)e+06
==============================================================================
>>>>>>>>>>>>>>>>>>>>>>>>>>>>>>>>>>>>>>>>>>>>>>>>>>>>>>>>>>>>>>>>>>>>>>>>>>>>>>
>>>> Toolkit for HEP Event Generation - ThePEG 02e817c0868e (default) <<<<<<<<
>>>> Tue Feb  9 12:23:09 2021                                             <<<<
<<<<<<<<<<<<<<<<<<<<<<<<<<<<<<<<<<<<<<<<<<<<<<<<<<<<<<<<<<<<<<<<<<<<<<<<<<<<<<

>> Herwig d97e658e076a (default) / ThePEG 02e817c0868e (default)

==============================================================================
Statistics for event handler 'EventHandler':
                                       generated    number of    Cross-section
                                          events     attempts             (nb)
==============================================================================
Total (from attempted events): including vetoed events           0.347(2)e+06
==============================================================================
Total (from generated events):            10000        10002     0.347(2)e+06
Events carry unit weights.
==============================================================================
Per matrix element breakdown:
MEHeavyQuark                                6698         6700     0.233(2)e+06
MEHeavyQuark2                               3302         3302     0.115(2)e+06
==============================================================================
>>>>>>>>>>>>>>>>>>>>>>>>>>>>>>>>>>>>>>>>>>>>>>>>>>>>>>>>>>>>>>>>>>>>>>>>>>>>>>
>>>> Toolkit for HEP Event Generation - ThePEG 02e817c0868e (default) <<<<<<<<
>>>> Tue Feb  9 12:23:04 2021                                             <<<<
<<<<<<<<<<<<<<<<<<<<<<<<<<<<<<<<<<<<<<<<<<<<<<<<<<<<<<<<<<<<<<<<<<<<<<<<<<<<<<

>> Herwig d97e658e076a (default) / ThePEG 02e817c0868e (default)

==============================================================================
Statistics for event handler 'EventHandler':
                                       generated    number of    Cross-section
                                          events     attempts             (nb)
==============================================================================
Total (from attempted events): including vetoed events           0.347(2)e+06
==============================================================================
Total (from generated events):            10000        10002     0.347(2)e+06
Events carry unit weights.
==============================================================================
Per matrix element breakdown:
MEHeavyQuark                                6698         6700     0.233(2)e+06
MEHeavyQuark2                               3302         3302     0.115(2)e+06
==============================================================================
>>>>>>>>>>>>>>>>>>>>>>>>>>>>>>>>>>>>>>>>>>>>>>>>>>>>>>>>>>>>>>>>>>>>>>>>>>>>>>
>>>> Toolkit for HEP Event Generation - ThePEG 02e817c0868e (default) <<<<<<<<
>>>> Tue Feb  9 12:23:09 2021                                             <<<<
<<<<<<<<<<<<<<<<<<<<<<<<<<<<<<<<<<<<<<<<<<<<<<<<<<<<<<<<<<<<<<<<<<<<<<<<<<<<<<

>> Herwig d97e658e076a (default) / ThePEG 02e817c0868e (default)

==============================================================================
Statistics for event handler 'EventHandler':
                                       generated    number of    Cross-section
                                          events     attempts             (nb)
==============================================================================
Total (from attempted events): including vetoed events           0.347(2)e+06
==============================================================================
Total (from generated events):            10000        10002     0.347(2)e+06
Events carry unit weights.
==============================================================================
Per matrix element breakdown:
MEHeavyQuark                                6698         6700     0.233(2)e+06
MEHeavyQuark2                               3302         3302     0.115(2)e+06
==============================================================================
>>>>>>>>>>>>>>>>>>>>>>>>>>>>>>>>>>>>>>>>>>>>>>>>>>>>>>>>>>>>>>>>>>>>>>>>>>>>>>
>>>> Toolkit for HEP Event Generation - ThePEG 02e817c0868e (default) <<<<<<<<
>>>> Tue Feb  9 12:23:06 2021                                             <<<<
<<<<<<<<<<<<<<<<<<<<<<<<<<<<<<<<<<<<<<<<<<<<<<<<<<<<<<<<<<<<<<<<<<<<<<<<<<<<<<

>> Herwig d97e658e076a (default) / ThePEG 02e817c0868e (default)

==============================================================================
Statistics for event handler 'EventHandler':
                                       generated    number of    Cross-section
                                          events     attempts             (nb)
==============================================================================
Total (from attempted events): including vetoed events           0.347(2)e+06
==============================================================================
Total (from generated events):            10000        10002     0.347(2)e+06
Events carry unit weights.
==============================================================================
Per matrix element breakdown:
MEHeavyQuark                                6698         6700     0.233(2)e+06
MEHeavyQuark2                               3302         3302     0.115(2)e+06
==============================================================================
>>>>>>>>>>>>>>>>>>>>>>>>>>>>>>>>>>>>>>>>>>>>>>>>>>>>>>>>>>>>>>>>>>>>>>>>>>>>>>
>>>> Toolkit for HEP Event Generation - ThePEG 02e817c0868e (default) <<<<<<<<
>>>> Tue Feb  9 12:23:09 2021                                             <<<<
<<<<<<<<<<<<<<<<<<<<<<<<<<<<<<<<<<<<<<<<<<<<<<<<<<<<<<<<<<<<<<<<<<<<<<<<<<<<<<

>> Herwig d97e658e076a (default) / ThePEG 02e817c0868e (default)

==============================================================================
Statistics for event handler 'EventHandler':
                                       generated    number of    Cross-section
                                          events     attempts             (nb)
==============================================================================
Total (from attempted events): including vetoed events           0.347(2)e+06
==============================================================================
Total (from generated events):            10000        10002     0.347(2)e+06
Events carry unit weights.
==============================================================================
Per matrix element breakdown:
MEHeavyQuark                                6698         6700     0.233(2)e+06
MEHeavyQuark2                               3302         3302     0.115(2)e+06
==============================================================================
>>>>>>>>>>>>>>>>>>>>>>>>>>>>>>>>>>>>>>>>>>>>>>>>>>>>>>>>>>>>>>>>>>>>>>>>>>>>>>
>>>> Toolkit for HEP Event Generation - ThePEG 02e817c0868e (default) <<<<<<<<
>>>> Tue Feb  9 12:23:10 2021                                             <<<<
<<<<<<<<<<<<<<<<<<<<<<<<<<<<<<<<<<<<<<<<<<<<<<<<<<<<<<<<<<<<<<<<<<<<<<<<<<<<<<

>> Herwig d97e658e076a (default) / ThePEG 02e817c0868e (default)

==============================================================================
Statistics for event handler 'EventHandler':
                                       generated    number of    Cross-section
                                          events     attempts             (nb)
==============================================================================
Total (from attempted events): including vetoed events           0.347(2)e+06
==============================================================================
Total (from generated events):            10000        10002     0.347(2)e+06
Events carry unit weights.
==============================================================================
Per matrix element breakdown:
MEHeavyQuark                                6698         6700     0.233(2)e+06
MEHeavyQuark2                               3302         3302     0.115(2)e+06
==============================================================================
>>>>>>>>>>>>>>>>>>>>>>>>>>>>>>>>>>>>>>>>>>>>>>>>>>>>>>>>>>>>>>>>>>>>>>>>>>>>>>
>>>> Toolkit for HEP Event Generation - ThePEG 02e817c0868e (default) <<<<<<<<
>>>> Tue Feb  9 12:23:09 2021                                             <<<<
<<<<<<<<<<<<<<<<<<<<<<<<<<<<<<<<<<<<<<<<<<<<<<<<<<<<<<<<<<<<<<<<<<<<<<<<<<<<<<

>> Herwig d97e658e076a (default) / ThePEG 02e817c0868e (default)

==============================================================================
Statistics for event handler 'EventHandler':
                                       generated    number of    Cross-section
                                          events     attempts             (nb)
==============================================================================
Total (from attempted events): including vetoed events           0.347(2)e+06
==============================================================================
Total (from generated events):            10000        10002     0.347(2)e+06
Events carry unit weights.
==============================================================================
Per matrix element breakdown:
MEHeavyQuark                                6698         6700     0.233(2)e+06
MEHeavyQuark2                               3302         3302     0.115(2)e+06
==============================================================================
>>>>>>>>>>>>>>>>>>>>>>>>>>>>>>>>>>>>>>>>>>>>>>>>>>>>>>>>>>>>>>>>>>>>>>>>>>>>>>
>>>> Toolkit for HEP Event Generation - ThePEG 02e817c0868e (default) <<<<<<<<
>>>> Tue Feb  9 12:23:09 2021                                             <<<<
<<<<<<<<<<<<<<<<<<<<<<<<<<<<<<<<<<<<<<<<<<<<<<<<<<<<<<<<<<<<<<<<<<<<<<<<<<<<<<

>> Herwig d97e658e076a (default) / ThePEG 02e817c0868e (default)

==============================================================================
Statistics for event handler 'EventHandler':
                                       generated    number of    Cross-section
                                          events     attempts             (nb)
==============================================================================
Total (from attempted events): including vetoed events           0.347(2)e+06
==============================================================================
Total (from generated events):            10000        10002     0.347(2)e+06
Events carry unit weights.
==============================================================================
Per matrix element breakdown:
MEHeavyQuark                                6698         6700     0.233(2)e+06
MEHeavyQuark2                               3302         3302     0.115(2)e+06
==============================================================================
>>>>>>>>>>>>>>>>>>>>>>>>>>>>>>>>>>>>>>>>>>>>>>>>>>>>>>>>>>>>>>>>>>>>>>>>>>>>>>
>>>> Toolkit for HEP Event Generation - ThePEG 02e817c0868e (default) <<<<<<<<
>>>> Tue Feb  9 12:23:10 2021                                             <<<<
<<<<<<<<<<<<<<<<<<<<<<<<<<<<<<<<<<<<<<<<<<<<<<<<<<<<<<<<<<<<<<<<<<<<<<<<<<<<<<

>> Herwig d97e658e076a (default) / ThePEG 02e817c0868e (default)

==============================================================================
Statistics for event handler 'EventHandler':
                                       generated    number of    Cross-section
                                          events     attempts             (nb)
==============================================================================
Total (from attempted events): including vetoed events           0.347(2)e+06
==============================================================================
Total (from generated events):            10000        10002     0.347(2)e+06
Events carry unit weights.
==============================================================================
Per matrix element breakdown:
MEHeavyQuark                                6698         6700     0.233(2)e+06
MEHeavyQuark2                               3302         3302     0.115(2)e+06
==============================================================================
>>>>>>>>>>>>>>>>>>>>>>>>>>>>>>>>>>>>>>>>>>>>>>>>>>>>>>>>>>>>>>>>>>>>>>>>>>>>>>
>>>> Toolkit for HEP Event Generation - ThePEG 02e817c0868e (default) <<<<<<<<
>>>> Tue Feb  9 12:23:09 2021                                             <<<<
<<<<<<<<<<<<<<<<<<<<<<<<<<<<<<<<<<<<<<<<<<<<<<<<<<<<<<<<<<<<<<<<<<<<<<<<<<<<<<

>> Herwig d97e658e076a (default) / ThePEG 02e817c0868e (default)

==============================================================================
Statistics for event handler 'EventHandler':
                                       generated    number of    Cross-section
                                          events     attempts             (nb)
==============================================================================
Total (from attempted events): including vetoed events           0.347(2)e+06
==============================================================================
Total (from generated events):            10000        10002     0.347(2)e+06
Events carry unit weights.
==============================================================================
Per matrix element breakdown:
MEHeavyQuark                                6698         6700     0.233(2)e+06
MEHeavyQuark2                               3302         3302     0.115(2)e+06
==============================================================================
>>>>>>>>>>>>>>>>>>>>>>>>>>>>>>>>>>>>>>>>>>>>>>>>>>>>>>>>>>>>>>>>>>>>>>>>>>>>>>
>>>> Toolkit for HEP Event Generation - ThePEG 02e817c0868e (default) <<<<<<<<
>>>> Tue Feb  9 12:23:14 2021                                             <<<<
<<<<<<<<<<<<<<<<<<<<<<<<<<<<<<<<<<<<<<<<<<<<<<<<<<<<<<<<<<<<<<<<<<<<<<<<<<<<<<

>> Herwig d97e658e076a (default) / ThePEG 02e817c0868e (default)

==============================================================================
Statistics for event handler 'EventHandler':
                                       generated    number of    Cross-section
                                          events     attempts             (nb)
==============================================================================
Total (from attempted events): including vetoed events           0.347(2)e+06
==============================================================================
Total (from generated events):            10000        10002     0.347(2)e+06
Events carry unit weights.
==============================================================================
Per matrix element breakdown:
MEHeavyQuark                                6698         6700     0.233(2)e+06
MEHeavyQuark2                               3302         3302     0.115(2)e+06
==============================================================================
>>>>>>>>>>>>>>>>>>>>>>>>>>>>>>>>>>>>>>>>>>>>>>>>>>>>>>>>>>>>>>>>>>>>>>>>>>>>>>
>>>> Toolkit for HEP Event Generation - ThePEG 02e817c0868e (default) <<<<<<<<
>>>> Tue Feb  9 12:23:10 2021                                             <<<<
<<<<<<<<<<<<<<<<<<<<<<<<<<<<<<<<<<<<<<<<<<<<<<<<<<<<<<<<<<<<<<<<<<<<<<<<<<<<<<

>> Herwig d97e658e076a (default) / ThePEG 02e817c0868e (default)

==============================================================================
Statistics for event handler 'EventHandler':
                                       generated    number of    Cross-section
                                          events     attempts             (nb)
==============================================================================
Total (from attempted events): including vetoed events           0.347(2)e+06
==============================================================================
Total (from generated events):            10000        10002     0.347(2)e+06
Events carry unit weights.
==============================================================================
Per matrix element breakdown:
MEHeavyQuark                                6698         6700     0.233(2)e+06
MEHeavyQuark2                               3302         3302     0.115(2)e+06
==============================================================================
>>>>>>>>>>>>>>>>>>>>>>>>>>>>>>>>>>>>>>>>>>>>>>>>>>>>>>>>>>>>>>>>>>>>>>>>>>>>>>
>>>> Toolkit for HEP Event Generation - ThePEG 02e817c0868e (default) <<<<<<<<
>>>> Tue Feb  9 12:23:14 2021                                             <<<<
<<<<<<<<<<<<<<<<<<<<<<<<<<<<<<<<<<<<<<<<<<<<<<<<<<<<<<<<<<<<<<<<<<<<<<<<<<<<<<

>> Herwig d97e658e076a (default) / ThePEG 02e817c0868e (default)

==============================================================================
Statistics for event handler 'EventHandler':
                                       generated    number of    Cross-section
                                          events     attempts             (nb)
==============================================================================
Total (from attempted events): including vetoed events           0.347(2)e+06
==============================================================================
Total (from generated events):            10000        10002     0.347(2)e+06
Events carry unit weights.
==============================================================================
Per matrix element breakdown:
MEHeavyQuark                                6698         6700     0.233(2)e+06
MEHeavyQuark2                               3302         3302     0.115(2)e+06
==============================================================================
>>>>>>>>>>>>>>>>>>>>>>>>>>>>>>>>>>>>>>>>>>>>>>>>>>>>>>>>>>>>>>>>>>>>>>>>>>>>>>
>>>> Toolkit for HEP Event Generation - ThePEG 02e817c0868e (default) <<<<<<<<
>>>> Tue Feb  9 12:23:08 2021                                             <<<<
<<<<<<<<<<<<<<<<<<<<<<<<<<<<<<<<<<<<<<<<<<<<<<<<<<<<<<<<<<<<<<<<<<<<<<<<<<<<<<

>> Herwig d97e658e076a (default) / ThePEG 02e817c0868e (default)

==============================================================================
Statistics for event handler 'EventHandler':
                                       generated    number of    Cross-section
                                          events     attempts             (nb)
==============================================================================
Total (from attempted events): including vetoed events           0.347(2)e+06
==============================================================================
Total (from generated events):            10000        10002     0.347(2)e+06
Events carry unit weights.
==============================================================================
Per matrix element breakdown:
MEHeavyQuark                                6698         6700     0.233(2)e+06
MEHeavyQuark2                               3302         3302     0.115(2)e+06
==============================================================================
>>>>>>>>>>>>>>>>>>>>>>>>>>>>>>>>>>>>>>>>>>>>>>>>>>>>>>>>>>>>>>>>>>>>>>>>>>>>>>
>>>> Toolkit for HEP Event Generation - ThePEG 02e817c0868e (default) <<<<<<<<
>>>> Tue Feb  9 12:23:10 2021                                             <<<<
<<<<<<<<<<<<<<<<<<<<<<<<<<<<<<<<<<<<<<<<<<<<<<<<<<<<<<<<<<<<<<<<<<<<<<<<<<<<<<

>> Herwig d97e658e076a (default) / ThePEG 02e817c0868e (default)

==============================================================================
Statistics for event handler 'EventHandler':
                                       generated    number of    Cross-section
                                          events     attempts             (nb)
==============================================================================
Total (from attempted events): including vetoed events           0.347(2)e+06
==============================================================================
Total (from generated events):            10000        10002     0.347(2)e+06
Events carry unit weights.
==============================================================================
Per matrix element breakdown:
MEHeavyQuark                                6698         6700     0.233(2)e+06
MEHeavyQuark2                               3302         3302     0.115(2)e+06
==============================================================================
>>>>>>>>>>>>>>>>>>>>>>>>>>>>>>>>>>>>>>>>>>>>>>>>>>>>>>>>>>>>>>>>>>>>>>>>>>>>>>
>>>> Toolkit for HEP Event Generation - ThePEG 02e817c0868e (default) <<<<<<<<
>>>> Tue Feb  9 12:23:11 2021                                             <<<<
<<<<<<<<<<<<<<<<<<<<<<<<<<<<<<<<<<<<<<<<<<<<<<<<<<<<<<<<<<<<<<<<<<<<<<<<<<<<<<

>> Herwig d97e658e076a (default) / ThePEG 02e817c0868e (default)

==============================================================================
Statistics for event handler 'EventHandler':
                                       generated    number of    Cross-section
                                          events     attempts             (nb)
==============================================================================
Total (from attempted events): including vetoed events           0.347(2)e+06
==============================================================================
Total (from generated events):            10000        10002     0.347(2)e+06
Events carry unit weights.
==============================================================================
Per matrix element breakdown:
MEHeavyQuark                                6698         6700     0.233(2)e+06
MEHeavyQuark2                               3302         3302     0.115(2)e+06
==============================================================================
>>>>>>>>>>>>>>>>>>>>>>>>>>>>>>>>>>>>>>>>>>>>>>>>>>>>>>>>>>>>>>>>>>>>>>>>>>>>>>
>>>> Toolkit for HEP Event Generation - ThePEG 02e817c0868e (default) <<<<<<<<
>>>> Tue Feb  9 12:23:10 2021                                             <<<<
<<<<<<<<<<<<<<<<<<<<<<<<<<<<<<<<<<<<<<<<<<<<<<<<<<<<<<<<<<<<<<<<<<<<<<<<<<<<<<

>> Herwig d97e658e076a (default) / ThePEG 02e817c0868e (default)

==============================================================================
Statistics for event handler 'EventHandler':
                                       generated    number of    Cross-section
                                          events     attempts             (nb)
==============================================================================
Total (from attempted events): including vetoed events           0.347(2)e+06
==============================================================================
Total (from generated events):            10000        10002     0.347(2)e+06
Events carry unit weights.
==============================================================================
Per matrix element breakdown:
MEHeavyQuark                                6698         6700     0.233(2)e+06
MEHeavyQuark2                               3302         3302     0.115(2)e+06
==============================================================================
>>>>>>>>>>>>>>>>>>>>>>>>>>>>>>>>>>>>>>>>>>>>>>>>>>>>>>>>>>>>>>>>>>>>>>>>>>>>>>
>>>> Toolkit for HEP Event Generation - ThePEG 02e817c0868e (default) <<<<<<<<
>>>> Tue Feb  9 12:23:12 2021                                             <<<<
<<<<<<<<<<<<<<<<<<<<<<<<<<<<<<<<<<<<<<<<<<<<<<<<<<<<<<<<<<<<<<<<<<<<<<<<<<<<<<

>> Herwig d97e658e076a (default) / ThePEG 02e817c0868e (default)

==============================================================================
Statistics for event handler 'EventHandler':
                                       generated    number of    Cross-section
                                          events     attempts             (nb)
==============================================================================
Total (from attempted events): including vetoed events           0.347(2)e+06
==============================================================================
Total (from generated events):            10000        10002     0.347(2)e+06
Events carry unit weights.
==============================================================================
Per matrix element breakdown:
MEHeavyQuark                                6698         6700     0.233(2)e+06
MEHeavyQuark2                               3302         3302     0.115(2)e+06
==============================================================================
>>>>>>>>>>>>>>>>>>>>>>>>>>>>>>>>>>>>>>>>>>>>>>>>>>>>>>>>>>>>>>>>>>>>>>>>>>>>>>
>>>> Toolkit for HEP Event Generation - ThePEG 02e817c0868e (default) <<<<<<<<
>>>> Tue Feb  9 12:23:13 2021                                             <<<<
<<<<<<<<<<<<<<<<<<<<<<<<<<<<<<<<<<<<<<<<<<<<<<<<<<<<<<<<<<<<<<<<<<<<<<<<<<<<<<

>> Herwig d97e658e076a (default) / ThePEG 02e817c0868e (default)

==============================================================================
Statistics for event handler 'EventHandler':
                                       generated    number of    Cross-section
                                          events     attempts             (nb)
==============================================================================
Total (from attempted events): including vetoed events           0.347(2)e+06
==============================================================================
Total (from generated events):            10000        10002     0.347(2)e+06
Events carry unit weights.
==============================================================================
Per matrix element breakdown:
MEHeavyQuark                                6698         6700     0.233(2)e+06
MEHeavyQuark2                               3302         3302     0.115(2)e+06
==============================================================================
>>>>>>>>>>>>>>>>>>>>>>>>>>>>>>>>>>>>>>>>>>>>>>>>>>>>>>>>>>>>>>>>>>>>>>>>>>>>>>
>>>> Toolkit for HEP Event Generation - ThePEG 02e817c0868e (default) <<<<<<<<
>>>> Tue Feb  9 12:23:04 2021                                             <<<<
<<<<<<<<<<<<<<<<<<<<<<<<<<<<<<<<<<<<<<<<<<<<<<<<<<<<<<<<<<<<<<<<<<<<<<<<<<<<<<

>> Herwig d97e658e076a (default) / ThePEG 02e817c0868e (default)

==============================================================================
Statistics for event handler 'EventHandler':
                                       generated    number of    Cross-section
                                          events     attempts             (nb)
==============================================================================
Total (from attempted events): including vetoed events           0.347(2)e+06
==============================================================================
Total (from generated events):            10000        10002     0.347(2)e+06
Events carry unit weights.
==============================================================================
Per matrix element breakdown:
MEHeavyQuark                                6698         6700     0.233(2)e+06
MEHeavyQuark2                               3302         3302     0.115(2)e+06
==============================================================================
>>>>>>>>>>>>>>>>>>>>>>>>>>>>>>>>>>>>>>>>>>>>>>>>>>>>>>>>>>>>>>>>>>>>>>>>>>>>>>
>>>> Toolkit for HEP Event Generation - ThePEG 02e817c0868e (default) <<<<<<<<
>>>> Tue Feb  9 12:23:13 2021                                             <<<<
<<<<<<<<<<<<<<<<<<<<<<<<<<<<<<<<<<<<<<<<<<<<<<<<<<<<<<<<<<<<<<<<<<<<<<<<<<<<<<

>> Herwig d97e658e076a (default) / ThePEG 02e817c0868e (default)

==============================================================================
Statistics for event handler 'EventHandler':
                                       generated    number of    Cross-section
                                          events     attempts             (nb)
==============================================================================
Total (from attempted events): including vetoed events           0.347(2)e+06
==============================================================================
Total (from generated events):            10000        10002     0.347(2)e+06
Events carry unit weights.
==============================================================================
Per matrix element breakdown:
MEHeavyQuark                                6698         6700     0.233(2)e+06
MEHeavyQuark2                               3302         3302     0.115(2)e+06
==============================================================================
>>>>>>>>>>>>>>>>>>>>>>>>>>>>>>>>>>>>>>>>>>>>>>>>>>>>>>>>>>>>>>>>>>>>>>>>>>>>>>
>>>> Toolkit for HEP Event Generation - ThePEG 02e817c0868e (default) <<<<<<<<
>>>> Tue Feb  9 12:23:11 2021                                             <<<<
<<<<<<<<<<<<<<<<<<<<<<<<<<<<<<<<<<<<<<<<<<<<<<<<<<<<<<<<<<<<<<<<<<<<<<<<<<<<<<

>> Herwig d97e658e076a (default) / ThePEG 02e817c0868e (default)

==============================================================================
Statistics for event handler 'EventHandler':
                                       generated    number of    Cross-section
                                          events     attempts             (nb)
==============================================================================
Total (from attempted events): including vetoed events           0.347(2)e+06
==============================================================================
Total (from generated events):            10000        10002     0.347(2)e+06
Events carry unit weights.
==============================================================================
Per matrix element breakdown:
MEHeavyQuark                                6698         6700     0.233(2)e+06
MEHeavyQuark2                               3302         3302     0.115(2)e+06
==============================================================================
>>>>>>>>>>>>>>>>>>>>>>>>>>>>>>>>>>>>>>>>>>>>>>>>>>>>>>>>>>>>>>>>>>>>>>>>>>>>>>
>>>> Toolkit for HEP Event Generation - ThePEG 02e817c0868e (default) <<<<<<<<
>>>> Tue Feb  9 14:13:14 2021                                             <<<<
<<<<<<<<<<<<<<<<<<<<<<<<<<<<<<<<<<<<<<<<<<<<<<<<<<<<<<<<<<<<<<<<<<<<<<<<<<<<<<

>> Herwig d97e658e076a (default) / ThePEG 02e817c0868e (default)

==============================================================================
Statistics for event handler 'EventHandler':
                                       generated    number of    Cross-section
                                          events     attempts             (nb)
==============================================================================
Total (from attempted events): including vetoed events           0.347(2)e+06
==============================================================================
Total (from generated events):            10000        10002     0.347(2)e+06
Events carry unit weights.
==============================================================================
Per matrix element breakdown:
MEHeavyQuark                                6698         6700     0.233(2)e+06
MEHeavyQuark2                               3302         3302     0.115(2)e+06
==============================================================================
>>>>>>>>>>>>>>>>>>>>>>>>>>>>>>>>>>>>>>>>>>>>>>>>>>>>>>>>>>>>>>>>>>>>>>>>>>>>>>
>>>> Toolkit for HEP Event Generation - ThePEG 02e817c0868e (default) <<<<<<<<
>>>> Tue Feb  9 14:02:17 2021                                             <<<<
<<<<<<<<<<<<<<<<<<<<<<<<<<<<<<<<<<<<<<<<<<<<<<<<<<<<<<<<<<<<<<<<<<<<<<<<<<<<<<

>> Herwig d97e658e076a (default) / ThePEG 02e817c0868e (default)

==============================================================================
Statistics for event handler 'EventHandler':
                                       generated    number of    Cross-section
                                          events     attempts             (nb)
==============================================================================
Total (from attempted events): including vetoed events           0.347(2)e+06
==============================================================================
Total (from generated events):            10000        10002     0.347(2)e+06
Events carry unit weights.
==============================================================================
Per matrix element breakdown:
MEHeavyQuark                                6698         6700     0.233(2)e+06
MEHeavyQuark2                               3302         3302     0.115(2)e+06
==============================================================================
>>>>>>>>>>>>>>>>>>>>>>>>>>>>>>>>>>>>>>>>>>>>>>>>>>>>>>>>>>>>>>>>>>>>>>>>>>>>>>
>>>> Toolkit for HEP Event Generation - ThePEG 02e817c0868e (default) <<<<<<<<
>>>> Tue Feb  9 14:15:14 2021                                             <<<<
<<<<<<<<<<<<<<<<<<<<<<<<<<<<<<<<<<<<<<<<<<<<<<<<<<<<<<<<<<<<<<<<<<<<<<<<<<<<<<

>> Herwig d97e658e076a (default) / ThePEG 02e817c0868e (default)

==============================================================================
Statistics for event handler 'EventHandler':
                                       generated    number of    Cross-section
                                          events     attempts             (nb)
==============================================================================
Total (from attempted events): including vetoed events           0.347(2)e+06
==============================================================================
Total (from generated events):            10000        10002     0.347(2)e+06
Events carry unit weights.
==============================================================================
Per matrix element breakdown:
MEHeavyQuark                                6698         6700     0.233(2)e+06
MEHeavyQuark2                               3302         3302     0.115(2)e+06
==============================================================================
>>>>>>>>>>>>>>>>>>>>>>>>>>>>>>>>>>>>>>>>>>>>>>>>>>>>>>>>>>>>>>>>>>>>>>>>>>>>>>
>>>> Toolkit for HEP Event Generation - ThePEG 02e817c0868e (default) <<<<<<<<
>>>> Tue Feb  9 14:42:23 2021                                             <<<<
<<<<<<<<<<<<<<<<<<<<<<<<<<<<<<<<<<<<<<<<<<<<<<<<<<<<<<<<<<<<<<<<<<<<<<<<<<<<<<

>> Herwig d97e658e076a (default) / ThePEG 02e817c0868e (default)

==============================================================================
Statistics for event handler 'EventHandler':
                                       generated    number of    Cross-section
                                          events     attempts             (nb)
==============================================================================
Total (from attempted events): including vetoed events           0.347(2)e+06
==============================================================================
Total (from generated events):            10000        10002     0.347(2)e+06
Events carry unit weights.
==============================================================================
Per matrix element breakdown:
MEHeavyQuark                                6698         6700     0.233(2)e+06
MEHeavyQuark2                               3302         3302     0.115(2)e+06
==============================================================================
>>>>>>>>>>>>>>>>>>>>>>>>>>>>>>>>>>>>>>>>>>>>>>>>>>>>>>>>>>>>>>>>>>>>>>>>>>>>>>
>>>> Toolkit for HEP Event Generation - ThePEG 02e817c0868e (default) <<<<<<<<
>>>> Tue Feb  9 14:13:48 2021                                             <<<<
<<<<<<<<<<<<<<<<<<<<<<<<<<<<<<<<<<<<<<<<<<<<<<<<<<<<<<<<<<<<<<<<<<<<<<<<<<<<<<

>> Herwig d97e658e076a (default) / ThePEG 02e817c0868e (default)

==============================================================================
Statistics for event handler 'EventHandler':
                                       generated    number of    Cross-section
                                          events     attempts             (nb)
==============================================================================
Total (from attempted events): including vetoed events           0.347(2)e+06
==============================================================================
Total (from generated events):            10000        10002     0.347(2)e+06
Events carry unit weights.
==============================================================================
Per matrix element breakdown:
MEHeavyQuark                                6698         6700     0.233(2)e+06
MEHeavyQuark2                               3302         3302     0.115(2)e+06
==============================================================================
>>>>>>>>>>>>>>>>>>>>>>>>>>>>>>>>>>>>>>>>>>>>>>>>>>>>>>>>>>>>>>>>>>>>>>>>>>>>>>
>>>> Toolkit for HEP Event Generation - ThePEG 02e817c0868e (default) <<<<<<<<
>>>> Tue Feb  9 15:37:18 2021                                             <<<<
<<<<<<<<<<<<<<<<<<<<<<<<<<<<<<<<<<<<<<<<<<<<<<<<<<<<<<<<<<<<<<<<<<<<<<<<<<<<<<

>> Herwig d97e658e076a (default) / ThePEG 02e817c0868e (default)

==============================================================================
Statistics for event handler 'EventHandler':
                                       generated    number of    Cross-section
                                          events     attempts             (nb)
==============================================================================
Total (from attempted events): including vetoed events           0.347(2)e+06
==============================================================================
Total (from generated events):            10000        10002     0.347(2)e+06
Events carry unit weights.
==============================================================================
Per matrix element breakdown:
MEHeavyQuark                                6698         6700     0.233(2)e+06
MEHeavyQuark2                               3302         3302     0.115(2)e+06
==============================================================================
>>>>>>>>>>>>>>>>>>>>>>>>>>>>>>>>>>>>>>>>>>>>>>>>>>>>>>>>>>>>>>>>>>>>>>>>>>>>>>
>>>> Toolkit for HEP Event Generation - ThePEG 02e817c0868e (default) <<<<<<<<
>>>> Tue Feb  9 15:21:24 2021                                             <<<<
<<<<<<<<<<<<<<<<<<<<<<<<<<<<<<<<<<<<<<<<<<<<<<<<<<<<<<<<<<<<<<<<<<<<<<<<<<<<<<

>> Herwig d97e658e076a (default) / ThePEG 02e817c0868e (default)

==============================================================================
Statistics for event handler 'EventHandler':
                                       generated    number of    Cross-section
                                          events     attempts             (nb)
==============================================================================
Total (from attempted events): including vetoed events           0.347(2)e+06
==============================================================================
Total (from generated events):            10000        10002     0.347(2)e+06
Events carry unit weights.
==============================================================================
Per matrix element breakdown:
MEHeavyQuark                                6698         6700     0.233(2)e+06
MEHeavyQuark2                               3302         3302     0.115(2)e+06
==============================================================================
>>>>>>>>>>>>>>>>>>>>>>>>>>>>>>>>>>>>>>>>>>>>>>>>>>>>>>>>>>>>>>>>>>>>>>>>>>>>>>
>>>> Toolkit for HEP Event Generation - ThePEG 02e817c0868e (default) <<<<<<<<
>>>> Tue Feb  9 15:40:46 2021                                             <<<<
<<<<<<<<<<<<<<<<<<<<<<<<<<<<<<<<<<<<<<<<<<<<<<<<<<<<<<<<<<<<<<<<<<<<<<<<<<<<<<

>> Herwig d97e658e076a (default) / ThePEG 02e817c0868e (default)

==============================================================================
Statistics for event handler 'EventHandler':
                                       generated    number of    Cross-section
                                          events     attempts             (nb)
==============================================================================
Total (from attempted events): including vetoed events           0.347(2)e+06
==============================================================================
Total (from generated events):            10000        10002     0.347(2)e+06
Events carry unit weights.
==============================================================================
Per matrix element breakdown:
MEHeavyQuark                                6698         6700     0.233(2)e+06
MEHeavyQuark2                               3302         3302     0.115(2)e+06
==============================================================================
>>>>>>>>>>>>>>>>>>>>>>>>>>>>>>>>>>>>>>>>>>>>>>>>>>>>>>>>>>>>>>>>>>>>>>>>>>>>>>
>>>> Toolkit for HEP Event Generation - ThePEG 02e817c0868e (default) <<<<<<<<
>>>> Tue Feb  9 15:21:51 2021                                             <<<<
<<<<<<<<<<<<<<<<<<<<<<<<<<<<<<<<<<<<<<<<<<<<<<<<<<<<<<<<<<<<<<<<<<<<<<<<<<<<<<

>> Herwig d97e658e076a (default) / ThePEG 02e817c0868e (default)

==============================================================================
Statistics for event handler 'EventHandler':
                                       generated    number of    Cross-section
                                          events     attempts             (nb)
==============================================================================
Total (from attempted events): including vetoed events           0.347(2)e+06
==============================================================================
Total (from generated events):            10000        10002     0.347(2)e+06
Events carry unit weights.
==============================================================================
Per matrix element breakdown:
MEHeavyQuark                                6698         6700     0.233(2)e+06
MEHeavyQuark2                               3302         3302     0.115(2)e+06
==============================================================================
>>>>>>>>>>>>>>>>>>>>>>>>>>>>>>>>>>>>>>>>>>>>>>>>>>>>>>>>>>>>>>>>>>>>>>>>>>>>>>
>>>> Toolkit for HEP Event Generation - ThePEG 02e817c0868e (default) <<<<<<<<
>>>> Tue Feb  9 15:39:46 2021                                             <<<<
<<<<<<<<<<<<<<<<<<<<<<<<<<<<<<<<<<<<<<<<<<<<<<<<<<<<<<<<<<<<<<<<<<<<<<<<<<<<<<

>> Herwig d97e658e076a (default) / ThePEG 02e817c0868e (default)

==============================================================================
Statistics for event handler 'EventHandler':
                                       generated    number of    Cross-section
                                          events     attempts             (nb)
==============================================================================
Total (from attempted events): including vetoed events           0.347(2)e+06
==============================================================================
Total (from generated events):            10000        10002     0.347(2)e+06
Events carry unit weights.
==============================================================================
Per matrix element breakdown:
MEHeavyQuark                                6698         6700     0.233(2)e+06
MEHeavyQuark2                               3302         3302     0.115(2)e+06
==============================================================================
>>>>>>>>>>>>>>>>>>>>>>>>>>>>>>>>>>>>>>>>>>>>>>>>>>>>>>>>>>>>>>>>>>>>>>>>>>>>>>
>>>> Toolkit for HEP Event Generation - ThePEG 02e817c0868e (default) <<<<<<<<
>>>> Tue Feb  9 16:47:21 2021                                             <<<<
<<<<<<<<<<<<<<<<<<<<<<<<<<<<<<<<<<<<<<<<<<<<<<<<<<<<<<<<<<<<<<<<<<<<<<<<<<<<<<

>> Herwig d97e658e076a (default) / ThePEG 02e817c0868e (default)

==============================================================================
Statistics for event handler 'EventHandler':
                                       generated    number of    Cross-section
                                          events     attempts             (nb)
==============================================================================
Total (from attempted events): including vetoed events           0.347(2)e+06
==============================================================================
Total (from generated events):            10000        10002     0.347(2)e+06
Events carry unit weights.
==============================================================================
Per matrix element breakdown:
MEHeavyQuark                                6698         6700     0.233(2)e+06
MEHeavyQuark2                               3302         3302     0.115(2)e+06
==============================================================================
>>>>>>>>>>>>>>>>>>>>>>>>>>>>>>>>>>>>>>>>>>>>>>>>>>>>>>>>>>>>>>>>>>>>>>>>>>>>>>
>>>> Toolkit for HEP Event Generation - ThePEG 02e817c0868e (default) <<<<<<<<
>>>> Tue Feb  9 17:04:22 2021                                             <<<<
<<<<<<<<<<<<<<<<<<<<<<<<<<<<<<<<<<<<<<<<<<<<<<<<<<<<<<<<<<<<<<<<<<<<<<<<<<<<<<

>> Herwig d97e658e076a (default) / ThePEG 02e817c0868e (default)

==============================================================================
Statistics for event handler 'EventHandler':
                                       generated    number of    Cross-section
                                          events     attempts             (nb)
==============================================================================
Total (from attempted events): including vetoed events           0.347(2)e+06
==============================================================================
Total (from generated events):            10000        10002     0.347(2)e+06
Events carry unit weights.
==============================================================================
Per matrix element breakdown:
MEHeavyQuark                                6698         6700     0.233(2)e+06
MEHeavyQuark2                               3302         3302     0.115(2)e+06
==============================================================================
>>>>>>>>>>>>>>>>>>>>>>>>>>>>>>>>>>>>>>>>>>>>>>>>>>>>>>>>>>>>>>>>>>>>>>>>>>>>>>
>>>> Toolkit for HEP Event Generation - ThePEG 02e817c0868e (default) <<<<<<<<
>>>> Tue Feb  9 17:02:51 2021                                             <<<<
<<<<<<<<<<<<<<<<<<<<<<<<<<<<<<<<<<<<<<<<<<<<<<<<<<<<<<<<<<<<<<<<<<<<<<<<<<<<<<

>> Herwig d97e658e076a (default) / ThePEG 02e817c0868e (default)

==============================================================================
Statistics for event handler 'EventHandler':
                                       generated    number of    Cross-section
                                          events     attempts             (nb)
==============================================================================
Total (from attempted events): including vetoed events           0.347(2)e+06
==============================================================================
Total (from generated events):            10000        10002     0.347(2)e+06
Events carry unit weights.
==============================================================================
Per matrix element breakdown:
MEHeavyQuark                                6698         6700     0.233(2)e+06
MEHeavyQuark2                               3302         3302     0.115(2)e+06
==============================================================================
>>>>>>>>>>>>>>>>>>>>>>>>>>>>>>>>>>>>>>>>>>>>>>>>>>>>>>>>>>>>>>>>>>>>>>>>>>>>>>
>>>> Toolkit for HEP Event Generation - ThePEG 02e817c0868e (default) <<<<<<<<
>>>> Tue Feb  9 17:11:48 2021                                             <<<<
<<<<<<<<<<<<<<<<<<<<<<<<<<<<<<<<<<<<<<<<<<<<<<<<<<<<<<<<<<<<<<<<<<<<<<<<<<<<<<

>> Herwig d97e658e076a (default) / ThePEG 02e817c0868e (default)

==============================================================================
Statistics for event handler 'EventHandler':
                                       generated    number of    Cross-section
                                          events     attempts             (nb)
==============================================================================
Total (from attempted events): including vetoed events           0.347(2)e+06
==============================================================================
Total (from generated events):            10000        10002     0.347(2)e+06
Events carry unit weights.
==============================================================================
Per matrix element breakdown:
MEHeavyQuark                                6698         6700     0.233(2)e+06
MEHeavyQuark2                               3302         3302     0.115(2)e+06
==============================================================================
>>>>>>>>>>>>>>>>>>>>>>>>>>>>>>>>>>>>>>>>>>>>>>>>>>>>>>>>>>>>>>>>>>>>>>>>>>>>>>
>>>> Toolkit for HEP Event Generation - ThePEG 02e817c0868e (default) <<<<<<<<
>>>> Tue Feb  9 16:35:24 2021                                             <<<<
<<<<<<<<<<<<<<<<<<<<<<<<<<<<<<<<<<<<<<<<<<<<<<<<<<<<<<<<<<<<<<<<<<<<<<<<<<<<<<

>> Herwig d97e658e076a (default) / ThePEG 02e817c0868e (default)

==============================================================================
Statistics for event handler 'EventHandler':
                                       generated    number of    Cross-section
                                          events     attempts             (nb)
==============================================================================
Total (from attempted events): including vetoed events           0.347(2)e+06
==============================================================================
Total (from generated events):            10000        10002     0.347(2)e+06
Events carry unit weights.
==============================================================================
Per matrix element breakdown:
MEHeavyQuark                                6698         6700     0.233(2)e+06
MEHeavyQuark2                               3302         3302     0.115(2)e+06
==============================================================================
>>>>>>>>>>>>>>>>>>>>>>>>>>>>>>>>>>>>>>>>>>>>>>>>>>>>>>>>>>>>>>>>>>>>>>>>>>>>>>
>>>> Toolkit for HEP Event Generation - ThePEG 02e817c0868e (default) <<<<<<<<
>>>> Tue Feb  9 18:07:21 2021                                             <<<<
<<<<<<<<<<<<<<<<<<<<<<<<<<<<<<<<<<<<<<<<<<<<<<<<<<<<<<<<<<<<<<<<<<<<<<<<<<<<<<

>> Herwig d97e658e076a (default) / ThePEG 02e817c0868e (default)

==============================================================================
Statistics for event handler 'EventHandler':
                                       generated    number of    Cross-section
                                          events     attempts             (nb)
==============================================================================
Total (from attempted events): including vetoed events           0.347(2)e+06
==============================================================================
Total (from generated events):            10000        10002     0.347(2)e+06
Events carry unit weights.
==============================================================================
Per matrix element breakdown:
MEHeavyQuark                                6698         6700     0.233(2)e+06
MEHeavyQuark2                               3302         3302     0.115(2)e+06
==============================================================================
>>>>>>>>>>>>>>>>>>>>>>>>>>>>>>>>>>>>>>>>>>>>>>>>>>>>>>>>>>>>>>>>>>>>>>>>>>>>>>
>>>> Toolkit for HEP Event Generation - ThePEG 02e817c0868e (default) <<<<<<<<
>>>> Tue Feb  9 18:06:53 2021                                             <<<<
<<<<<<<<<<<<<<<<<<<<<<<<<<<<<<<<<<<<<<<<<<<<<<<<<<<<<<<<<<<<<<<<<<<<<<<<<<<<<<

>> Herwig d97e658e076a (default) / ThePEG 02e817c0868e (default)

==============================================================================
Statistics for event handler 'EventHandler':
                                       generated    number of    Cross-section
                                          events     attempts             (nb)
==============================================================================
Total (from attempted events): including vetoed events           0.347(2)e+06
==============================================================================
Total (from generated events):            10000        10002     0.347(2)e+06
Events carry unit weights.
==============================================================================
Per matrix element breakdown:
MEHeavyQuark                                6698         6700     0.233(2)e+06
MEHeavyQuark2                               3302         3302     0.115(2)e+06
==============================================================================
>>>>>>>>>>>>>>>>>>>>>>>>>>>>>>>>>>>>>>>>>>>>>>>>>>>>>>>>>>>>>>>>>>>>>>>>>>>>>>
>>>> Toolkit for HEP Event Generation - ThePEG 02e817c0868e (default) <<<<<<<<
>>>> Tue Feb  9 18:16:52 2021                                             <<<<
<<<<<<<<<<<<<<<<<<<<<<<<<<<<<<<<<<<<<<<<<<<<<<<<<<<<<<<<<<<<<<<<<<<<<<<<<<<<<<

>> Herwig d97e658e076a (default) / ThePEG 02e817c0868e (default)

==============================================================================
Statistics for event handler 'EventHandler':
                                       generated    number of    Cross-section
                                          events     attempts             (nb)
==============================================================================
Total (from attempted events): including vetoed events           0.347(2)e+06
==============================================================================
Total (from generated events):            10000        10002     0.347(2)e+06
Events carry unit weights.
==============================================================================
Per matrix element breakdown:
MEHeavyQuark                                6698         6700     0.233(2)e+06
MEHeavyQuark2                               3302         3302     0.115(2)e+06
==============================================================================
>>>>>>>>>>>>>>>>>>>>>>>>>>>>>>>>>>>>>>>>>>>>>>>>>>>>>>>>>>>>>>>>>>>>>>>>>>>>>>
>>>> Toolkit for HEP Event Generation - ThePEG 02e817c0868e (default) <<<<<<<<
>>>> Tue Feb  9 18:45:23 2021                                             <<<<
<<<<<<<<<<<<<<<<<<<<<<<<<<<<<<<<<<<<<<<<<<<<<<<<<<<<<<<<<<<<<<<<<<<<<<<<<<<<<<

>> Herwig d97e658e076a (default) / ThePEG 02e817c0868e (default)

==============================================================================
Statistics for event handler 'EventHandler':
                                       generated    number of    Cross-section
                                          events     attempts             (nb)
==============================================================================
Total (from attempted events): including vetoed events           0.347(2)e+06
==============================================================================
Total (from generated events):            10000        10002     0.347(2)e+06
Events carry unit weights.
==============================================================================
Per matrix element breakdown:
MEHeavyQuark                                6698         6700     0.233(2)e+06
MEHeavyQuark2                               3302         3302     0.115(2)e+06
==============================================================================
>>>>>>>>>>>>>>>>>>>>>>>>>>>>>>>>>>>>>>>>>>>>>>>>>>>>>>>>>>>>>>>>>>>>>>>>>>>>>>
>>>> Toolkit for HEP Event Generation - ThePEG 02e817c0868e (default) <<<<<<<<
>>>> Tue Feb  9 18:52:50 2021                                             <<<<
<<<<<<<<<<<<<<<<<<<<<<<<<<<<<<<<<<<<<<<<<<<<<<<<<<<<<<<<<<<<<<<<<<<<<<<<<<<<<<

>> Herwig d97e658e076a (default) / ThePEG 02e817c0868e (default)

==============================================================================
Statistics for event handler 'EventHandler':
                                       generated    number of    Cross-section
                                          events     attempts             (nb)
==============================================================================
Total (from attempted events): including vetoed events           0.347(2)e+06
==============================================================================
Total (from generated events):            10000        10002     0.347(2)e+06
Events carry unit weights.
==============================================================================
Per matrix element breakdown:
MEHeavyQuark                                6698         6700     0.233(2)e+06
MEHeavyQuark2                               3302         3302     0.115(2)e+06
==============================================================================
